C251 COMPILER V5.60.0,  uart                                                               10/04/24  11:51:03  PAGE 1   


C251 COMPILER V5.60.0, COMPILATION OF MODULE uart
OBJECT MODULE PLACED IN .\Out_File\uart.obj
COMPILER INVOKED BY: C:\Keil_v5\C251\BIN\C251.EXE ..\USER\src\uart.c XSMALL INTR2 WARNINGLEVEL(3) OPTIMIZE(0,SPEED) BROW
                    -SE INCDIR(..\..\Libraries\libraries;..\..\Libraries\seekfree_libraries;..\..\Libraries\seekfree_peripheral;..\CODE;..\US
                    -ER\inc;..\USER\src;..\..\Libraries\seekfree_components) DEBUG PRINT(.\Out_File\uart.lst) TABS(2) OBJECT(.\Out_File\uart.
                    -obj) 

stmt  level    source

    1          #include <STC32G.h>
    2          #include <STDIO.H>
    3          #include <INTRINS.H>
    4          #include "uart.h"
    5          #include "laser_ranging.h"
    6          
    7          unsigned char uart1_tx_counter, uart2_tx_counter, uart3_tx_counter, uart4_tx_counter;   // å‘é€è®¡æ•°
    8          unsigned char uart1_rx_counter, uart2_rx_counter, uart3_rx_counter, uart4_rx_counter;   // æ¥æ”¶è®¡æ•°
    9          bit           uart1_tx_busy, uart2_tx_busy, uart3_tx_busy, uart4_tx_busy;               // å‘é€å¿™æ ‡å¿
             -—
   10          unsigned char uart1_rx_buffer[UART1_BUF_LENGTH];                                        // æ¥æ”¶ç¼“å†²
   11          unsigned char uart2_rx_buffer[UART2_BUF_LENGTH];                                        // æ¥æ”¶ç¼“å†²
   12          unsigned char uart3_rx_buffer[UART3_BUF_LENGTH];                                        // æ¥æ”¶ç¼“å†²
   13          unsigned char uart4_rx_buffer[UART4_BUF_LENGTH];                                        // æ¥æ”¶ç¼“å†²
   14          
   15          void uart_port_init(void)
   16          {
   17   1        P_SW1 |= 0xc0;            //UART1/USART1: RxD(P4.3), TxD(P4.4)
   18   1        P_SW2 &= ~0x01;           //UART2/USART2: RxD2(P1.0), TxD2(P1.1)
   19   1      }
   20          
   21          void uart_initialize(unsigned char uart_num)
   22          {
   23   1          switch(uart_num)
   24   1          {
   25   2              case 1:
   26   2                SCON = 0x50;    // 8ä½æ•°æ®,å¯å˜æ³¢ç‰¹ç‡
   27   2                  AUXR |= 0x01;   // ä¸²å£1é€‰æ‹©å®šæ—¶å™¨2ä¸ºæ³¢ç‰¹ç‡å‘ç”Ÿå™¨
   28   2                  AUXR |= 0x04;   // å®šæ—¶å™¨æ—¶é’Ÿ1Tæ¨¡å¼
   29   2                  T2L = 0xA0;     // è®¾ç½®å®šæ—¶åˆå§‹å€¼
   30   2                  T2H = 0xFC;     // è®¾ç½®å®šæ—¶åˆå§‹å€¼
   31   2                  AUXR |= 0x10;   // å®šæ—¶å™¨2å¼€å§‹è®¡æ—¶
   32   2                  ES = 1;       // ä½¿èƒ½ä¸²å£1ä¸­æ–­
   33   2                  break;
   34   2      
   35   2              case 2:
   36   2                S2CON = 0x50;   // 8ä½æ•°æ®,å¯å˜æ³¢ç‰¹ç‡
   37   2                  AUXR |= 0x04;   // å®šæ—¶å™¨æ—¶é’Ÿ1Tæ¨¡å¼
   38   2                  T2L = 0xA0;     // è®¾ç½®å®šæ—¶åˆå§‹å€¼
   39   2                  T2H = 0xFC;     // è®¾ç½®å®šæ—¶åˆå§‹å€¼
   40   2                  AUXR |= 0x10;   // å®šæ—¶å™¨2å¼€å§‹è®¡æ—¶
   41   2                  IE2 |= 0x01;    // ä½¿èƒ½ä¸²å£2ä¸­æ–­
   42   2                  break;
   43   2      
   44   2              default:
   45   2                  break;
   46   2          }
   47   1      }
   48          
   49          void uart_sendstring(unsigned char uart_num, unsigned char *puts)
   50          {
   51   1          switch(uart_num)
   52   1          {
   53   2              case 1:
   54   2                  for (; *puts != 0;  puts++)                     // é‡åˆ°åœæ­¢ç¬¦0ç»“æŸ
   55   2                  {
C251 COMPILER V5.60.0,  uart                                                               10/04/24  11:51:03  PAGE 2   

   56   3                      SBUF = *puts;
   57   3                      uart1_tx_busy = 1;
   58   3                      while(uart1_tx_busy);
   59   3                  }
   60   2                  break;
   61   2              case 2:
   62   2                  for (; *puts != 0;  puts++)                     // é‡åˆ°åœæ­¢ç¬¦0ç»“æŸ
   63   2                  {
   64   3                      S2BUF = *puts;
   65   3                      uart2_tx_busy = 1;
   66   3                      while(uart2_tx_busy);
   67   3                  }
   68   2                  break;
   69   2              case 3:
   70   2                  for (; *puts != 0;  puts++)                     // é‡åˆ°åœæ­¢ç¬¦0ç»“æŸ
   71   2                  {
   72   3                      S3BUF = *puts;
   73   3                      uart3_tx_busy = 1;
   74   3                      while(uart3_tx_busy);
   75   3                  }
   76   2                  break;
   77   2              case 4:
   78   2                  for (; *puts != 0;  puts++)                     // é‡åˆ°åœæ­¢ç¬¦0ç»“æŸ
   79   2                  {
   80   3                      S4BUF = *puts;
   81   3                      uart4_tx_busy = 1;
   82   3                      while(uart4_tx_busy);
   83   3                  }
   84   2                  break;
   85   2              default:
   86   2                  break;
   87   2          }
   88   1      }
   89          
   90          void uart_sendcmd(unsigned char uart_num, unsigned char *bytes, unsigned char length)
   91          {
   92   1          unsigned char i;
   93   1          switch(uart_num)
   94   1          {
   95   2              case 1:
   96   2                  for (i = 0; i < length; i++)
   97   2                  {
   98   3                      SBUF = bytes[i];
   99   3                      uart1_tx_busy = 1;
  100   3                      while(uart1_tx_busy);
  101   3                  }
  102   2              case 2:
  103   2                  for (i = 0; i < length; i++)
  104   2                  {
  105   3                      S2BUF = bytes[i];
  106   3                      uart2_tx_busy = 1;
  107   3                      while(uart2_tx_busy);
  108   3                  }
  109   2              case 3:
  110   2                  for (i = 0; i < length; i++)
  111   2                  {
  112   3                      S3BUF = bytes[i];
  113   3                      uart3_tx_busy = 1;
  114   3                      while(uart3_tx_busy);
  115   3                  }
  116   2              case 4:
  117   2                  for (i = 0; i < length; i++)
  118   2                  {
  119   3                      S4BUF = bytes[i];
  120   3                      uart4_tx_busy = 1;
  121   3                      while(uart4_tx_busy);
C251 COMPILER V5.60.0,  uart                                                               10/04/24  11:51:03  PAGE 3   

  122   3                  }
  123   2              default:
  124   2                  break;
  125   2          }
  126   1      }
  127          
  128          void uart1_isr(void) interrupt 4
  129          {
  130   1        if (TI)
  131   1        {
  132   2          TI = 0;
  133   2              uart1_tx_busy = 0;
  134   2        }
  135   1        if (RI)
  136   1        {
  137   2          RI = 0;
  138   2              uart1_rx_buffer[uart1_rx_counter++] = SBUF;
  139   2              if(uart1_rx_counter >= UART1_BUF_LENGTH) uart1_rx_counter = 0;    // é˜²æ­¢è¶Šç•Œ
  140   2      
  141   2              // ä»¥ä¸Šä¸ºæ™®é€šä¸²å£ä¸­æ–­ä»£ç ï¼Œä»¥ä¸‹æ˜¯ä¸ºæ¿€å…‰æµ‹è·ä»ªè®¾è®¡çš„å¤„ç†ä»£ç 
  142   2              laser_ranging_irqhandler('x');
  143   2          }
  144   1      }
  145          
  146          
  147          void uart2_isr(void) interrupt 8                                            // ä¸²å£2çš„ä¸­æ–­å‡½æ•°
  148          {
  149   1        if (S2CON & 0x02)                                                     // æ£€æµ‹ä¸²å£2å‘é€ä¸­æ–­
  150   1        {
  151   2          S2CON &= ~0x02;                                                   // æ¸…é™¤ä¸²å£2å‘é€ä¸­æ–­è¯·æ±‚ä½
  152   2              uart2_tx_busy = 0;                                                  // å‘é€ç©ºé—²æ ‡å¿—ä½
  153   2        }
  154   1        if (S2CON & 0x01)                                                     // æ£€æµ‹ä¸²å£2æ¥æ”¶ä¸­æ–­
  155   1        {
  156   2          S2CON &= ~0x01;                                                     // æ¸…é™¤ä¸²å£2æ¥æ”¶ä¸­æ–­è¯·æ±‚ä
             -½
  157   2              uart2_rx_buffer[uart2_rx_counter] = S2BUF;                          // æ¥æ”¶æ•°æ®å­˜å…¥ç¼“å†²åŒ
             -º
  158   2              if(++uart2_rx_counter >= UART2_BUF_LENGTH) uart2_rx_counter = 0;    // ç¼“å†²åŒºæ»¡, å¾ªç¯
  159   2        }
  160   1      }
  161          
  162          void uart3_isr(void) interrupt 17                                           // ä¸²å£3çš„ä¸­æ–­å‡½æ•°
  163          {
  164   1        if (S3CON & 0x02)                                                     // æ£€æµ‹ä¸²å£3å‘é€ä¸­æ–­
  165   1        {
  166   2          S3CON &= ~0x02;                                                     // æ¸…é™¤ä¸²å£3å‘é€ä¸­æ–­è¯·æ±‚ä
             -½
  167   2              uart3_tx_busy = 0;                                                  // å‘é€ç©ºé—²æ ‡å¿—ä½
  168   2        }
  169   1        if (S3CON & 0x01)                                                     // æ£€æµ‹ä¸²å£3æ¥æ”¶ä¸­æ–­
  170   1        {
  171   2          S3CON &= ~0x01;                                                     // æ¸…é™¤ä¸²å£3æ¥æ”¶ä¸­æ–­è¯·æ±‚ä
             -½
  172   2              uart3_rx_buffer[uart3_rx_counter] = S3BUF;                          // æ¥æ”¶æ•°æ®å­˜å…¥ç¼“å†²åŒ
             -º
  173   2              if(++uart3_rx_counter >= UART3_BUF_LENGTH) uart3_rx_counter = 0;    // ç¼“å†²åŒºæ»¡, å¾ªç¯
  174   2        }
  175   1      }
  176          
  177          void uart4_isr(void) interrupt 18                                           // ä¸²å£4çš„ä¸­æ–­å‡½æ•°
  178          {
  179   1        if (S4CON & 0x02)                                                     // æ£€æµ‹ä¸²å£4å‘é€ä¸­æ–­
  180   1        {
  181   2          S4CON &= ~0x02;                                                     // æ¸…é™¤ä¸²å£4å‘é€ä¸­æ–­è¯·æ±‚ä
             -½
C251 COMPILER V5.60.0,  uart                                                               10/04/24  11:51:03  PAGE 4   

  182   2              uart4_tx_busy = 0;                                                  // å‘é€ç©ºé—²æ ‡å¿—ä½
  183   2        }
  184   1        if (S4CON & 0x01)                                                     // æ£€æµ‹ä¸²å£4æ¥æ”¶ä¸­æ–­
  185   1        {
  186   2          S4CON &= ~0x01;                                                     // æ¸…é™¤ä¸²å£4æ¥æ”¶ä¸­æ–­è¯·æ±‚ä
             -½
  187   2              uart4_rx_buffer[uart4_rx_counter] = S4BUF;                          // æ¥æ”¶æ•°æ®å­˜å…¥ç¼“å†²åŒ
             -º
  188   2              if(++uart4_rx_counter >= UART4_BUF_LENGTH) uart4_rx_counter = 0;    // ç¼“å†²åŒºæ»¡, å¾ªç¯
  189   2        }
  190   1      }
  191          
  192          void uart_running(unsigned char uart_num)
  193          {
  194   1          switch(uart_num)
  195   1          {
  196   2              case 1:
  197   2                  if((uart1_tx_counter != uart1_rx_counter) && (!uart1_tx_busy))          // æ”¶åˆ°æ•°æ®, å‘é
             -€ç©ºé—²
  198   2                  {
  199   3                      SBUF = uart1_rx_buffer[uart1_tx_counter];                           // å‘é€æ•°æ®
  200   3                      uart1_tx_busy = 1;                                                  // æ ‡è®°å¿™
  201   3                      if(++uart1_tx_counter >= UART1_BUF_LENGTH) uart1_tx_counter = 0;    // å¾ªç¯
  202   3                  }
  203   2                  break;
  204   2              case 2:
  205   2                  if((uart2_tx_counter != uart2_rx_counter) && (!uart2_tx_busy))          // æ”¶åˆ°æ•°æ®, å‘é
             -€ç©ºé—²
  206   2                  {
  207   3                      S2BUF = uart2_rx_buffer[uart2_tx_counter];                          // å‘é€æ•°æ®
  208   3                      uart2_tx_busy = 1;                                                  // æ ‡è®°å¿™
  209   3                      if(++uart2_tx_counter >= UART2_BUF_LENGTH) uart2_tx_counter = 0;    // å¾ªç¯
  210   3                  }
  211   2                  break;
  212   2              case 3:
  213   2                  if((uart3_tx_counter != uart3_rx_counter) && (!uart3_tx_busy))          // æ”¶åˆ°æ•°æ®, å‘é
             -€ç©ºé—²
  214   2                  {
  215   3                      S3BUF = uart3_rx_buffer[uart3_tx_counter];                          // å‘é€æ•°æ®
  216   3                      uart3_tx_busy = 1;                                                  // æ ‡è®°å¿™
  217   3                      if(++uart3_tx_counter >= UART3_BUF_LENGTH) uart3_tx_counter = 0;    // å¾ªç¯
  218   3                  }
  219   2                  break;
  220   2              case 4:
  221   2                  if((uart4_tx_counter != uart4_rx_counter) && (!uart4_tx_busy))          // æ”¶åˆ°æ•°æ®, å‘é
             -€ç©ºé—²
  222   2                  {
  223   3                      S4BUF = uart4_rx_buffer[uart4_tx_counter];                          // å‘é€æ•°æ®
  224   3                      uart4_tx_busy = 1;                                                  // æ ‡è®°å¿™
  225   3                      if(++uart4_tx_counter >= UART4_BUF_LENGTH) uart4_tx_counter = 0;    // å¾ªç¯
  226   3                  }
  227   2                  break;
  228   2              default:
  229   2                  break;
  230   2          }
  231   1      }


Module Information          Static   Overlayable
------------------------------------------------
  code size            =      1137     ------
  ecode size           =    ------     ------
  data size            =    ------     ------
  idata size           =    ------     ------
  pdata size           =    ------     ------
  xdata size           =    ------     ------
  xdata-const size     =    ------     ------
C251 COMPILER V5.60.0,  uart                                                               10/04/24  11:51:03  PAGE 5   

  edata size           =        86     ------
  bit size             =         4     ------
  ebit size            =    ------     ------
  bitaddressable size  =    ------     ------
  ebitaddressable size =    ------     ------
  far data size        =    ------     ------
  huge data size       =    ------     ------
  const size           =    ------     ------
  hconst size          =    ------     ------
End of Module Information.


C251 COMPILATION COMPLETE.  0 WARNING(S),  0 ERROR(S)
