C251 COMPILER V5.60.0,  host_comm                                                          15/04/24  18:38:55  PAGE 1   


C251 COMPILER V5.60.0, COMPILATION OF MODULE host_comm
OBJECT MODULE PLACED IN .\Out_File\host_comm.obj
COMPILER INVOKED BY: C:\Keil_v5\C251\BIN\C251.EXE Project\CODE\host_comm.c XSMALL INTR2 WARNINGLEVEL(3) OPTIMIZE(0,SPEED
                    -) BROWSE INCDIR(Libraries\libraries;Libraries\seekfree_libraries;Libraries\seekfree_peripheral;Project\CODE;Project\USER
                    -\inc;Project\USER\src;Libraries\seekfree_components) DEBUG PRINT(.\Out_File\host_comm.lst) TABS(2) OBJECT(.\Out_File\hos
                    -t_comm.obj) 

stmt  level    source

*** WARNING C38 IN LINE 1 OF Project\CODE\host_comm.c: empty translation unit


Module Information          Static   Overlayable
------------------------------------------------
  code size            =    ------     ------
  ecode size           =    ------     ------
  data size            =    ------     ------
  idata size           =    ------     ------
  pdata size           =    ------     ------
  xdata size           =    ------     ------
  xdata-const size     =    ------     ------
  edata size           =    ------     ------
  bit size             =    ------     ------
  ebit size            =    ------     ------
  bitaddressable size  =    ------     ------
  ebitaddressable size =    ------     ------
  far data size        =    ------     ------
  huge data size       =    ------     ------
  const size           =    ------     ------
  hconst size          =    ------     ------
End of Module Information.


C251 COMPILATION COMPLETE.  1 WARNING(S),  0 ERROR(S)
