C251 COMPILER V5.60.0,  servo                                                              30/04/24  13:29:28  PAGE 1   


C251 COMPILER V5.60.0, COMPILATION OF MODULE servo
OBJECT MODULE PLACED IN .\Out_File\servo.obj
COMPILER INVOKED BY: C:\Keil_v5\C251\BIN\C251.EXE Project\HAL\servo.c XSMALL INTR2 WARNINGLEVEL(3) OPTIMIZE(0,SPEED) BRO
                    -WSE INCDIR(Libraries\libraries;Libraries\seekfree_libraries;Libraries\seekfree_peripheral;Project\CODE;Project\USER\inc;
                    -Project\USER\src;Libraries\seekfree_components;.\Project\HAL) DEBUG PRINT(.\Out_File\servo.lst) TABS(2) OBJECT(.\Out_Fil
                    -e\servo.obj) 

stmt  level    source

*** WARNING C38 IN LINE 1 OF Project\HAL\servo.c: empty translation unit


Module Information          Static   Overlayable
------------------------------------------------
  code size            =    ------     ------
  ecode size           =    ------     ------
  data size            =    ------     ------
  idata size           =    ------     ------
  pdata size           =    ------     ------
  xdata size           =    ------     ------
  xdata-const size     =    ------     ------
  edata size           =    ------     ------
  bit size             =    ------     ------
  ebit size            =    ------     ------
  bitaddressable size  =    ------     ------
  ebitaddressable size =    ------     ------
  far data size        =    ------     ------
  huge data size       =    ------     ------
  const size           =    ------     ------
  hconst size          =    ------     ------
End of Module Information.


C251 COMPILATION COMPLETE.  1 WARNING(S),  0 ERROR(S)
