C251 COMPILER V5.60.0,  stepper                                                            04/05/24  13:35:58  PAGE 1   


C251 COMPILER V5.60.0, COMPILATION OF MODULE stepper
OBJECT MODULE PLACED IN .\Out_File\stepper.obj
COMPILER INVOKED BY: C:\Keil_v5\C251\BIN\C251.EXE Project\HAL\stepper.c XSMALL INTR2 WARNINGLEVEL(3) OPTIMIZE(0,SPEED) B
                    -ROWSE INCDIR(Libraries\libraries;Libraries\seekfree_libraries;Libraries\seekfree_peripheral;Project\CODE;Project\USER\in
                    -c;Project\USER\src;Libraries\seekfree_components;.\Project\HAL) DEBUG PRINT(.\Out_File\stepper.lst) TABS(2) OBJECT(.\Out
                    -_File\stepper.obj) 

stmt  level    source

    1          #include "headfile.h"
    2          #include "hal.h"
    3          
    4          
    5          sbit stepper_en = STEPPER_EN;
    6          
    7          void stepper_init(void)
    8          {
    9   1          stepper_en = 1;
   10   1          pwm_init(PWM_STEPPER_PORT, PWM_STEPPER_FREQ, 0);
   11   1      }
   12          
   13          // void stepper_adjust(int step)
   14          // {
   15          
   16          // }


Module Information          Static   Overlayable
------------------------------------------------
  code size            =        21     ------
  ecode size           =    ------     ------
  data size            =    ------     ------
  idata size           =    ------     ------
  pdata size           =    ------     ------
  xdata size           =    ------     ------
  xdata-const size     =    ------     ------
  edata size           =    ------     ------
  bit size             =    ------     ------
  ebit size            =    ------     ------
  bitaddressable size  =    ------     ------
  ebitaddressable size =    ------     ------
  far data size        =    ------     ------
  huge data size       =    ------     ------
  const size           =    ------     ------
  hconst size          =    ------     ------
End of Module Information.


C251 COMPILATION COMPLETE.  0 WARNING(S),  0 ERROR(S)
