C251 COMPILER V5.60.0,  uart                                                               04/05/24  13:13:44  PAGE 1   


C251 COMPILER V5.60.0, COMPILATION OF MODULE uart
OBJECT MODULE PLACED IN .\Out_File\uart.obj
COMPILER INVOKED BY: C:\Keil_v5\C251\BIN\C251.EXE Project\CODE\uart.c XSMALL INTR2 WARNINGLEVEL(3) OPTIMIZE(0,SPEED) BRO
                    -WSE INCDIR(Libraries\libraries;Libraries\seekfree_libraries;Libraries\seekfree_peripheral;Project\CODE;Project\USER\inc;
                    -Project\USER\src;Libraries\seekfree_components;.\Project\HAL) DEBUG PRINT(.\Out_File\uart.lst) TABS(2) OBJECT(.\Out_File
                    -\uart.obj) 

stmt  level    source

    1          #include "headfile.h"
    2          #include "hal.h"
    3          
    4          unsigned char   uart1_tx_counter, uart2_tx_counter, uart3_tx_counter, uart4_tx_counter;   // å‘é€è®¡æ•°
    5          unsigned char   uart1_rx_counter, uart2_rx_counter, uart3_rx_counter, uart4_rx_counter;   // æ¥æ”¶è®¡æ•°
    6          bit             uart1_tx_busy, uart2_tx_busy, uart3_tx_busy, uart4_tx_busy;               // å‘é€å¿™æ ‡
             -å¿—
    7          unsigned char   uart1_tx_buffer_from_uart2[16], 
    8                          uart1_tx_buffer_from_uart3[16], 
    9                          uart1_tx_buffer_from_uart4[16]; // å‘é€ç¼“å†²
   10          unsigned char   uart1_tx_buffer_from_uart2_index, 
   11                          uart1_tx_buffer_from_uart3_index, 
   12                          uart1_tx_buffer_from_uart4_index; // å‘é€ç¼“å†²ç´¢å¼•
   13          unsigned char   uart1_rx_buffer[UART1_BUF_LENGTH];                                        // æ¥æ”¶ç¼“å†²
   14          unsigned char   uart2_rx_buffer[UART2_BUF_LENGTH];                                        // æ¥æ”¶ç¼“å†²
   15          unsigned char   uart3_rx_buffer[UART3_BUF_LENGTH];                                        // æ¥æ”¶ç¼“å†²
   16          unsigned char   uart4_rx_buffer[UART4_BUF_LENGTH];                                        // æ¥æ”¶ç¼“å†²
   17          bit             uart1_cr, uart2_cr, uart3_cr, uart4_cr;                                   // å›è½¦æ ‡å¿—
   18          bit             uart1_lf, uart2_lf, uart3_lf, uart4_lf;                                   // æ¢è¡Œæ ‡å¿—
   19          bit             uart1_rx_rdy, uart2_rx_rdy, uart3_rx_rdy, uart4_rx_rdy;                   // æ¥æ”¶æ•°æ®
             -å‡†å¤‡å¥½æ ‡å¿—
   20          
   21          void uart_port_init(void)
   22          {
   23   1        P_SW1 |= 0xc0;            //UART1/USART1: RxD(P4.3), TxD(P4.4)
   24   1        P_SW2 |= 0x01;            //UART2/USART2: RxD2(P4.6), TxD2(P4.7)
   25   1      }
   26          
   27          void uart_initialize(unsigned char uart_num)
   28          {
   29   1          switch(uart_num)
   30   1          {
   31   2              case 1:
   32   2                SCON = 0x50;    // 8ä½æ•°æ®,å¯å˜æ³¢ç‰¹ç‡
   33   2                  AUXR |= 0x01;   // ä¸²å£1é€‰æ‹©å®šæ—¶å™¨2ä¸ºæ³¢ç‰¹ç‡å‘ç”Ÿå™¨
   34   2                  AUXR |= 0x04;   // å®šæ—¶å™¨æ—¶é’Ÿ1Tæ¨¡å¼
   35   2                  T2L = 0xA0;     // è®¾ç½®å®šæ—¶åˆå§‹å€¼
   36   2                  T2H = 0xFC;     // è®¾ç½®å®šæ—¶åˆå§‹å€¼
   37   2                  AUXR |= 0x10;   // å®šæ—¶å™¨2å¼€å§‹è®¡æ—¶
   38   2                  ES = 1;       // ä½¿èƒ½ä¸²å£1ä¸­æ–­
   39   2                  break;
   40   2      
   41   2              case 2:
   42   2                S2CON = 0x50;   // 8ä½æ•°æ®,å¯å˜æ³¢ç‰¹ç‡
   43   2                  AUXR |= 0x04;   // å®šæ—¶å™¨æ—¶é’Ÿ1Tæ¨¡å¼
   44   2                  T2L = 0xA0;     // è®¾ç½®å®šæ—¶åˆå§‹å€¼
   45   2                  T2H = 0xFC;     // è®¾ç½®å®šæ—¶åˆå§‹å€¼
   46   2                  AUXR |= 0x10;   // å®šæ—¶å™¨2å¼€å§‹è®¡æ—¶
   47   2                  IE2 |= 0x01;    // ä½¿èƒ½ä¸²å£2ä¸­æ–­
   48   2                  break;
   49   2      
   50   2              default:
   51   2                  break;
   52   2          }
   53   1      }
   54          
C251 COMPILER V5.60.0,  uart                                                               04/05/24  13:13:44  PAGE 2   

   55          void uart_sendstring(unsigned char uart_num, unsigned char *puts)
   56          {
   57   1          switch(uart_num)
   58   1          {
   59   2              case 1:
   60   2                  for (; *puts != 0;  puts++)                     // é‡åˆ°åœæ­¢ç¬¦0ç»“æŸ
   61   2                  {
   62   3                      SBUF = *puts;
   63   3                      uart1_tx_busy = 1;
   64   3                      while(uart1_tx_busy);
   65   3                  }
   66   2                  break;
   67   2              case 2:
   68   2                  for (; *puts != 0;  puts++)                     // é‡åˆ°åœæ­¢ç¬¦0ç»“æŸ
   69   2                  {
   70   3                      S2BUF = *puts;
   71   3                      uart2_tx_busy = 1;
   72   3                      while(uart2_tx_busy);
   73   3                  }
   74   2                  break;
   75   2              case 3:
   76   2                  for (; *puts != 0;  puts++)                     // é‡åˆ°åœæ­¢ç¬¦0ç»“æŸ
   77   2                  {
   78   3                      S3BUF = *puts;
   79   3                      uart3_tx_busy = 1;
   80   3                      while(uart3_tx_busy);
   81   3                  }
   82   2                  break;
   83   2              case 4:
   84   2                  for (; *puts != 0;  puts++)                     // é‡åˆ°åœæ­¢ç¬¦0ç»“æŸ
   85   2                  {
   86   3                      S4BUF = *puts;
   87   3                      uart4_tx_busy = 1;
   88   3                      while(uart4_tx_busy);
   89   3                  }
   90   2                  break;
   91   2              default:
   92   2                  break;
   93   2          }
   94   1      }
   95          
   96          void uart_sendcmd(unsigned char uart_num, unsigned char *bytes, unsigned char length)
   97          {
   98   1          unsigned char i;
   99   1          switch(uart_num)
  100   1          {
  101   2              case 1:
  102   2                  for (i = 0; i < length; i++)
  103   2                  {
  104   3                      SBUF = bytes[i];
  105   3                      uart1_tx_busy = 1;
  106   3                      while(uart1_tx_busy);
  107   3                  }
  108   2                  break;
  109   2              case 2:
  110   2                  for (i = 0; i < length; i++)
  111   2                  {
  112   3                      S2BUF = bytes[i];
  113   3                      uart2_tx_busy = 1;
  114   3                      while(uart2_tx_busy);
  115   3                  }
  116   2                  break;
  117   2              case 3:
  118   2                  for (i = 0; i < length; i++)
  119   2                  {
  120   3                      S3BUF = bytes[i];
C251 COMPILER V5.60.0,  uart                                                               04/05/24  13:13:44  PAGE 3   

  121   3                      uart3_tx_busy = 1;
  122   3                      while(uart3_tx_busy);
  123   3                  }
  124   2                  break;
  125   2              case 4:
  126   2                  for (i = 0; i < length; i++)
  127   2                  {
  128   3                      S4BUF = bytes[i];
  129   3                      uart4_tx_busy = 1;
  130   3                      while(uart4_tx_busy);
  131   3                  }
  132   2                  break;
  133   2              default:
  134   2                  break;
  135   2          }
  136   1      }
  137          
  138          void uart_sendbyte(unsigned char uart_num, unsigned char byte)
  139          {
  140   1          switch(uart_num)
  141   1          {
  142   2              case 1:
  143   2                  SBUF = byte;
  144   2                  uart1_tx_busy = 1;
  145   2                  while(uart1_tx_busy);
  146   2                  break;
  147   2              case 2:
  148   2                  S2BUF = byte;
  149   2                  uart2_tx_busy = 1;
  150   2                  while(uart2_tx_busy);
  151   2                  break;
  152   2              case 3:
  153   2                  S3BUF = byte;
  154   2                  uart3_tx_busy = 1;
  155   2                  while(uart3_tx_busy);
  156   2                  break;
  157   2              case 4:
  158   2                  S4BUF = byte;
  159   2                  uart4_tx_busy = 1;
  160   2                  while(uart4_tx_busy);
  161   2                  break;
  162   2              default:
  163   2                  break;
  164   2          }
  165   1      }
  166          
  167          void uart1_isr(void) interrupt 4
  168          {
  169   1        if (TI)
  170   1        {
  171   2          TI = 0;
  172   2              uart1_tx_busy = 0;
  173   2        }
  174   1        if (RI)
  175   1        {
  176   2          RI = 0;
  177   2              uart1_rx_buffer[uart1_rx_counter] = SBUF;
  178   2      
  179   2              // ---------------- æ”¾ç½®ä¸“ç”¨ä¸²å£ä¸­æ–­å¤„ç†ä»£ç å‡½æ•° ------------------
  180   2              if((uart1_rx_buffer[uart1_rx_counter - 1] == 'A') && (uart1_rx_buffer[uart1_rx_counter] == 'T'))
  181   2              {
  182   3                  memset(uart1_rx_buffer, '\0', sizeof(uart1_rx_buffer));
  183   3                  uart1_rx_buffer[0] = 'A';
  184   3                  uart1_rx_buffer[1] = 'T';
  185   3                  uart1_rx_counter = 1;       // é‡ç½®è®¡æ•°å™¨ï¼Œä»ç¼“å†²åŒºå¤´éƒ¨å¼€å§‹å†™å…¥å‰©ä½™çš„å‘½ä»
             -¤
C251 COMPILER V5.60.0,  uart                                                               04/05/24  13:13:44  PAGE 4   

  186   3              }
  187   2              if((uart1_rx_buffer[uart1_rx_counter - 1] == '\r') && (uart1_rx_buffer[uart1_rx_counter] == '\n')
             -)
  188   2              {
  189   3                  host_comm_irqhandler();     // å½“æ£€æµ‹åˆ°\r\nä»£è¡¨å‘½ä»¤æ¥æ”¶å®Œæ¯•ï¼Œè°ƒç”¨host_comm_irq
             -handler()å¤„ç†å‘½ä»¤
  190   3              }
  191   2              // ------------------------ ä¸“ç”¨ä»£ç ç»“æŸ --------------------------
  192   2              if(++uart1_rx_counter >= UART1_BUF_LENGTH) uart1_rx_counter = 0;     // ç¼“å†²åŒºæ»¡, å¾ªç¯
  193   2          }
  194   1      }
  195          
  196          
  197          void uart2_isr(void) interrupt 8                                            // ä¸²å£2çš„ä¸­æ–­å‡½æ•°
  198          {
  199   1        if (S2CON & 0x02)                                                     // æ£€æµ‹ä¸²å£2å‘é€ä¸­æ–­
  200   1        {
  201   2          S2CON &= ~0x02;                                                   // æ¸…é™¤ä¸²å£2å‘é€ä¸­æ–­è¯·æ±‚ä½
  202   2              uart2_tx_busy = 0;                                                  // å‘é€ç©ºé—²æ ‡å¿—ä½
  203   2        }
  204   1        if (S2CON & 0x01)                                                     // æ£€æµ‹ä¸²å£2æ¥æ”¶ä¸­æ–­
  205   1        {
  206   2          S2CON &= ~0x01;                                                     // æ¸…é™¤ä¸²å£2æ¥æ”¶ä¸­æ–­è¯·æ±‚ä
             -½
  207   2              uart2_rx_buffer[uart2_rx_counter] = S2BUF;                          // æ¥æ”¶æ•°æ®å­˜å…¥ç¼“å†²åŒ
             -º        
  208   2              
  209   2              // ---------------- æ”¾ç½®ä¸“ç”¨ä¸²å£ä¸­æ–­å¤„ç†ä»£ç å‡½æ•° ------------------
  210   2              // laser_ranging_irqhandler('x');
  211   2              // if(uart2_rx_buffer[uart2_rx_counter] == 0x80)
  212   2              // {
  213   2              //     uart1_tx_buffer_from_uart2[0] = 0x91;
  214   2              //     uart1_tx_buffer_from_uart2[1] = uart2_rx_buffer[uart2_rx_counter];
  215   2              //     uart1_tx_buffer_from_uart2_index = 2;
  216   2              // }
  217   2              // uart1_tx_buffer_from_uart2[uart1_tx_buffer_from_uart2_index++] = S2BUF;
  218   2              // ------------------------ ä¸“ç”¨ä»£ç ç»“æŸ --------------------------
  219   2      
  220   2              if(++uart2_rx_counter >= UART2_BUF_LENGTH) uart2_rx_counter = 0;      // ç¼“å†²åŒºæ»¡, å¾ªç¯
  221   2        }
  222   1      }
  223          
  224          void uart3_isr(void) interrupt 17                                           // ä¸²å£3çš„ä¸­æ–­å‡½æ•°
  225          {
  226   1        if (S3CON & 0x02)                                                     // æ£€æµ‹ä¸²å£3å‘é€ä¸­æ–­
  227   1        {
  228   2          S3CON &= ~0x02;                                                     // æ¸…é™¤ä¸²å£3å‘é€ä¸­æ–­è¯·æ±‚ä
             -½
  229   2              uart3_tx_busy = 0;                                                  // å‘é€ç©ºé—²æ ‡å¿—ä½
  230   2        }
  231   1        if (S3CON & 0x01)                                                     // æ£€æµ‹ä¸²å£3æ¥æ”¶ä¸­æ–­
  232   1        {
  233   2          S3CON &= ~0x01;                                                     // æ¸…é™¤ä¸²å£3æ¥æ”¶ä¸­æ–­è¯·æ±‚ä
             -½
  234   2              uart3_rx_buffer[uart3_rx_counter] = S3BUF;                          // æ¥æ”¶æ•°æ®å­˜å…¥ç¼“å†²åŒ
             -º
  235   2      
  236   2              // ---------------- æ”¾ç½®ä¸“ç”¨ä¸²å£ä¸­æ–­å¤„ç†ä»£ç å‡½æ•° ------------------
  237   2              // laser_ranging_irqhandler('y');
  238   2              // if(uart3_rx_buffer[uart3_rx_counter] == 0x80)
  239   2              // {
  240   2              //     uart1_tx_buffer_from_uart3[0] = 0x92;
  241   2              //     uart1_tx_buffer_from_uart3[1] = uart3_rx_buffer[uart3_rx_counter];
  242   2              //     uart1_tx_buffer_from_uart3_index = 2;
  243   2              // }
  244   2              // uart1_tx_buffer_from_uart3[uart1_tx_buffer_from_uart3_index++] = S3BUF;
C251 COMPILER V5.60.0,  uart                                                               04/05/24  13:13:44  PAGE 5   

  245   2              // ------------------------ ä¸“ç”¨ä»£ç ç»“æŸ --------------------------
  246   2      
  247   2              if(++uart3_rx_counter >= UART3_BUF_LENGTH) uart3_rx_counter = 0;    // ç¼“å†²åŒºæ»¡, å¾ªç¯
  248   2        }
  249   1      }
  250          
  251          void uart4_isr(void) interrupt 18                                           // ä¸²å£4çš„ä¸­æ–­å‡½æ•°
  252          {
  253   1        if (S4CON & 0x02)                                                     // æ£€æµ‹ä¸²å£4å‘é€ä¸­æ–­
  254   1        {
  255   2          S4CON &= ~0x02;                                                     // æ¸…é™¤ä¸²å£4å‘é€ä¸­æ–­è¯·æ±‚ä
             -½
  256   2              uart4_tx_busy = 0;                                                  // å‘é€ç©ºé—²æ ‡å¿—ä½
  257   2        }
  258   1        if (S4CON & 0x01)                                                     // æ£€æµ‹ä¸²å£4æ¥æ”¶ä¸­æ–­
  259   1        {
  260   2          S4CON &= ~0x01;                                                     // æ¸…é™¤ä¸²å£4æ¥æ”¶ä¸­æ–­è¯·æ±‚ä
             -½
  261   2              uart4_rx_buffer[uart4_rx_counter] = S4BUF;                          // æ¥æ”¶æ•°æ®å­˜å…¥ç¼“å†²åŒ
             -º
  262   2              // ---------------- æ”¾ç½®ä¸“ç”¨ä¸²å£ä¸­æ–­å¤„ç†ä»£ç å‡½æ•° ------------------
  263   2              // uart1_tx_buffer_from_uart4 = S4BUF;
  264   2              // if(uart4_rx_buffer[uart4_rx_counter] == 0x55)
  265   2              // {
  266   2              //     memset(uart4_rx_buffer, '\0', sizeof(uart4_rx_buffer));
  267   2              //     uart4_rx_buffer[0] = 0x55;
  268   2              //     uart4_rx_counter = 0;       // é‡ç½®è®¡æ•°å™¨ï¼Œå†™å…¥å‰©ä½™çš„æ•°æ®
  269   2              // }
  270   2              // if(uart4_rx_counter == 11)
  271   2              // {
  272   2              //     led_1 = 1;
  273   2              //     wt61_data_parse(uart4_rx_buffer);
  274   2              // }
  275   2              // ------------------------ ä¸“ç”¨ä»£ç ç»“æŸ --------------------------
  276   2              if(++uart4_rx_counter >= UART4_BUF_LENGTH) uart4_rx_counter = 0;      // ç¼“å†²åŒºæ»¡, å¾ªç¯
  277   2        }
  278   1      }
  279          
  280          void uart_running(unsigned char uart_num)
  281          {
  282   1          switch(uart_num)
  283   1          {
  284   2              case 1:
  285   2                  if((uart1_tx_counter != uart1_rx_counter) && (!uart1_tx_busy))          // æ”¶åˆ°æ•°æ®, å‘é
             -€ç©ºé—²
  286   2                  {
  287   3                      SBUF = uart1_rx_buffer[uart1_tx_counter];                           // å‘é€æ•°æ®
  288   3                      uart1_tx_busy = 1;                                                  // æ ‡è®°å¿™
  289   3                      if(++uart1_tx_counter >= UART1_BUF_LENGTH) uart1_tx_counter = 0;    // å¾ªç¯
  290   3                  }
  291   2                  break;
  292   2              case 2:
  293   2                  if((uart2_tx_counter != uart2_rx_counter) && (!uart2_tx_busy))          // æ”¶åˆ°æ•°æ®, å‘é
             -€ç©ºé—²
  294   2                  {
  295   3                      S2BUF = uart2_rx_buffer[uart2_tx_counter];                          // å‘é€æ•°æ®
  296   3                      uart2_tx_busy = 1;                                                  // æ ‡è®°å¿™
  297   3                      if(++uart2_tx_counter >= UART2_BUF_LENGTH) uart2_tx_counter = 0;    // å¾ªç¯
  298   3                  }
  299   2                  break;
  300   2              case 3:
  301   2                  if((uart3_tx_counter != uart3_rx_counter) && (!uart3_tx_busy))          // æ”¶åˆ°æ•°æ®, å‘é
             -€ç©ºé—²
  302   2                  {
  303   3                      S3BUF = uart3_rx_buffer[uart3_tx_counter];                          // å‘é€æ•°æ®
  304   3                      uart3_tx_busy = 1;                                                  // æ ‡è®°å¿™
C251 COMPILER V5.60.0,  uart                                                               04/05/24  13:13:44  PAGE 6   

  305   3                      if(++uart3_tx_counter >= UART3_BUF_LENGTH) uart3_tx_counter = 0;    // å¾ªç¯
  306   3                  }
  307   2                  break;
  308   2              case 4:
  309   2                  if((uart4_tx_counter != uart4_rx_counter) && (!uart4_tx_busy))          // æ”¶åˆ°æ•°æ®, å‘é
             -€ç©ºé—²
  310   2                  {
  311   3                      S4BUF = uart4_rx_buffer[uart4_tx_counter];                          // å‘é€æ•°æ®
  312   3                      uart4_tx_busy = 1;                                                  // æ ‡è®°å¿™
  313   3                      if(++uart4_tx_counter >= UART4_BUF_LENGTH) uart4_tx_counter = 0;    // å¾ªç¯
  314   3                  }
  315   2                  break;
  316   2              default:
  317   2                  break;
  318   2          }
  319   1      }
  320          
  321          void uart_tx_send_buffer()
  322          {
  323   1          if(uart1_tx_buffer_from_uart2_index >= 12)
  324   1          {
  325   2              uart_sendstring(1, uart1_tx_buffer_from_uart2);
  326   2              // uart1_tx_buffer_from_uart2 = [];
  327   2          }
  328   1      
  329   1          if(uart1_tx_buffer_from_uart3_index >= 12)
  330   1          {
  331   2              uart_sendstring(1, uart1_tx_buffer_from_uart3);
  332   2          }
  333   1      
  334   1          // if(uart1_tx_buffer_from_uart4)
  335   1          // {
  336   1          //     uart_sendbyte(1, uart1_tx_buffer_from_uart4);
  337   1          //     uart1_tx_buffer_from_uart4 = 0;
  338   1          // }
  339   1      }


Module Information          Static   Overlayable
------------------------------------------------
  code size            =      1373     ------
  ecode size           =    ------     ------
  data size            =    ------     ------
  idata size           =    ------     ------
  pdata size           =    ------     ------
  xdata size           =    ------     ------
  xdata-const size     =    ------     ------
  edata size           =       331     ------
  bit size             =        16     ------
  ebit size            =    ------     ------
  bitaddressable size  =    ------     ------
  ebitaddressable size =    ------     ------
  far data size        =    ------     ------
  huge data size       =    ------     ------
  const size           =    ------     ------
  hconst size          =    ------     ------
End of Module Information.


C251 COMPILATION COMPLETE.  0 WARNING(S),  0 ERROR(S)
