C251 COMPILER V5.60.0,  ui                                                                 21/04/24  18:35:08  PAGE 1   


C251 COMPILER V5.60.0, COMPILATION OF MODULE ui
OBJECT MODULE PLACED IN .\Out_File\ui.obj
COMPILER INVOKED BY: C:\Keil_v5\C251\BIN\C251.EXE Project\CODE\ui.c XSMALL INTR2 WARNINGLEVEL(3) OPTIMIZE(0,SPEED) BROWS
                    -E INCDIR(Libraries\libraries;Libraries\seekfree_libraries;Libraries\seekfree_peripheral;Project\CODE;Project\USER\inc;Pr
                    -oject\USER\src;Libraries\seekfree_components) DEBUG PRINT(.\Out_File\ui.lst) TABS(2) OBJECT(.\Out_File\ui.obj) 

stmt  level    source

    1          #include "ui.h"
    2          #include "headfile.h"
    3          
    4          unsigned char ui_loading_index = 0;
    5          unsigned char ui_loading_char[4] = {'/', '-', '\\', '|'};
    6          
    7          void ui_init()
    8          {
    9   1          oled_p6x8str_spi(0, 0, "CYBERCART");
   10   1          oled_p6x8str_spi(0, 1, "DEBUG");
   11   1          oled_p6x8str_spi(6*18, 0, "VER");
   12   1          oled_p6x8str_spi(6*18, 1, "1.0");
   13   1          
   14   1          keys_ui_init();                 // 初始化按键UI
*** WARNING C140 IN LINE 14 OF Project\CODE\ui.c: 'keys_ui_init' undefined; assuming 'extern int keys_ui_init()'
   15   1      }
   16          
   17          void ui_running_init_timer()
   18          {                           //500毫秒@33.1776MHz
   19   1        TM0PS = 0x15;     //设置定时器时钟预分频 ( 注意:并非所有系列都有此寄存器,详情请查看数据手册 )
   20   1        AUXR &= 0x7F;     //定时器时钟12T模式
   21   1        TMOD &= 0xF0;     //设置定时器模式
   22   1        TL0 = 0x8C;       //设置定时初始值
   23   1        TH0 = 0x0A;       //设置定时初始值
   24   1        TF0 = 0;        //清除TF0标志
   25   1        TR0 = 1;        //定时器0开始计时
   26   1        ET0 = 1;        //使能定时器0中断
   27   1      }
   28          
   29          
   30          void ui_running_timer_isr() interrupt 1
   31          {
   32   1          ui_running();
   33   1      }
   34          
   35          void ui_running()
   36          {
   37   1          ui_loading_index++;
   38   1          if(ui_loading_index > 3) ui_loading_index = 0;
   39   1          oled_p6x8str_spi(7, 20*6, ui_loading_char[ui_loading_index]);
*** WARNING C40 IN LINE 39 OF Project\CODE\ui.c: 'unsigned char' converted to 'far' pointer
   40   1      }


Module Information          Static   Overlayable
------------------------------------------------
  code size            =       208     ------
  ecode size           =    ------     ------
  data size            =    ------     ------
  idata size           =    ------     ------
  pdata size           =    ------     ------
  xdata size           =    ------     ------
  xdata-const size     =    ------     ------
  edata size           =         5     ------
  bit size             =    ------     ------
  ebit size            =    ------     ------
  bitaddressable size  =    ------     ------
  ebitaddressable size =    ------     ------
C251 COMPILER V5.60.0,  ui                                                                 21/04/24  18:35:08  PAGE 2   

  far data size        =    ------     ------
  huge data size       =    ------     ------
  const size           =    ------     ------
  hconst size          =        37     ------
End of Module Information.


C251 COMPILATION COMPLETE.  2 WARNING(S),  0 ERROR(S)
