C251 COMPILER V5.60.0,  main                                                               15/04/24  16:07:40  PAGE 1   


C251 COMPILER V5.60.0, COMPILATION OF MODULE main
OBJECT MODULE PLACED IN .\Out_File\main.obj
COMPILER INVOKED BY: C:\Keil_v5\C251\BIN\C251.EXE Project\USER\src\main.c XSMALL INTR2 WARNINGLEVEL(3) OPTIMIZE(0,SPEED)
                    - BROWSE INCDIR(Libraries\libraries;Libraries\seekfree_libraries;Libraries\seekfree_peripheral;Project\CODE;Project\USER\
                    -inc;Project\USER\src;Libraries\seekfree_components) DEBUG PRINT(.\Out_File\main.lst) TABS(2) OBJECT(.\Out_File\main.obj)
                    - 

stmt  level    source

    1          // 引脚定义写在文档中，不再使用注释备注
    2          
    3          #include "headfile.h"
    4          #include "laser_ranging.h"
    5          #include "motor_driver_boards.h"     // 电机驱动板头文件
    6          #include "key.h"
    7          // #include "lsm303_sw.h"
    8          
    9          void gpio_init()
   10          {
   11   1          gpio_mode(P6, GPO_PP);          // 配置 P6.0~P6.7 为推挽输出
   12   1          gpio_mode(P3, GPO_PP);          // 配置 P3.0~P3.7 为推挽输出
   13   1          gpio_mode(P1, GPO_PP);          // 配置 P1.0~P1.7 为推挽输出
   14   1      }
   15          
   16          void qmc5883_init()
   17          {
   18   1          // 初始化串口，使用串口3，波特率460800
   19   1          uart_init(UART_3, UART3_RX_P50, UART3_TX_P51, 460800, TIM_3);
   20   1      }
   21          
   22          void main()
   23          {   
   24   1        board_init();             // 初始化寄存器,勿删除此句代码。
   25   1      
   26   1          gpio_init();                    // 初始化GPIO，使得P4和P6正确输出
   27   1          oled_init_spi();                // 初始化OLED显示屏
   28   1      
   29   1          keys_ui_init();                 // 初始化按键UI
   30   1      
   31   1          oled_p8x16str_spi(0, 0, "QMC5883L");
   32   1          oled_p6x8str_spi(0, 2, "MagX:");
   33   1          oled_p6x8str_spi(0, 3, "MagY:");
   34   1          oled_p6x8str_spi(0, 4, "MagZ:");
   35   1          oled_p6x8str_spi(0, 5, "Yaw:");
   36   1      
   37   1          qmc5883_init();                 // 初始化QMC5883L传感器
   38   1      
   39   1          while(1)
   40   1          {
   41   2              // oled_printf_int32_spi(5*6, 2, qmc5883_magx, 4);
   42   2              // oled_printf_int32_spi(5*6, 3, qmc5883_magy, 4);
   43   2              // oled_printf_int32_spi(5*6, 4, qmc5883_magz, 4);
   44   2              // oled_printf_float_spi(4*6, 5, qmc5883_yaw, 3, 2);
   45   2              oled_p6x8str_spi(5*6, 2, qmc5883_char_magx);
   46   2              oled_p6x8str_spi(5*6, 3, qmc5883_char_magy);
   47   2              oled_p6x8str_spi(5*6, 4, qmc5883_char_magz);
   48   2              oled_p6x8str_spi(4*6, 5, qmc5883_char_yaw);
   49   2              delay_ms(100);
   50   2          }
   51   1      }
   52          
   53          
   54          /********************************************************************************************************
             -*************
   55           * COPYRIGHT NOTICE
C251 COMPILER V5.60.0,  main                                                               15/04/24  16:07:40  PAGE 2   

   56           * Copyright (c) 2020,逐飞科技
   57           * All rights reserved.
   58           * 技术讨论QQ群：一群：179029047(已满)  二群：244861897(已满)  三群：824575535
   59           *
   60           * 以下所有内容版权均属逐飞科技所有，未经允许不得用于商业用途，
   61           * 欢迎各位使用并传播本程序，修改内容时必须保留逐飞科技的版权声明。
   62           *
   63           * @file          main
   64           * @company       成都逐飞科技有限公司
   65           * @author        逐飞科技(QQ790875685)
   66           * @version       查看doc内version文件 版本说明
   67           * @Software    MDK FOR C251 V5.60
   68           * @Target core   STC32G12K128
   69           * @Taobao      https://seekfree.taobao.com/
   70           * @date          2020-12-18
   71           ********************************************************************************************************
             -************/


Module Information          Static   Overlayable
------------------------------------------------
  code size            =       213     ------
  ecode size           =    ------     ------
  data size            =    ------     ------
  idata size           =    ------     ------
  pdata size           =    ------     ------
  xdata size           =    ------     ------
  xdata-const size     =    ------     ------
  edata size           =    ------     ------
  bit size             =    ------     ------
  ebit size            =    ------     ------
  bitaddressable size  =    ------     ------
  ebitaddressable size =    ------     ------
  far data size        =    ------     ------
  huge data size       =    ------     ------
  const size           =    ------     ------
  hconst size          =        32     ------
End of Module Information.


C251 COMPILATION COMPLETE.  0 WARNING(S),  0 ERROR(S)
