Build target 'STC32G12K128'
compiling main.c...
compiling uart.c...
compiling isr.c...
compiling key.c...
compiling ui.c...
compiling seekfree_assistant.c...
Libraries\seekfree_components\seekfree_assistant.c(1): error C318: can't open file 'Libraries\seekfree_components\seekfree_assistant.c'
compiling seekfree_assistant_inface.c...
Libraries\seekfree_components\seekfree_assistant_inface.c(1): error C318: can't open file 'Libraries\seekfree_components\seekfree_assistant_inface.c'
compiling host_comm.c...
Project\HAL\host_comm.c(83): warning C47: 'oled_row': unreferenced local variable
Project\HAL\host_comm.c(84): warning C47: 'oled_txt': unreferenced local variable
compiling laser_ranging.c...
compiling motor_driver_boards.c...
compiling qmc5883.c...
compiling servo.c...
compiling stepper.c...
compiling wt61.c...
Target not created.
Build Time Elapsed:  00:00:02
