[2024-04-28 18:31:07] : Begin
--------------------
*MCUTYPE* : STC32G12K128
*MCUID* : F7E3C923007DAD
*FILENAME* : E:\RoboContest\#CyberCartMCU\CyberCart\Out_File\SEEKFREE.hex
*FILETIME* : 2024年04月28日, 18:31:00
*FILESIZE* : 123161 (0x01E119)
*CODESIZE* : 108291 (0x01A703)
*CHECKSUM* : 0x0132C99A
*ISPMODE* : 2
*ISPRESULT* : 0
--------------------
[2024-04-28 18:31:19] : End
--------------------------------------------------
[2024-04-28 18:31:55] : Begin
--------------------
*MCUTYPE* : STC32G12K128
*MCUID* : F7E3C923007DAD
*FILENAME* : E:\RoboContest\#CyberCartMCU\CyberCart\Out_File\SEEKFREE.hex
*FILETIME* : 2024年04月28日, 18:31:54
*FILESIZE* : 123198 (0x01E13E)
*CODESIZE* : 108303 (0x01A70F)
*CHECKSUM* : 0x0132D795
*ISPMODE* : 2
*ISPRESULT* : 0
--------------------
[2024-04-28 18:32:08] : End
--------------------------------------------------
[2024-04-28 18:37:59] : Begin
--------------------
*MCUTYPE* : STC32G12K128
*MCUID* : F7E3C923007DAD
*FILENAME* : E:\RoboContest\#CyberCartMCU\CyberCart\Out_File\SEEKFREE.hex
*FILETIME* : 2024年04月28日, 18:37:59
*FILESIZE* : 123198 (0x01E13E)
*CODESIZE* : 108303 (0x01A70F)
*CHECKSUM* : 0x0132D795
*ISPMODE* : 2
*ISPRESULT* : 0
--------------------
[2024-04-28 18:38:16] : End
--------------------------------------------------
[2024-04-28 18:55:35] : Begin
--------------------
*MCUTYPE* : STC32G12K128
*MCUID* : F7E3C923007DAD
*FILENAME* : E:\RoboContest\#CyberCartMCU\CyberCart\Out_File\SEEKFREE.hex
*FILETIME* : 2024年04月28日, 18:55:34
*FILESIZE* : 123452 (0x01E23C)
*CODESIZE* : 108391 (0x01A767)
*CHECKSUM* : 0x013316FD
*ISPMODE* : 2
*ISPRESULT* : 0
--------------------
[2024-04-28 18:55:46] : End
--------------------------------------------------
[2024-04-28 18:56:42] : Begin
--------------------
*MCUTYPE* : STC32G12K128
*MCUID* : F7E3C923007DAD
*FILENAME* : E:\RoboContest\#CyberCartMCU\CyberCart\Out_File\SEEKFREE.hex
*FILETIME* : 2024年04月28日, 18:56:42
*FILESIZE* : 123607 (0x01E2D7)
*CODESIZE* : 108449 (0x01A7A1)
*CHECKSUM* : 0x01336242
*ISPMODE* : 2
*ISPRESULT* : 0
--------------------
[2024-04-28 18:56:55] : End
--------------------------------------------------
[2024-04-28 18:57:45] : Begin
--------------------
*MCUTYPE* : STC32G12K128
*MCUID* : F7E3C923007DAD
*FILENAME* : E:\RoboContest\#CyberCartMCU\CyberCart\Out_File\SEEKFREE.hex
*FILETIME* : 2024年04月28日, 18:57:44
*FILESIZE* : 123591 (0x01E2C7)
*CODESIZE* : 108441 (0x01A799)
*CHECKSUM* : 0x01335D96
*ISPMODE* : 2
*ISPRESULT* : 0
--------------------
[2024-04-28 18:57:57] : End
--------------------------------------------------
[2024-04-28 18:59:14] : Begin
--------------------
*MCUTYPE* : STC32G12K128
*MCUID* : F7E3C923007DAD
*FILENAME* : E:\RoboContest\#CyberCartMCU\CyberCart\Out_File\SEEKFREE.hex
*FILETIME* : 2024年04月28日, 18:59:12
*FILESIZE* : 123605 (0x01E2D5)
*CODESIZE* : 108448 (0x01A7A0)
*CHECKSUM* : 0x0133683A
*ISPMODE* : 2
*ISPRESULT* : 0
--------------------
[2024-04-28 18:59:26] : End
--------------------------------------------------
[2024-04-28 19:12:02] : Begin
--------------------
*MCUTYPE* : STC32G12K128
*FILENAME* : E:\RoboContest\#CyberCartMCU\CyberCart\Out_File\SEEKFREE.hex
*FILETIME* : 2024年04月28日, 19:12:00
*FILESIZE* : 123636 (0x01E2F4)
*CODESIZE* : 108457 (0x01A7A9)
*CHECKSUM* : 0x01335B90
*ISPMODE* : 2
*ISPRESULT* : 3
--------------------
[2024-04-28 19:12:08] : End
--------------------------------------------------
[2024-04-28 19:12:10] : Begin
--------------------
*MCUTYPE* : STC32G12K128
*MCUID* : F7E3C923007DAD
*FILENAME* : E:\RoboContest\#CyberCartMCU\CyberCart\Out_File\SEEKFREE.hex
*FILETIME* : 2024年04月28日, 19:12:00
*FILESIZE* : 123636 (0x01E2F4)
*CODESIZE* : 108457 (0x01A7A9)
*CHECKSUM* : 0x01335B90
*ISPMODE* : 2
*ISPRESULT* : 0
--------------------
[2024-04-28 19:12:20] : End
--------------------------------------------------
[2024-04-28 19:19:20] : Begin
--------------------
*MCUTYPE* : STC32G12K128
*FILENAME* : E:\RoboContest\#CyberCartMCU\CyberCart\Out_File\SEEKFREE.hex
*FILETIME* : 2024年04月28日, 19:19:18
*FILESIZE* : 123685 (0x01E325)
*CODESIZE* : 108475 (0x01A7BB)
*CHECKSUM* : 0x0133523A
*ISPMODE* : 2
*ISPRESULT* : -1
--------------------
[2024-04-28 19:19:23] : End
--------------------------------------------------
[2024-04-28 19:19:27] : Begin
--------------------
*MCUTYPE* : STC32G12K128
*MCUID* : F7E3C923007DAD
*FILENAME* : E:\RoboContest\#CyberCartMCU\CyberCart\Out_File\SEEKFREE.hex
*FILETIME* : 2024年04月28日, 19:19:18
*FILESIZE* : 123685 (0x01E325)
*CODESIZE* : 108475 (0x01A7BB)
*CHECKSUM* : 0x0133523A
*ISPMODE* : 2
*ISPRESULT* : 0
--------------------
[2024-04-28 19:19:38] : End
--------------------------------------------------
[2024-04-28 19:21:01] : Begin
--------------------
*MCUTYPE* : STC32G12K128
*MCUID* : F7E3C923007DAD
*FILENAME* : E:\RoboContest\#CyberCartMCU\CyberCart\Out_File\SEEKFREE.hex
*FILETIME* : 2024年04月28日, 19:21:00
*FILESIZE* : 123822 (0x01E3AE)
*CODESIZE* : 108524 (0x01A7EC)
*CHECKSUM* : 0x01331F8F
*ISPMODE* : 2
*ISPRESULT* : 0
--------------------
[2024-04-28 19:21:14] : End
--------------------------------------------------
[2024-04-28 19:26:51] : Begin
--------------------
*MCUTYPE* : STC32G12K128
*MCUID* : F7E3C923007DAD
*FILENAME* : E:\RoboContest\#CyberCartMCU\CyberCart\Out_File\SEEKFREE.hex
*FILETIME* : 2024年04月28日, 19:26:50
*FILESIZE* : 123822 (0x01E3AE)
*CODESIZE* : 108524 (0x01A7EC)
*CHECKSUM* : 0x013320C5
*ISPMODE* : 2
*ISPRESULT* : 0
--------------------
[2024-04-28 19:27:03] : End
--------------------------------------------------
[2024-04-28 19:32:14] : Begin
--------------------
*MCUTYPE* : STC32G12K128
*FILENAME* : E:\RoboContest\#CyberCartMCU\CyberCart\Out_File\SEEKFREE.hex
*FILETIME* : 2024年04月28日, 19:32:12
*FILESIZE* : 123879 (0x01E3E7)
*CODESIZE* : 108546 (0x01A802)
*CHECKSUM* : 0x01330CB9
*ISPMODE* : 2
*ISPRESULT* : 3
--------------------
[2024-04-28 19:32:14] : End
--------------------------------------------------
[2024-04-28 19:32:24] : Begin
--------------------
*MCUTYPE* : STC32G12K128
*MCUID* : F7E3C923007DAD
*FILENAME* : E:\RoboContest\#CyberCartMCU\CyberCart\Out_File\SEEKFREE.hex
*FILETIME* : 2024年04月28日, 19:32:23
*FILESIZE* : 123879 (0x01E3E7)
*CODESIZE* : 108546 (0x01A802)
*CHECKSUM* : 0x01330CB9
*ISPMODE* : 2
*ISPRESULT* : 0
--------------------
[2024-04-28 19:32:44] : End
--------------------------------------------------
[2024-04-28 19:36:33] : Begin
--------------------
*MCUTYPE* : STC32G12K128
*MCUID* : F7E3C923007DAD
*FILENAME* : E:\RoboContest\#CyberCartMCU\CyberCart\Out_File\SEEKFREE.hex
*FILETIME* : 2024年04月28日, 19:36:32
*FILESIZE* : 124368 (0x01E5D0)
*CODESIZE* : 108719 (0x01A8AF)
*CHECKSUM* : 0x013395E0
*ISPMODE* : 2
*ISPRESULT* : 0
--------------------
[2024-04-28 19:40:46] : End
--------------------------------------------------
[2024-04-28 19:40:47] : Begin
--------------------
*MCUTYPE* : STC32G12K128
*MCUID* : F7E3C923007DAD
*FILENAME* : E:\RoboContest\#CyberCartMCU\CyberCart\Out_File\SEEKFREE.hex
*FILETIME* : 2024年04月28日, 19:40:32
*FILESIZE* : 79266 (0x0135A2)
*CODESIZE* : 92678 (0x016A06)
*CHECKSUM* : 0x011DAAC6
*ISPMODE* : 2
*ISPRESULT* : 0
--------------------
[2024-04-28 19:40:57] : End
--------------------------------------------------
[2024-04-28 19:44:15] : Begin
--------------------
*MCUTYPE* : STC32G12K128
*FILENAME* : E:\RoboContest\#CyberCartMCU\CyberCart\Out_File\SEEKFREE.hex
*FILETIME* : 2024年04月28日, 19:44:13
*FILESIZE* : 79247 (0x01358F)
*CODESIZE* : 92675 (0x016A03)
*CHECKSUM* : 0x011DA48A
*ISPMODE* : 2
*ISPRESULT* : 3
--------------------
[2024-04-28 19:44:57] : End
--------------------------------------------------
[2024-04-28 19:44:58] : Begin
--------------------
*MCUTYPE* : STC32G12K128
*MCUID* : F7E3C923007DAD
*FILENAME* : E:\RoboContest\#CyberCartMCU\CyberCart\Out_File\SEEKFREE.hex
*FILETIME* : 2024年04月28日, 19:44:13
*FILESIZE* : 79247 (0x01358F)
*CODESIZE* : 92675 (0x016A03)
*CHECKSUM* : 0x011DA48A
*ISPMODE* : 2
*ISPRESULT* : 0
--------------------
[2024-04-28 19:45:05] : End
--------------------------------------------------
[2024-04-28 19:49:04] : Begin
--------------------
*MCUTYPE* : STC32G12K128
*MCUID* : F7E3C923007DAD
*FILENAME* : E:\RoboContest\#CyberCartMCU\CyberCart\Out_File\SEEKFREE.hex
*FILETIME* : 2024年04月28日, 19:49:03
*FILESIZE* : 79286 (0x0135B6)
*CODESIZE* : 92688 (0x016A10)
*CHECKSUM* : 0x011DB086
*ISPMODE* : 2
*ISPRESULT* : 0
--------------------
[2024-04-28 19:49:17] : End
--------------------------------------------------
[2024-04-28 19:52:39] : Begin
--------------------
*MCUTYPE* : STC32G12K128
*MCUID* : F7E3C923007DAD
*FILENAME* : E:\RoboContest\#CyberCartMCU\CyberCart\Out_File\SEEKFREE.hex
*FILETIME* : 2024年04月28日, 19:49:03
*FILESIZE* : 79286 (0x0135B6)
*CODESIZE* : 92688 (0x016A10)
*CHECKSUM* : 0x011DB086
*ISPMODE* : 2
*ISPRESULT* : 0
--------------------
[2024-04-28 19:52:51] : End
--------------------------------------------------
[2024-04-28 19:52:53] : Begin
--------------------
*MCUTYPE* : STC32G12K128
*MCUID* : F7E3C923007DAD
*FILENAME* : E:\RoboContest\#CyberCartMCU\CyberCart\Out_File\SEEKFREE.hex
*FILETIME* : 2024年04月28日, 19:52:52
*FILESIZE* : 79335 (0x0135E7)
*CODESIZE* : 92706 (0x016A22)
*CHECKSUM* : 0x011DB56A
*ISPMODE* : 2
*ISPRESULT* : 0
--------------------
[2024-04-28 19:53:03] : End
--------------------------------------------------
[2024-04-28 20:00:49] : Begin
--------------------
*MCUTYPE* : STC32G12K128
*MCUID* : F7E3C923007DAD
*FILENAME* : E:\RoboContest\#CyberCartMCU\CyberCart\Out_File\SEEKFREE.hex
*FILETIME* : 2024年04月28日, 20:00:48
*FILESIZE* : 79290 (0x0135BA)
*CODESIZE* : 92690 (0x016A12)
*CHECKSUM* : 0x011DB2BE
*ISPMODE* : 2
*ISPRESULT* : 0
--------------------
[2024-04-28 20:00:59] : End
--------------------------------------------------
[2024-04-28 20:05:07] : Begin
--------------------
*MCUTYPE* : STC32G12K128
*MCUID* : F7E3C923007DAD
*FILENAME* : E:\RoboContest\#CyberCartMCU\CyberCart\Out_File\SEEKFREE.hex
*FILETIME* : 2024年04月28日, 20:05:06
*FILESIZE* : 79290 (0x0135BA)
*CODESIZE* : 92690 (0x016A12)
*CHECKSUM* : 0x011DB2BA
*ISPMODE* : 2
*ISPRESULT* : 0
--------------------
[2024-04-28 20:05:16] : End
--------------------------------------------------
[2024-04-28 20:08:36] : Begin
--------------------
*MCUTYPE* : STC32G12K128
*MCUID* : F7E3C923007DAD
*FILENAME* : E:\RoboContest\#CyberCartMCU\CyberCart\Out_File\SEEKFREE.hex
*FILETIME* : 2024年04月28日, 20:08:35
*FILESIZE* : 79354 (0x0135FA)
*CODESIZE* : 92709 (0x016A25)
*CHECKSUM* : 0x011DB186
*ISPMODE* : 2
*ISPRESULT* : 0
--------------------
[2024-04-28 20:08:46] : End
--------------------------------------------------
[2024-04-28 20:11:35] : Begin
--------------------
*MCUTYPE* : STC32G12K128
*MCUID* : F7E3C923007DAD
*FILENAME* : E:\RoboContest\#CyberCartMCU\CyberCart\Out_File\SEEKFREE.hex
*FILETIME* : 2024年04月28日, 20:11:33
*FILESIZE* : 79290 (0x0135BA)
*CODESIZE* : 92690 (0x016A12)
*CHECKSUM* : 0x011DB2BA
*ISPMODE* : 2
*ISPRESULT* : 0
--------------------
[2024-04-28 20:11:52] : End
--------------------------------------------------
[2024-04-28 20:14:02] : Begin
--------------------
*MCUTYPE* : STC32G12K128
*MCUID* : F7E3C923007DAD
*FILENAME* : E:\RoboContest\#CyberCartMCU\CyberCart\Out_File\SEEKFREE.hex
*FILETIME* : 2024年04月28日, 20:14:01
*FILESIZE* : 79290 (0x0135BA)
*CODESIZE* : 92690 (0x016A12)
*CHECKSUM* : 0x011DB2BA
*ISPMODE* : 2
*ISPRESULT* : 0
--------------------
[2024-04-28 20:14:13] : End
--------------------------------------------------
