[2024-05-03 11:27:01] : Begin
--------------------
*MCUTYPE* : STC32G12K128
*MCUID* : F7E3CA7B002664
*FILENAME* : E:\RoboContest\#CyberCartMCU\CyberCart\Out_File\SEEKFREE.hex
*FILETIME* : 2024年05月03日, 11:26:59
*FILESIZE* : 97802 (0x017E0A)
*CODESIZE* : 99271 (0x0183C7)
*CHECKSUM* : 0x0126D3C8
*ISPMODE* : 2
*ISPRESULT* : 0
--------------------
[2024-05-03 11:27:24] : End
--------------------------------------------------
[2024-05-03 11:48:39] : Begin
--------------------
*MCUTYPE* : STC32G12K128
*MCUID* : F7E3CA7B002664
*FILENAME* : E:\RoboContest\#CyberCartMCU\CyberCart\Out_File\SEEKFREE.hex
*FILETIME* : 2024年05月03日, 11:48:38
*FILESIZE* : 98499 (0x0180C3)
*CODESIZE* : 99522 (0x0184C2)
*CHECKSUM* : 0x01273FA9
*ISPMODE* : 2
*ISPRESULT* : 0
--------------------
[2024-05-03 11:48:53] : End
--------------------------------------------------
[2024-05-03 11:54:26] : Begin
--------------------
*MCUTYPE* : STC32G12K128
*MCUID* : F7E3CA7B002664
*FILENAME* : E:\RoboContest\#CyberCartMCU\CyberCart\Out_File\SEEKFREE.hex
*FILETIME* : 2024年05月03日, 11:54:26
*FILESIZE* : 98499 (0x0180C3)
*CODESIZE* : 99522 (0x0184C2)
*CHECKSUM* : 0x01274035
*ISPMODE* : 2
*ISPRESULT* : 0
--------------------
[2024-05-03 11:54:41] : End
--------------------------------------------------
[2024-05-03 12:57:17] : Begin
--------------------
*MCUTYPE* : STC32G12K128
*MCUID* : F7E3CA7B002664
*FILENAME* : E:\RoboContest\#CyberCartMCU\CyberCart\Out_File\SEEKFREE.hex
*FILETIME* : 2024年05月03日, 12:57:16
*FILESIZE* : 100093 (0x0186FD)
*CODESIZE* : 100085 (0x0186F5)
*CHECKSUM* : 0x01279BA7
*ISPMODE* : 2
*ISPRESULT* : 0
--------------------
[2024-05-03 12:57:35] : End
--------------------------------------------------
[2024-05-03 12:59:37] : Begin
--------------------
*MCUTYPE* : STC32G12K128
*MCUID* : F7E3CA7B002664
*FILENAME* : E:\RoboContest\#CyberCartMCU\CyberCart\Out_File\SEEKFREE.hex
*FILETIME* : 2024年05月03日, 12:59:36
*FILESIZE* : 100205 (0x01876D)
*CODESIZE* : 100128 (0x018720)
*CHECKSUM* : 0x0127B555
*ISPMODE* : 2
*ISPRESULT* : 0
--------------------
[2024-05-03 12:59:54] : End
--------------------------------------------------
[2024-05-03 13:01:01] : Begin
--------------------
*MCUTYPE* : STC32G12K128
*MCUID* : F7E3CA7B002664
*FILENAME* : E:\RoboContest\#CyberCartMCU\CyberCart\Out_File\SEEKFREE.hex
*FILETIME* : 2024年05月03日, 13:01:00
*FILESIZE* : 100211 (0x018773)
*CODESIZE* : 100131 (0x018723)
*CHECKSUM* : 0x0127BA86
*ISPMODE* : 2
*ISPRESULT* : 0
--------------------
[2024-05-03 13:01:21] : End
--------------------------------------------------
[2024-05-03 13:03:19] : Begin
--------------------
*MCUTYPE* : STC32G12K128
*MCUID* : F7E3CA7B002664
*FILENAME* : E:\RoboContest\#CyberCartMCU\CyberCart\Out_File\SEEKFREE.hex
*FILETIME* : 2024年05月03日, 13:03:17
*FILESIZE* : 100406 (0x018836)
*CODESIZE* : 100196 (0x018764)
*CHECKSUM* : 0x0127F6A1
*ISPMODE* : 2
*ISPRESULT* : 0
--------------------
[2024-05-03 13:03:35] : End
--------------------------------------------------
[2024-05-03 13:04:19] : Begin
--------------------
*MCUTYPE* : STC32G12K128
*MCUID* : F7E3CA7B002664
*FILENAME* : E:\RoboContest\#CyberCartMCU\CyberCart\Out_File\SEEKFREE.hex
*FILETIME* : 2024年05月03日, 13:04:17
*FILESIZE* : 100555 (0x0188CB)
*CODESIZE* : 100251 (0x01879B)
*CHECKSUM* : 0x01281276
*ISPMODE* : 2
*ISPRESULT* : 0
--------------------
[2024-05-03 13:04:32] : End
--------------------------------------------------
[2024-05-03 13:10:38] : Begin
--------------------
*MCUTYPE* : STC32G12K128
*MCUID* : F7E3CA7B002664
*FILENAME* : E:\RoboContest\#CyberCartMCU\CyberCart\Out_File\SEEKFREE.hex
*FILETIME* : 2024年05月03日, 13:10:37
*FILESIZE* : 100563 (0x0188D3)
*CODESIZE* : 100255 (0x01879F)
*CHECKSUM* : 0x01281A0F
*ISPMODE* : 2
*ISPRESULT* : 0
--------------------
[2024-05-03 13:10:53] : End
--------------------------------------------------
[2024-05-03 13:19:00] : Begin
--------------------
*MCUTYPE* : STC32G12K128
*MCUID* : F7E3CA7B002664
*FILENAME* : E:\RoboContest\#CyberCartMCU\CyberCart\Out_File\SEEKFREE.hex
*FILETIME* : 2024年05月03日, 13:18:59
*FILESIZE* : 101050 (0x018ABA)
*CODESIZE* : 100427 (0x01884B)
*CHECKSUM* : 0x01282E26
*ISPMODE* : 2
*ISPRESULT* : 0
--------------------
[2024-05-03 13:19:15] : End
--------------------------------------------------
[2024-05-03 13:24:09] : Begin
--------------------
*MCUTYPE* : STC32G12K128
*MCUID* : F7E3CA7B002664
*FILENAME* : E:\RoboContest\#CyberCartMCU\CyberCart\Out_File\SEEKFREE.hex
*FILETIME* : 2024年05月03日, 13:18:59
*FILESIZE* : 101050 (0x018ABA)
*CODESIZE* : 100427 (0x01884B)
*CHECKSUM* : 0x01282E26
*ISPMODE* : 8
*ISPRESULT* : 0
--------------------
[2024-05-03 13:24:15] : End
--------------------------------------------------
[2024-05-03 13:26:08] : Begin
--------------------
*MCUTYPE* : STC32G12K128
*FILENAME* : E:\RoboContest\#CyberCartMCU\CyberCart\Out_File\SEEKFREE.hex
*FILETIME* : 2024年05月03日, 13:26:07
*FILESIZE* : 101001 (0x018A89)
*CODESIZE* : 100409 (0x018839)
*CHECKSUM* : 0x01281A96
*ISPMODE* : 2
*ISPRESULT* : 1
--------------------
[2024-05-03 13:26:13] : End
--------------------------------------------------
[2024-05-03 13:27:40] : Begin
--------------------
*MCUTYPE* : STC32G12K128
*MCUID* : F7E3CA7B002664
*FILENAME* : E:\RoboContest\#CyberCartMCU\CyberCart\Out_File\SEEKFREE.hex
*FILETIME* : 2024年05月03日, 13:26:07
*FILESIZE* : 101001 (0x018A89)
*CODESIZE* : 100409 (0x018839)
*CHECKSUM* : 0x01281A96
*ISPMODE* : 2
*ISPRESULT* : 0
--------------------
[2024-05-03 13:27:55] : End
--------------------------------------------------
[2024-05-03 13:34:17] : Begin
--------------------
*MCUTYPE* : STC32G12K128
*MCUID* : F7E3CA7B002664
*FILENAME* : E:\RoboContest\#CyberCartMCU\CyberCart\Out_File\SEEKFREE.hex
*FILETIME* : 2024年05月03日, 13:34:16
*FILESIZE* : 100841 (0x0189E9)
*CODESIZE* : 100355 (0x018803)
*CHECKSUM* : 0x0127EB3B
*ISPMODE* : 2
*ISPRESULT* : 0
--------------------
[2024-05-03 13:34:33] : End
--------------------------------------------------
[2024-05-03 13:35:11] : Begin
--------------------
*MCUTYPE* : STC32G12K128
*MCUID* : F7E3CA7B002664
*FILENAME* : E:\RoboContest\#CyberCartMCU\CyberCart\Out_File\SEEKFREE.hex
*FILETIME* : 2024年05月03日, 13:35:10
*FILESIZE* : 100841 (0x0189E9)
*CODESIZE* : 100355 (0x018803)
*CHECKSUM* : 0x0127EB32
*ISPMODE* : 2
*ISPRESULT* : 0
--------------------
[2024-05-03 13:35:27] : End
--------------------------------------------------
[2024-05-03 13:40:58] : Begin
--------------------
*MCUTYPE* : STC32G12K128
*MCUID* : F7E3CA7B002664
*FILENAME* : E:\RoboContest\#CyberCartMCU\CyberCart\Out_File\SEEKFREE.hex
*FILETIME* : 2024年05月03日, 13:40:57
*FILESIZE* : 100903 (0x018A27)
*CODESIZE* : 100373 (0x018815)
*CHECKSUM* : 0x0127FA71
*ISPMODE* : 2
*ISPRESULT* : 0
--------------------
[2024-05-03 13:41:14] : End
--------------------------------------------------
[2024-05-03 15:31:56] : Begin
--------------------
*MCUTYPE* : STC32G12K128
*MCUID* : F7E3CA7B002664
*FILENAME* : E:\RoboContest\#CyberCartMCU\CyberCart\Out_File\SEEKFREE.hex
*FILETIME* : 2024年05月03日, 15:31:55
*FILESIZE* : 100952 (0x018A58)
*CODESIZE* : 100391 (0x018827)
*CHECKSUM* : 0x0127FDD4
*ISPMODE* : 2
*ISPRESULT* : 0
--------------------
[2024-05-03 15:32:11] : End
--------------------------------------------------
[2024-05-03 15:34:20] : Begin
--------------------
*MCUTYPE* : STC32G12K128
*MCUID* : F7E3CA7B002664
*FILENAME* : E:\RoboContest\#CyberCartMCU\CyberCart\Out_File\SEEKFREE.hex
*FILETIME* : 2024年05月03日, 15:34:19
*FILESIZE* : 100952 (0x018A58)
*CODESIZE* : 100391 (0x018827)
*CHECKSUM* : 0x0127FDD4
*ISPMODE* : 2
*ISPRESULT* : 0
--------------------
[2024-05-03 15:34:35] : End
--------------------------------------------------
[2024-05-03 15:39:24] : Begin
--------------------
*MCUTYPE* : STC32G12K128
*MCUID* : F7E3CA7B002664
*FILENAME* : E:\RoboContest\#CyberCartMCU\CyberCart\Out_File\SEEKFREE.hex
*FILETIME* : 2024年05月03日, 15:39:23
*FILESIZE* : 100962 (0x018A62)
*CODESIZE* : 100396 (0x01882C)
*CHECKSUM* : 0x012802BF
*ISPMODE* : 2
*ISPRESULT* : 0
--------------------
[2024-05-03 15:39:45] : End
--------------------------------------------------
[2024-05-03 15:42:37] : Begin
--------------------
*MCUTYPE* : STC32G12K128
*MCUID* : F7E3CA7B002664
*FILENAME* : E:\RoboContest\#CyberCartMCU\CyberCart\Out_File\SEEKFREE.hex
*FILETIME* : 2024年05月03日, 15:42:34
*FILESIZE* : 100972 (0x018A6C)
*CODESIZE* : 100401 (0x018831)
*CHECKSUM* : 0x012808E0
*ISPMODE* : 2
*ISPRESULT* : 0
--------------------
[2024-05-03 15:52:10] : End
--------------------------------------------------
[2024-05-03 15:52:11] : Begin
--------------------
*MCUTYPE* : STC32G12K128
*MCUID* : F7E3CA7B002664
*FILENAME* : E:\RoboContest\#CyberCartMCU\CyberCart\Out_File\SEEKFREE.hex
*FILETIME* : 2024年05月03日, 15:51:54
*FILESIZE* : 100972 (0x018A6C)
*CODESIZE* : 100401 (0x018831)
*CHECKSUM* : 0x012809E1
*ISPMODE* : 2
*ISPRESULT* : 0
--------------------
[2024-05-03 15:55:50] : End
--------------------------------------------------
[2024-05-03 15:55:52] : Begin
--------------------
*MCUTYPE* : STC32G12K128
*MCUID* : F7E3CA7B002664
*FILENAME* : E:\RoboContest\#CyberCartMCU\CyberCart\Out_File\SEEKFREE.hex
*FILETIME* : 2024年05月03日, 15:55:33
*FILESIZE* : 101038 (0x018AAE)
*CODESIZE* : 100421 (0x018845)
*CHECKSUM* : 0x01281C45
*ISPMODE* : 2
*ISPRESULT* : 0
--------------------
[2024-05-03 15:56:08] : End
--------------------------------------------------
[2024-05-03 15:57:10] : Begin
--------------------
*MCUTYPE* : STC32G12K128
*MCUID* : F7E3CA7B002664
*FILENAME* : E:\RoboContest\#CyberCartMCU\CyberCart\Out_File\SEEKFREE.hex
*FILETIME* : 2024年05月03日, 15:57:09
*FILESIZE* : 100119 (0x018717)
*CODESIZE* : 100097 (0x018701)
*CHECKSUM* : 0x01279920
*ISPMODE* : 2
*ISPRESULT* : 0
--------------------
[2024-05-03 15:57:25] : End
--------------------------------------------------
[2024-05-03 16:02:13] : Begin
--------------------
*MCUTYPE* : STC32G12K128
*MCUID* : F7E3CA7B002664
*FILENAME* : E:\RoboContest\#CyberCartMCU\CyberCart\Out_File\SEEKFREE.hex
*FILETIME* : 2024年05月03日, 16:02:12
*FILESIZE* : 100144 (0x018730)
*CODESIZE* : 100103 (0x018707)
*CHECKSUM* : 0x01279A67
*ISPMODE* : 2
*ISPRESULT* : 0
--------------------
[2024-05-03 16:02:27] : End
--------------------------------------------------
[2024-05-03 16:05:12] : Begin
--------------------
*MCUTYPE* : STC32G12K128
*MCUID* : F7E3CA7B002664
*FILENAME* : E:\RoboContest\#CyberCartMCU\CyberCart\Out_File\SEEKFREE.hex
*FILETIME* : 2024年05月03日, 16:05:11
*FILESIZE* : 100788 (0x0189B4)
*CODESIZE* : 100335 (0x0187EF)
*CHECKSUM* : 0x0127F3E5
*ISPMODE* : 2
*ISPRESULT* : 0
--------------------
[2024-05-03 16:05:27] : End
--------------------------------------------------
[2024-05-03 16:07:20] : Begin
--------------------
*MCUTYPE* : STC32G12K128
*MCUID* : F7E3CA7B002664
*FILENAME* : E:\RoboContest\#CyberCartMCU\CyberCart\Out_File\SEEKFREE.hex
*FILETIME* : 2024年05月03日, 16:07:18
*FILESIZE* : 100788 (0x0189B4)
*CODESIZE* : 100335 (0x0187EF)
*CHECKSUM* : 0x0127F3E5
*ISPMODE* : 2
*ISPRESULT* : 0
--------------------
[2024-05-03 16:07:34] : End
--------------------------------------------------
