[2024-05-02 17:38:35] : Begin
--------------------
*MCUTYPE* : STC32G12K128
*FILENAME* : E:\RoboContest\#CyberCartMCU\CyberCart\Out_File\SEEKFREE.hex
*FILETIME* : 2024年05月02日, 17:38:29
*FILESIZE* : 98389 (0x018055)
*CODESIZE* : 99479 (0x018497)
*CHECKSUM* : 0x012735CE
*ISPMODE* : 4
*ISPRESULT* : 5
--------------------
[2024-05-02 17:39:05] : End
--------------------------------------------------
[2024-05-02 17:44:36] : Begin
--------------------
*MCUTYPE* : STC32G12K128
*FILENAME* : E:\RoboContest\#CyberCartMCU\CyberCart\Out_File\SEEKFREE.hex
*FILETIME* : 2024年05月02日, 17:38:29
*FILESIZE* : 98389 (0x018055)
*CODESIZE* : 99479 (0x018497)
*CHECKSUM* : 0x012735CE
*ISPMODE* : 2
*ISPRESULT* : 3
--------------------
[2024-05-02 17:44:37] : End
--------------------------------------------------
[2024-05-02 17:44:42] : Begin
--------------------
*MCUTYPE* : STC32G12K128
*MCUID* : F7E3C923007DAD
*FILENAME* : E:\RoboContest\#CyberCartMCU\CyberCart\Out_File\SEEKFREE.hex
*FILETIME* : 2024年05月02日, 17:44:42
*FILESIZE* : 98389 (0x018055)
*CODESIZE* : 99479 (0x018497)
*CHECKSUM* : 0x012735CA
*ISPMODE* : 2
*ISPRESULT* : 0
--------------------
[2024-05-02 17:44:56] : End
--------------------------------------------------
[2024-05-02 17:45:18] : Begin
--------------------
*MCUTYPE* : STC32G12K128
*MCUID* : F7E3C923007DAD
*FILENAME* : E:\RoboContest\#CyberCartMCU\CyberCart\Out_File\SEEKFREE.hex
*FILETIME* : 2024年05月02日, 17:45:18
*FILESIZE* : 98389 (0x018055)
*CODESIZE* : 99479 (0x018497)
*CHECKSUM* : 0x012735E2
*ISPMODE* : 2
*ISPRESULT* : 0
--------------------
[2024-05-02 17:45:27] : End
--------------------------------------------------
[2024-05-02 19:41:27] : Begin
--------------------
*MCUTYPE* : STC32G12K128
*FILENAME* : E:\RoboContest\#CyberCartMCU\CyberCart\Out_File\SEEKFREE.hex
*FILETIME* : 2024年05月02日, 19:41:26
*FILESIZE* : 98530 (0x0180E2)
*CODESIZE* : 99530 (0x0184CA)
*CHECKSUM* : 0x01275317
*ISPMODE* : 2
*ISPRESULT* : 1
--------------------
[2024-05-02 19:41:28] : End
--------------------------------------------------
[2024-05-02 19:41:34] : Begin
--------------------
*MCUTYPE* : STC32G12K128
*MCUID* : F7E3C923007DAD
*FILENAME* : E:\RoboContest\#CyberCartMCU\CyberCart\Out_File\SEEKFREE.hex
*FILETIME* : 2024年05月02日, 19:41:26
*FILESIZE* : 98530 (0x0180E2)
*CODESIZE* : 99530 (0x0184CA)
*CHECKSUM* : 0x01275317
*ISPMODE* : 2
*ISPRESULT* : 0
--------------------
[2024-05-02 19:41:50] : End
--------------------------------------------------
[2024-05-02 20:10:07] : Begin
--------------------
*MCUTYPE* : STC32G12K128
*MCUID* : F7E3C923007DAD
*FILENAME* : E:\RoboContest\#CyberCartMCU\CyberCart\Out_File\SEEKFREE.hex
*FILETIME* : 2024年05月02日, 20:10:06
*FILESIZE* : 98493 (0x0180BD)
*CODESIZE* : 99518 (0x0184BE)
*CHECKSUM* : 0x0127494E
*ISPMODE* : 2
*ISPRESULT* : 0
--------------------
[2024-05-02 20:10:26] : End
--------------------------------------------------
[2024-05-02 20:14:46] : Begin
--------------------
*MCUTYPE* : STC32G12K128
*MCUID* : F7E3C923007DAD
*FILENAME* : E:\RoboContest\#CyberCartMCU\CyberCart\Out_File\SEEKFREE.hex
*FILETIME* : 2024年05月02日, 20:14:45
*FILESIZE* : 98493 (0x0180BD)
*CODESIZE* : 99518 (0x0184BE)
*CHECKSUM* : 0x0127494E
*ISPMODE* : 2
*ISPRESULT* : 0
--------------------
[2024-05-02 20:14:59] : End
--------------------------------------------------
[2024-05-02 20:15:46] : Begin
--------------------
*MCUTYPE* : STC32G12K128
*MCUID* : F7E3C923007DAD
*FILENAME* : E:\RoboContest\#CyberCartMCU\CyberCart\Out_File\SEEKFREE.hex
*FILETIME* : 2024年05月02日, 20:15:45
*FILESIZE* : 98489 (0x0180B9)
*CODESIZE* : 99516 (0x0184BC)
*CHECKSUM* : 0x01274AE8
*ISPMODE* : 2
*ISPRESULT* : 0
--------------------
[2024-05-02 20:15:59] : End
--------------------------------------------------
[2024-05-02 20:30:34] : Begin
--------------------
*MCUTYPE* : STC32G12K128
*FILENAME* : E:\RoboContest\#CyberCartMCU\CyberCart\Out_File\SEEKFREE.hex
*FILETIME* : 2024年05月02日, 20:30:33
*FILESIZE* : 98655 (0x01815F)
*CODESIZE* : 99573 (0x0184F5)
*CHECKSUM* : 0x0126D637
*ISPMODE* : 2
*ISPRESULT* : -1
--------------------
[2024-05-02 20:30:36] : End
--------------------------------------------------
[2024-05-02 20:31:02] : Begin
--------------------
*MCUTYPE* : STC32G12K128
*MCUID* : F7E3C923007DAD
*FILENAME* : E:\RoboContest\#CyberCartMCU\CyberCart\Out_File\SEEKFREE.hex
*FILETIME* : 2024年05月02日, 20:30:33
*FILESIZE* : 98655 (0x01815F)
*CODESIZE* : 99573 (0x0184F5)
*CHECKSUM* : 0x0126D637
*ISPMODE* : 2
*ISPRESULT* : 0
--------------------
[2024-05-02 20:31:16] : End
--------------------------------------------------
[2024-05-02 21:27:54] : Begin
--------------------
*MCUTYPE* : STC32G12K128
*FILENAME* : E:\RoboContest\#CyberCartMCU\CyberCart\Out_File\SEEKFREE.hex
*FILETIME* : 2024年05月02日, 21:27:53
*FILESIZE* : 98812 (0x0181FC)
*CODESIZE* : 99632 (0x018530)
*CHECKSUM* : 0x0126F4C3
*ISPMODE* : 2
*ISPRESULT* : -1
--------------------
[2024-05-02 21:27:57] : End
--------------------------------------------------
[2024-05-02 21:28:14] : Begin
--------------------
*MCUTYPE* : STC32G12K128
*FILENAME* : E:\RoboContest\#CyberCartMCU\CyberCart\Out_File\SEEKFREE.hex
*FILETIME* : 2024年05月02日, 21:27:53
*FILESIZE* : 98812 (0x0181FC)
*CODESIZE* : 99632 (0x018530)
*CHECKSUM* : 0x0126F4C3
*ISPMODE* : 4
*ISPRESULT* : 5
--------------------
[2024-05-02 21:28:44] : End
--------------------------------------------------
