[2024-04-25 19:40:57] : Begin
--------------------
*MCUTYPE* : STC32G12K128
*MCUID* : F7E3C923007DAD
*FILENAME* : E:\RoboContest\#CyberCartMCU\CyberCart\Out_File\SEEKFREE.hex
*FILETIME* : 2024年04月25日, 19:40:39
*FILESIZE* : 95965 (0x0176DD)
*CODESIZE* : 98622 (0x01813E)
*CHECKSUM* : 0x01261416
*ISPMODE* : 2
*ISPRESULT* : 0
--------------------
[2024-04-25 19:41:05] : End
--------------------------------------------------
[2024-04-25 19:42:06] : Begin
--------------------
*MCUTYPE* : STC32G12K128
*FILENAME* : E:\RoboContest\#CyberCartMCU\CyberCart\Out_File\SEEKFREE.hex
*FILETIME* : 2024年04月25日, 19:42:06
*FILESIZE* : 95990 (0x0176F6)
*CODESIZE* : 98628 (0x018144)
*CHECKSUM* : 0x0126074D
*ISPMODE* : 2
*ISPRESULT* : -1
--------------------
[2024-04-25 19:42:20] : End
--------------------------------------------------
[2024-04-25 19:42:20] : Begin
--------------------
*MCUTYPE* : STC32G12K128
*FILENAME* : E:\RoboContest\#CyberCartMCU\CyberCart\Out_File\SEEKFREE.hex
*FILETIME* : 2024年04月25日, 19:42:20
*FILESIZE* : 95990 (0x0176F6)
*CODESIZE* : 98628 (0x018144)
*CHECKSUM* : 0x0126074D
*ISPMODE* : 2
*ISPRESULT* : -1
--------------------
[2024-04-25 19:42:21] : End
--------------------------------------------------
[2024-04-25 19:42:23] : Begin
--------------------
*MCUTYPE* : STC32G12K128
*FILENAME* : E:\RoboContest\#CyberCartMCU\CyberCart\Out_File\SEEKFREE.hex
*FILETIME* : 2024年04月25日, 19:42:20
*FILESIZE* : 95990 (0x0176F6)
*CODESIZE* : 98628 (0x018144)
*CHECKSUM* : 0x0126074D
*ISPMODE* : 2
*ISPRESULT* : -1
--------------------
[2024-04-25 19:42:24] : End
--------------------------------------------------
[2024-04-25 19:42:46] : Begin
--------------------
*MCUTYPE* : STC32G12K128
*MCUID* : F7E3C923007DAD
*FILENAME* : E:\RoboContest\#CyberCartMCU\CyberCart\Out_File\SEEKFREE.hex
*FILETIME* : 2024年04月25日, 19:42:20
*FILESIZE* : 95990 (0x0176F6)
*CODESIZE* : 98628 (0x018144)
*CHECKSUM* : 0x0126074D
*ISPMODE* : 2
*ISPRESULT* : 0
--------------------
[2024-04-25 19:42:58] : End
--------------------------------------------------
[2024-04-25 19:47:38] : Begin
--------------------
*MCUTYPE* : STC32G12K128
*FILENAME* : E:\RoboContest\#CyberCartMCU\CyberCart\Out_File\SEEKFREE.hex
*FILETIME* : 2024年04月25日, 19:42:20
*FILESIZE* : 95990 (0x0176F6)
*CODESIZE* : 98628 (0x018144)
*CHECKSUM* : 0x0126074D
*ISPMODE* : 2
*ISPRESULT* : -1
--------------------
[2024-04-25 19:47:39] : End
--------------------------------------------------
[2024-04-25 19:47:47] : Begin
--------------------
*MCUTYPE* : STC32G12K128
*MCUID* : F7E3C923007DAD
*FILENAME* : E:\RoboContest\#CyberCartMCU\CyberCart\Out_File\SEEKFREE.hex
*FILETIME* : 2024年04月25日, 19:42:20
*FILESIZE* : 95990 (0x0176F6)
*CODESIZE* : 98628 (0x018144)
*CHECKSUM* : 0x0126074D
*ISPMODE* : 2
*ISPRESULT* : 0
--------------------
[2024-04-25 19:48:01] : End
--------------------------------------------------
[2024-04-25 19:50:06] : Begin
--------------------
*MCUTYPE* : STC32G12K128
*FILENAME* : E:\RoboContest\#CyberCartMCU\CyberCart\Out_File\SEEKFREE.hex
*FILETIME* : 2024年04月25日, 19:50:05
*FILESIZE* : 95990 (0x0176F6)
*CODESIZE* : 98628 (0x018144)
*CHECKSUM* : 0x01260755
*ISPMODE* : 2
*ISPRESULT* : -1
--------------------
[2024-04-25 19:50:13] : End
--------------------------------------------------
[2024-04-25 19:50:16] : Begin
--------------------
*MCUTYPE* : STC32G12K128
*FILENAME* : E:\RoboContest\#CyberCartMCU\CyberCart\Out_File\SEEKFREE.hex
*FILETIME* : 2024年04月25日, 19:50:05
*FILESIZE* : 95990 (0x0176F6)
*CODESIZE* : 98628 (0x018144)
*CHECKSUM* : 0x01260755
*ISPMODE* : 2
*ISPRESULT* : -1
--------------------
[2024-04-25 19:50:17] : End
--------------------------------------------------
[2024-04-25 19:50:18] : Begin
--------------------
*MCUTYPE* : STC32G12K128
*MCUID* : F7E3C923007DAD
*FILENAME* : E:\RoboContest\#CyberCartMCU\CyberCart\Out_File\SEEKFREE.hex
*FILETIME* : 2024年04月25日, 19:50:05
*FILESIZE* : 95990 (0x0176F6)
*CODESIZE* : 98628 (0x018144)
*CHECKSUM* : 0x01260755
*ISPMODE* : 2
*ISPRESULT* : 0
--------------------
[2024-04-25 19:50:28] : End
--------------------------------------------------
[2024-04-25 20:00:32] : Begin
--------------------
*MCUTYPE* : STC32G12K128
*MCUID* : F7E3C923007DAD
*FILENAME* : E:\RoboContest\#CyberCartMCU\CyberCart\Out_File\SEEKFREE.hex
*FILETIME* : 2024年04月25日, 20:00:31
*FILESIZE* : 95990 (0x0176F6)
*CODESIZE* : 98628 (0x018144)
*CHECKSUM* : 0x01260754
*ISPMODE* : 2
*ISPRESULT* : 0
--------------------
[2024-04-25 20:00:41] : End
--------------------------------------------------
[2024-04-25 20:01:27] : Begin
--------------------
*MCUTYPE* : STC32G12K128
*MCUID* : F7E3C923007DAD
*FILENAME* : E:\RoboContest\#CyberCartMCU\CyberCart\Out_File\SEEKFREE.hex
*FILETIME* : 2024年04月25日, 20:01:26
*FILESIZE* : 95947 (0x0176CB)
*CODESIZE* : 98613 (0x018135)
*CHECKSUM* : 0x01260A6C
*ISPMODE* : 2
*ISPRESULT* : 0
--------------------
[2024-04-25 20:01:39] : End
--------------------------------------------------
[2024-04-25 20:01:41] : Begin
--------------------
*MCUTYPE* : STC32G12K128
*FILENAME* : E:\RoboContest\#CyberCartMCU\CyberCart\Out_File\SEEKFREE.hex
*FILETIME* : 2024年04月25日, 20:01:35
*FILESIZE* : 95947 (0x0176CB)
*CODESIZE* : 98613 (0x018135)
*CHECKSUM* : 0x01260A6C
*ISPMODE* : 2
*ISPRESULT* : 3
--------------------
[2024-04-25 20:01:41] : End
--------------------------------------------------
[2024-04-25 20:03:10] : Begin
--------------------
*MCUTYPE* : STC32G12K128
*MCUID* : F7E3C923007DAD
*FILENAME* : E:\RoboContest\#CyberCartMCU\CyberCart\Out_File\SEEKFREE.hex
*FILETIME* : 2024年04月25日, 20:03:08
*FILESIZE* : 95916 (0x0176AC)
*CODESIZE* : 98604 (0x01812C)
*CHECKSUM* : 0x012622F3
*ISPMODE* : 2
*ISPRESULT* : 0
--------------------
[2024-04-25 20:03:18] : End
--------------------------------------------------
[2024-04-25 20:04:13] : Begin
--------------------
*MCUTYPE* : STC32G12K128
*FILENAME* : E:\RoboContest\#CyberCartMCU\CyberCart\Out_File\SEEKFREE.hex
*FILETIME* : 2024年04月25日, 20:04:11
*FILESIZE* : 95996 (0x0176FC)
*CODESIZE* : 98631 (0x018147)
*CHECKSUM* : 0x012609E8
*ISPMODE* : 2
*ISPRESULT* : 3
--------------------
[2024-04-25 20:04:26] : End
--------------------------------------------------
[2024-04-25 20:04:36] : Begin
--------------------
*MCUTYPE* : STC32G12K128
*MCUID* : F7E3C923007DAD
*FILENAME* : E:\RoboContest\#CyberCartMCU\CyberCart\Out_File\SEEKFREE.hex
*FILETIME* : 2024年04月25日, 20:04:11
*FILESIZE* : 95996 (0x0176FC)
*CODESIZE* : 98631 (0x018147)
*CHECKSUM* : 0x012609E8
*ISPMODE* : 2
*ISPRESULT* : 0
--------------------
[2024-04-25 20:04:48] : End
--------------------------------------------------
[2024-04-25 20:05:59] : Begin
--------------------
*MCUTYPE* : STC32G12K128
*MCUID* : F7E3C923007DAD
*FILENAME* : E:\RoboContest\#CyberCartMCU\CyberCart\Out_File\SEEKFREE.hex
*FILETIME* : 2024年04月25日, 20:05:58
*FILESIZE* : 96016 (0x017710)
*CODESIZE* : 98641 (0x018151)
*CHECKSUM* : 0x0126137B
*ISPMODE* : 2
*ISPRESULT* : 0
--------------------
[2024-04-25 20:06:08] : End
--------------------------------------------------
[2024-04-25 20:07:16] : Begin
--------------------
*MCUTYPE* : STC32G12K128
*MCUID* : F7E3C923007DAD
*FILENAME* : E:\RoboContest\#CyberCartMCU\CyberCart\Out_File\SEEKFREE.hex
*FILETIME* : 2024年04月25日, 20:07:15
*FILESIZE* : 96006 (0x017706)
*CODESIZE* : 98636 (0x01814C)
*CHECKSUM* : 0x01260CD4
*ISPMODE* : 2
*ISPRESULT* : 0
--------------------
[2024-04-25 20:07:28] : End
--------------------------------------------------
[2024-04-25 20:09:15] : Begin
--------------------
*MCUTYPE* : STC32G12K128
*MCUID* : F7E3C923007DAD
*FILENAME* : E:\RoboContest\#CyberCartMCU\CyberCart\Out_File\SEEKFREE.hex
*FILETIME* : 2024年04月25日, 20:09:14
*FILESIZE* : 96125 (0x01777D)
*CODESIZE* : 98676 (0x018174)
*CHECKSUM* : 0x01262803
*ISPMODE* : 2
*ISPRESULT* : 0
--------------------
[2024-04-25 20:09:27] : End
--------------------------------------------------
[2024-04-25 20:09:55] : Begin
--------------------
*MCUTYPE* : STC32G12K128
*MCUID* : F7E3C923007DAD
*FILENAME* : E:\RoboContest\#CyberCartMCU\CyberCart\Out_File\SEEKFREE.hex
*FILETIME* : 2024年04月25日, 20:09:54
*FILESIZE* : 96125 (0x01777D)
*CODESIZE* : 98676 (0x018174)
*CHECKSUM* : 0x012627D1
*ISPMODE* : 2
*ISPRESULT* : 0
--------------------
[2024-04-25 20:10:06] : End
--------------------------------------------------
[2024-04-25 20:10:54] : Begin
--------------------
*MCUTYPE* : STC32G12K128
*MCUID* : F7E3C923007DAD
*FILENAME* : E:\RoboContest\#CyberCartMCU\CyberCart\Out_File\SEEKFREE.hex
*FILETIME* : 2024年04月25日, 20:10:53
*FILESIZE* : 96131 (0x017783)
*CODESIZE* : 98679 (0x018177)
*CHECKSUM* : 0x0126291B
*ISPMODE* : 2
*ISPRESULT* : 0
--------------------
[2024-04-25 20:11:02] : End
--------------------------------------------------
[2024-04-25 20:12:56] : Begin
--------------------
*MCUTYPE* : STC32G12K128
*MCUID* : F7E3C923007DAD
*FILENAME* : E:\RoboContest\#CyberCartMCU\CyberCart\Out_File\SEEKFREE.hex
*FILETIME* : 2024年04月25日, 20:12:55
*FILESIZE* : 96102 (0x017766)
*CODESIZE* : 98671 (0x01816F)
*CHECKSUM* : 0x012620E3
*ISPMODE* : 2
*ISPRESULT* : 0
--------------------
[2024-04-25 20:13:08] : End
--------------------------------------------------
[2024-04-25 20:13:32] : Begin
--------------------
*MCUTYPE* : STC32G12K128
*MCUID* : F7E3C923007DAD
*FILENAME* : E:\RoboContest\#CyberCartMCU\CyberCart\Out_File\SEEKFREE.hex
*FILETIME* : 2024年04月25日, 20:13:31
*FILESIZE* : 96055 (0x017737)
*CODESIZE* : 98654 (0x01815E)
*CHECKSUM* : 0x01260DD9
*ISPMODE* : 2
*ISPRESULT* : 0
--------------------
[2024-04-25 20:13:44] : End
--------------------------------------------------
[2024-04-25 20:13:58] : Begin
--------------------
*MCUTYPE* : STC32G12K128
*MCUID* : F7E3C923007DAD
*FILENAME* : E:\RoboContest\#CyberCartMCU\CyberCart\Out_File\SEEKFREE.hex
*FILETIME* : 2024年04月25日, 20:13:57
*FILESIZE* : 95996 (0x0176FC)
*CODESIZE* : 98631 (0x018147)
*CHECKSUM* : 0x01260A0F
*ISPMODE* : 2
*ISPRESULT* : 0
--------------------
[2024-04-25 20:14:10] : End
--------------------------------------------------
[2024-04-25 20:15:00] : Begin
--------------------
*MCUTYPE* : STC32G12K128
*MCUID* : F7E3C923007DAD
*FILENAME* : E:\RoboContest\#CyberCartMCU\CyberCart\Out_File\SEEKFREE.hex
*FILETIME* : 2024年04月25日, 20:14:59
*FILESIZE* : 96102 (0x017766)
*CODESIZE* : 98671 (0x01816F)
*CHECKSUM* : 0x012620E1
*ISPMODE* : 2
*ISPRESULT* : 0
--------------------
[2024-04-25 20:15:12] : End
--------------------------------------------------
[2024-04-25 20:16:06] : Begin
--------------------
*MCUTYPE* : STC32G12K128
*MCUID* : F7E3C923007DAD
*FILENAME* : E:\RoboContest\#CyberCartMCU\CyberCart\Out_File\SEEKFREE.hex
*FILETIME* : 2024年04月25日, 20:16:05
*FILESIZE* : 96192 (0x0177C0)
*CODESIZE* : 98703 (0x01818F)
*CHECKSUM* : 0x012634C4
*ISPMODE* : 2
*ISPRESULT* : 0
--------------------
[2024-04-25 20:16:18] : End
--------------------------------------------------
[2024-04-25 20:16:52] : Begin
--------------------
*MCUTYPE* : STC32G12K128
*MCUID* : F7E3C923007DAD
*FILENAME* : E:\RoboContest\#CyberCartMCU\CyberCart\Out_File\SEEKFREE.hex
*FILETIME* : 2024年04月25日, 20:16:51
*FILESIZE* : 96192 (0x0177C0)
*CODESIZE* : 98703 (0x01818F)
*CHECKSUM* : 0x012634C4
*ISPMODE* : 2
*ISPRESULT* : 0
--------------------
[2024-04-25 20:17:04] : End
--------------------------------------------------
[2024-04-25 20:17:24] : Begin
--------------------
*MCUTYPE* : STC32G12K128
*MCUID* : F7E3C923007DAD
*FILENAME* : E:\RoboContest\#CyberCartMCU\CyberCart\Out_File\SEEKFREE.hex
*FILETIME* : 2024年04月25日, 20:17:23
*FILESIZE* : 96145 (0x017791)
*CODESIZE* : 98686 (0x01817E)
*CHECKSUM* : 0x0126209A
*ISPMODE* : 2
*ISPRESULT* : 0
--------------------
[2024-04-25 20:17:36] : End
--------------------------------------------------
[2024-04-25 20:18:25] : Begin
--------------------
*MCUTYPE* : STC32G12K128
*MCUID* : F7E3C923007DAD
*FILENAME* : E:\RoboContest\#CyberCartMCU\CyberCart\Out_File\SEEKFREE.hex
*FILETIME* : 2024年04月25日, 20:18:24
*FILESIZE* : 96145 (0x017791)
*CODESIZE* : 98686 (0x01817E)
*CHECKSUM* : 0x0126209B
*ISPMODE* : 2
*ISPRESULT* : 0
--------------------
[2024-04-25 20:18:37] : End
--------------------------------------------------
[2024-04-25 20:19:21] : Begin
--------------------
*MCUTYPE* : STC32G12K128
*MCUID* : F7E3C923007DAD
*FILENAME* : E:\RoboContest\#CyberCartMCU\CyberCart\Out_File\SEEKFREE.hex
*FILETIME* : 2024年04月25日, 20:19:20
*FILESIZE* : 96137 (0x017789)
*CODESIZE* : 98682 (0x01817A)
*CHECKSUM* : 0x01261FE0
*ISPMODE* : 2
*ISPRESULT* : 0
--------------------
[2024-04-25 20:19:33] : End
--------------------------------------------------
[2024-04-25 20:21:49] : Begin
--------------------
*MCUTYPE* : STC32G12K128
*MCUID* : F7E3C923007DAD
*FILENAME* : E:\RoboContest\#CyberCartMCU\CyberCart\Out_File\SEEKFREE.hex
*FILETIME* : 2024年04月25日, 20:21:48
*FILESIZE* : 96190 (0x0177BE)
*CODESIZE* : 98702 (0x01818E)
*CHECKSUM* : 0x012634A6
*ISPMODE* : 2
*ISPRESULT* : 0
--------------------
[2024-04-25 20:22:02] : End
--------------------------------------------------
[2024-04-25 20:22:51] : Begin
--------------------
*MCUTYPE* : STC32G12K128
*FILENAME* : E:\RoboContest\#CyberCartMCU\CyberCart\Out_File\SEEKFREE.hex
*FILETIME* : 2024年04月25日, 20:22:50
*FILESIZE* : 96190 (0x0177BE)
*CODESIZE* : 98702 (0x01818E)
*CHECKSUM* : 0x012634A6
*ISPMODE* : 2
*ISPRESULT* : 3
--------------------
[2024-04-25 20:23:12] : End
--------------------------------------------------
[2024-04-25 20:23:13] : Begin
--------------------
*MCUTYPE* : STC32G12K128
*FILENAME* : E:\RoboContest\#CyberCartMCU\CyberCart\Out_File\SEEKFREE.hex
*FILETIME* : 2024年04月25日, 20:22:50
*FILESIZE* : 96190 (0x0177BE)
*CODESIZE* : 98702 (0x01818E)
*CHECKSUM* : 0x012634A6
*ISPMODE* : 2
*ISPRESULT* : -1
--------------------
[2024-04-25 20:23:14] : End
--------------------------------------------------
[2024-04-25 20:23:24] : Begin
--------------------
*MCUTYPE* : STC32G12K128
*FILENAME* : E:\RoboContest\#CyberCartMCU\CyberCart\Out_File\SEEKFREE.hex
*FILETIME* : 2024年04月25日, 20:22:50
*FILESIZE* : 96190 (0x0177BE)
*CODESIZE* : 98702 (0x01818E)
*CHECKSUM* : 0x012634A6
*ISPMODE* : 2
*ISPRESULT* : 3
--------------------
[2024-04-25 20:23:35] : End
--------------------------------------------------
[2024-04-25 20:23:44] : Begin
--------------------
*MCUTYPE* : STC32G12K128
*FILENAME* : E:\RoboContest\#CyberCartMCU\CyberCart\Out_File\SEEKFREE.hex
*FILETIME* : 2024年04月25日, 20:22:50
*FILESIZE* : 96190 (0x0177BE)
*CODESIZE* : 98702 (0x01818E)
*CHECKSUM* : 0x012634A6
*ISPMODE* : 2
*ISPRESULT* : 3
--------------------
[2024-04-25 20:23:59] : End
--------------------------------------------------
[2024-04-25 20:24:39] : Begin
--------------------
*MCUTYPE* : STC32G12K128
*FILENAME* : E:\RoboContest\#CyberCartMCU\CyberCart\Out_File\SEEKFREE.hex
*FILETIME* : 2024年04月25日, 20:24:38
*FILESIZE* : 96055 (0x017737)
*CODESIZE* : 98654 (0x01815E)
*CHECKSUM* : 0x01261A18
*ISPMODE* : 2
*ISPRESULT* : 3
--------------------
[2024-04-25 20:24:52] : End
--------------------------------------------------
[2024-04-25 20:25:41] : Begin
--------------------
*MCUTYPE* : STC32G12K128
*MCUID* : F7E3C923007DAD
*FILENAME* : E:\RoboContest\#CyberCartMCU\CyberCart\Out_File\SEEKFREE.hex
*FILETIME* : 2024年04月25日, 20:24:38
*FILESIZE* : 96055 (0x017737)
*CODESIZE* : 98654 (0x01815E)
*CHECKSUM* : 0x01261A18
*ISPMODE* : 2
*ISPRESULT* : 0
--------------------
[2024-04-25 20:25:52] : End
--------------------------------------------------
[2024-04-25 20:27:32] : Begin
--------------------
*MCUTYPE* : STC32G12K128
*MCUID* : F7E3C923007DAD
*FILENAME* : E:\RoboContest\#CyberCartMCU\CyberCart\Out_File\SEEKFREE.hex
*FILETIME* : 2024年04月25日, 20:27:31
*FILESIZE* : 96098 (0x017762)
*CODESIZE* : 98669 (0x01816D)
*CHECKSUM* : 0x01261ADF
*ISPMODE* : 2
*ISPRESULT* : 0
--------------------
[2024-04-25 20:27:40] : End
--------------------------------------------------
[2024-04-25 20:29:46] : Begin
--------------------
*MCUTYPE* : STC32G12K128
*MCUID* : F7E3C923007DAD
*FILENAME* : E:\RoboContest\#CyberCartMCU\CyberCart\Out_File\SEEKFREE.hex
*FILETIME* : 2024年04月25日, 20:29:45
*FILESIZE* : 96088 (0x017758)
*CODESIZE* : 98664 (0x018168)
*CHECKSUM* : 0x0126163E
*ISPMODE* : 2
*ISPRESULT* : 2
--------------------
[2024-04-25 20:29:52] : End
--------------------------------------------------
[2024-04-25 20:29:56] : Begin
--------------------
*MCUTYPE* : STC32G12K128
*MCUID* : F7E3C923007DAD
*FILENAME* : E:\RoboContest\#CyberCartMCU\CyberCart\Out_File\SEEKFREE.hex
*FILETIME* : 2024年04月25日, 20:29:45
*FILESIZE* : 96088 (0x017758)
*CODESIZE* : 98664 (0x018168)
*CHECKSUM* : 0x0126163E
*ISPMODE* : 2
*ISPRESULT* : 0
--------------------
[2024-04-25 20:30:08] : End
--------------------------------------------------
[2024-04-25 20:30:57] : Begin
--------------------
*MCUTYPE* : STC32G12K128
*MCUID* : F7E3C923007DAD
*FILENAME* : E:\RoboContest\#CyberCartMCU\CyberCart\Out_File\SEEKFREE.hex
*FILETIME* : 2024年04月25日, 20:30:56
*FILESIZE* : 96082 (0x017752)
*CODESIZE* : 98661 (0x018165)
*CHECKSUM* : 0x01261912
*ISPMODE* : 2
*ISPRESULT* : 0
--------------------
[2024-04-25 20:31:09] : End
--------------------------------------------------
[2024-04-25 20:32:26] : Begin
--------------------
*MCUTYPE* : STC32G12K128
*MCUID* : F7E3C923007DAD
*FILENAME* : E:\RoboContest\#CyberCartMCU\CyberCart\Out_File\SEEKFREE.hex
*FILETIME* : 2024年04月25日, 20:32:25
*FILESIZE* : 96082 (0x017752)
*CODESIZE* : 98661 (0x018165)
*CHECKSUM* : 0x0125F551
*ISPMODE* : 2
*ISPRESULT* : 0
--------------------
[2024-04-25 20:32:40] : End
--------------------------------------------------
[2024-04-25 20:43:00] : Begin
--------------------
*MCUTYPE* : STC32G12K128
*FILENAME* : E:\RoboContest\#CyberCartMCU\CyberCart\Out_File\SEEKFREE.hex
*FILETIME* : 2024年04月25日, 20:42:58
*FILESIZE* : 96767 (0x0179FF)
*CODESIZE* : 98906 (0x01825A)
*CHECKSUM* : 0x01260DD4
*ISPMODE* : 2
*ISPRESULT* : 3
--------------------
[2024-04-25 20:43:03] : End
--------------------------------------------------
[2024-04-25 20:43:05] : Begin
--------------------
*MCUTYPE* : STC32G12K128
*MCUID* : F7E3C923007DAD
*FILENAME* : E:\RoboContest\#CyberCartMCU\CyberCart\Out_File\SEEKFREE.hex
*FILETIME* : 2024年04月25日, 20:42:58
*FILESIZE* : 96767 (0x0179FF)
*CODESIZE* : 98906 (0x01825A)
*CHECKSUM* : 0x01260DD4
*ISPMODE* : 2
*ISPRESULT* : 0
--------------------
[2024-04-25 20:43:14] : End
--------------------------------------------------
[2024-04-25 20:50:51] : Begin
--------------------
*MCUTYPE* : STC32G12K128
*MCUID* : F7E3C91F00B7B6
*FILENAME* : E:\RoboContest\#CyberCartMCU\CyberCart\Out_File\SEEKFREE.hex
*FILETIME* : 2024年04月25日, 20:42:58
*FILESIZE* : 96767 (0x0179FF)
*CODESIZE* : 98906 (0x01825A)
*CHECKSUM* : 0x01260DD4
*ISPMODE* : 2
*ISPRESULT* : 0
--------------------
[2024-04-25 20:51:08] : End
--------------------------------------------------
[2024-04-25 20:54:00] : Begin
--------------------
*MCUTYPE* : STC32G12K128
*FILENAME* : E:\RoboContest\#CyberCartMCU\CyberCart\Out_File\SEEKFREE.hex
*FILETIME* : 2024年04月25日, 20:42:58
*FILESIZE* : 96767 (0x0179FF)
*CODESIZE* : 98906 (0x01825A)
*CHECKSUM* : 0x01260DD4
*ISPMODE* : 2
*ISPRESULT* : -1
--------------------
[2024-04-25 20:54:00] : End
--------------------------------------------------
[2024-04-25 20:54:01] : Begin
--------------------
*MCUTYPE* : STC32G12K128
*MCUID* : F7E3C923007DAD
*FILENAME* : E:\RoboContest\#CyberCartMCU\CyberCart\Out_File\SEEKFREE.hex
*FILETIME* : 2024年04月25日, 20:42:58
*FILESIZE* : 96767 (0x0179FF)
*CODESIZE* : 98906 (0x01825A)
*CHECKSUM* : 0x01260DD4
*ISPMODE* : 2
*ISPRESULT* : 0
--------------------
[2024-04-25 20:54:12] : End
--------------------------------------------------
[2024-04-25 21:03:25] : Begin
--------------------
*MCUTYPE* : STC32G12K128
*MCUID* : F7E3C923007DAD
*FILENAME* : E:\RoboContest\#CyberCartMCU\CyberCart\Out_File\SEEKFREE.hex
*FILETIME* : 2024年04月25日, 21:03:23
*FILESIZE* : 96820 (0x017A34)
*CODESIZE* : 98926 (0x01826E)
*CHECKSUM* : 0x01261FC5
*ISPMODE* : 2
*ISPRESULT* : 0
--------------------
[2024-04-25 21:03:35] : End
--------------------------------------------------
[2024-04-25 21:04:36] : Begin
--------------------
*MCUTYPE* : STC32G12K128
*MCUID* : F7E3C923007DAD
*FILENAME* : E:\RoboContest\#CyberCartMCU\CyberCart\Out_File\SEEKFREE.hex
*FILETIME* : 2024年04月25日, 21:04:35
*FILESIZE* : 96853 (0x017A55)
*CODESIZE* : 98936 (0x018278)
*CHECKSUM* : 0x01262B63
*ISPMODE* : 2
*ISPRESULT* : 0
--------------------
[2024-04-25 21:04:47] : End
--------------------------------------------------
[2024-04-25 21:16:35] : Begin
--------------------
*MCUTYPE* : STC32G12K128
*MCUID* : F7E3C923007DAD
*FILENAME* : E:\RoboContest\#CyberCartMCU\CyberCart\Out_File\SEEKFREE.hex
*FILETIME* : 2024年04月25日, 21:16:33
*FILESIZE* : 96865 (0x017A61)
*CODESIZE* : 98942 (0x01827E)
*CHECKSUM* : 0x01262F55
*ISPMODE* : 2
*ISPRESULT* : 0
--------------------
[2024-04-25 21:16:45] : End
--------------------------------------------------
