[2024-04-30 17:39:58] : Begin
--------------------
*MCUTYPE* : STC32G12K128
*MCUID* : F7E3C923007DAD
*FILENAME* : E:\RoboContest\#CyberCartMCU\CyberCart\Out_File\SEEKFREE.hex
*FILETIME* : 2024年04月30日, 17:39:39
*FILESIZE* : 81182 (0x013D1E)
*CODESIZE* : 93363 (0x016CB3)
*CHECKSUM* : 0x011EC6FD
*ISPMODE* : 2
*ISPRESULT* : 0
--------------------
[2024-04-30 17:40:06] : End
--------------------------------------------------
[2024-04-30 17:41:56] : Begin
--------------------
*MCUTYPE* : STC32G12K128
*MCUID* : F7E3C923007DAD
*FILENAME* : E:\RoboContest\#CyberCartMCU\CyberCart\Out_File\SEEKFREE.hex
*FILETIME* : 2024年04月30日, 17:41:55
*FILESIZE* : 79149 (0x01352D)
*CODESIZE* : 92639 (0x0169DF)
*CHECKSUM* : 0x011DD1A9
*ISPMODE* : 2
*ISPRESULT* : 0
--------------------
[2024-04-30 17:42:05] : End
--------------------------------------------------
[2024-04-30 17:53:13] : Begin
--------------------
*MCUTYPE* : STC32G12K128
*FILENAME* : E:\RoboContest\#CyberCartMCU\CyberCart\Out_File\SEEKFREE.hex
*FILETIME* : 2024年04月30日, 17:41:55
*FILESIZE* : 79149 (0x01352D)
*CODESIZE* : 92639 (0x0169DF)
*CHECKSUM* : 0x011DD1A9
*ISPMODE* : 2
*ISPRESULT* : 1
--------------------
[2024-04-30 17:53:32] : End
--------------------------------------------------
[2024-04-30 17:53:38] : Begin
--------------------
*MCUTYPE* : STC32G12K128
*FILENAME* : E:\RoboContest\#CyberCartMCU\CyberCart\Out_File\SEEKFREE.hex
*FILETIME* : 2024年04月30日, 17:41:55
*FILESIZE* : 79149 (0x01352D)
*CODESIZE* : 92639 (0x0169DF)
*CHECKSUM* : 0x011DD1A9
*ISPMODE* : 2
*ISPRESULT* : 1
--------------------
[2024-04-30 17:53:46] : End
--------------------------------------------------
[2024-04-30 17:54:40] : Begin
--------------------
*MCUTYPE* : STC32G12K128
*MCUID* : F7E3C923007DAD
*FILENAME* : E:\RoboContest\#CyberCartMCU\CyberCart\Out_File\SEEKFREE.hex
*FILETIME* : 2024年04月30日, 17:41:55
*FILESIZE* : 79149 (0x01352D)
*CODESIZE* : 92639 (0x0169DF)
*CHECKSUM* : 0x011DD1A9
*ISPMODE* : 2
*ISPRESULT* : 0
--------------------
[2024-04-30 17:54:54] : End
--------------------------------------------------
[2024-04-30 18:01:43] : Begin
--------------------
*MCUTYPE* : STC32G12K128
*MCUID* : F7E3C923007DAD
*FILENAME* : E:\RoboContest\#CyberCartMCU\CyberCart\Out_File\SEEKFREE.hex
*FILETIME* : 2024年04月30日, 18:01:42
*FILESIZE* : 79188 (0x013554)
*CODESIZE* : 92652 (0x0169EC)
*CHECKSUM* : 0x011DE39F
*ISPMODE* : 2
*ISPRESULT* : 0
--------------------
[2024-04-30 18:02:25] : End
--------------------------------------------------
[2024-04-30 18:03:29] : Begin
--------------------
*MCUTYPE* : STC32G12K128
*FILENAME* : E:\RoboContest\#CyberCartMCU\CyberCart\Out_File\SEEKFREE.hex
*FILETIME* : 2024年04月30日, 18:01:42
*FILESIZE* : 79188 (0x013554)
*CODESIZE* : 92652 (0x0169EC)
*CHECKSUM* : 0x011DE39F
*ISPMODE* : 8
*ISPRESULT* : 1
--------------------
[2024-04-30 18:03:36] : End
--------------------------------------------------
[2024-04-30 18:03:39] : Begin
--------------------
*MCUTYPE* : STC32G12K128
*FILENAME* : E:\RoboContest\#CyberCartMCU\CyberCart\Out_File\SEEKFREE.hex
*FILETIME* : 2024年04月30日, 18:01:42
*FILESIZE* : 79188 (0x013554)
*CODESIZE* : 92652 (0x0169EC)
*CHECKSUM* : 0x011DE39F
*ISPMODE* : 8
*ISPRESULT* : 1
--------------------
[2024-04-30 18:03:45] : End
--------------------------------------------------
[2024-04-30 18:03:48] : Begin
--------------------
*MCUTYPE* : STC32G12K128
*FILENAME* : E:\RoboContest\#CyberCartMCU\CyberCart\Out_File\SEEKFREE.hex
*FILETIME* : 2024年04月30日, 18:01:42
*FILESIZE* : 79188 (0x013554)
*CODESIZE* : 92652 (0x0169EC)
*CHECKSUM* : 0x011DE39F
*ISPMODE* : 8
*ISPRESULT* : 1
--------------------
[2024-04-30 18:03:53] : End
--------------------------------------------------
[2024-04-30 18:03:56] : Begin
--------------------
*MCUTYPE* : STC32G12K128
*FILENAME* : E:\RoboContest\#CyberCartMCU\CyberCart\Out_File\SEEKFREE.hex
*FILETIME* : 2024年04月30日, 18:01:42
*FILESIZE* : 79188 (0x013554)
*CODESIZE* : 92652 (0x0169EC)
*CHECKSUM* : 0x011DE39F
*ISPMODE* : 8
*ISPRESULT* : 1
--------------------
[2024-04-30 18:04:02] : End
--------------------------------------------------
[2024-04-30 18:04:05] : Begin
--------------------
*MCUTYPE* : STC32G12K128
*MCUID* : F7E3C923007DAD
*FILENAME* : E:\RoboContest\#CyberCartMCU\CyberCart\Out_File\SEEKFREE.hex
*FILETIME* : 2024年04月30日, 18:01:42
*FILESIZE* : 79188 (0x013554)
*CODESIZE* : 92652 (0x0169EC)
*CHECKSUM* : 0x011DE39F
*ISPMODE* : 8
*ISPRESULT* : 0
--------------------
[2024-04-30 18:04:10] : End
--------------------------------------------------
[2024-04-30 18:13:08] : Begin
--------------------
*MCUTYPE* : STC32G12K128
*FILENAME* : E:\RoboContest\#CyberCartMCU\CyberCart\Out_File\SEEKFREE.hex
*FILETIME* : 2024年04月30日, 18:13:08
*FILESIZE* : 79151 (0x01352F)
*CODESIZE* : 92640 (0x0169E0)
*CHECKSUM* : 0x011DD64D
*ISPMODE* : 2
*ISPRESULT* : 1
--------------------
[2024-04-30 18:13:32] : End
--------------------------------------------------
[2024-04-30 18:13:37] : Begin
--------------------
*MCUTYPE* : STC32G12K128
*MCUID* : F7E3C923007DAD
*FILENAME* : E:\RoboContest\#CyberCartMCU\CyberCart\Out_File\SEEKFREE.hex
*FILETIME* : 2024年04月30日, 18:13:08
*FILESIZE* : 79151 (0x01352F)
*CODESIZE* : 92640 (0x0169E0)
*CHECKSUM* : 0x011DD64D
*ISPMODE* : 2
*ISPRESULT* : 0
--------------------
[2024-04-30 18:13:50] : End
--------------------------------------------------
[2024-04-30 18:16:17] : Begin
--------------------
*MCUTYPE* : STC32G12K128
*MCUID* : F7E3C923007DAD
*FILENAME* : E:\RoboContest\#CyberCartMCU\CyberCart\Out_File\SEEKFREE.hex
*FILETIME* : 2024年04月30日, 18:16:16
*FILESIZE* : 78816 (0x0133E0)
*CODESIZE* : 92518 (0x016966)
*CHECKSUM* : 0x011DAD82
*ISPMODE* : 2
*ISPRESULT* : 0
--------------------
[2024-04-30 18:16:31] : End
--------------------------------------------------
[2024-04-30 18:17:23] : Begin
--------------------
*MCUTYPE* : STC32G12K128
*MCUID* : F7E3C923007DAD
*FILENAME* : E:\RoboContest\#CyberCartMCU\CyberCart\Out_File\SEEKFREE.hex
*FILETIME* : 2024年04月30日, 18:17:22
*FILESIZE* : 78102 (0x013116)
*CODESIZE* : 92265 (0x016869)
*CHECKSUM* : 0x011D46CF
*ISPMODE* : 2
*ISPRESULT* : 0
--------------------
[2024-04-30 18:17:37] : End
--------------------------------------------------
[2024-04-30 18:17:56] : Begin
--------------------
*MCUTYPE* : STC32G12K128
*MCUID* : F7E3C923007DAD
*FILENAME* : E:\RoboContest\#CyberCartMCU\CyberCart\Out_File\SEEKFREE.hex
*FILETIME* : 2024年04月30日, 18:17:55
*FILESIZE* : 78689 (0x013361)
*CODESIZE* : 92474 (0x01693A)
*CHECKSUM* : 0x011D9ACF
*ISPMODE* : 2
*ISPRESULT* : 0
--------------------
[2024-04-30 18:18:09] : End
--------------------------------------------------
[2024-04-30 18:19:06] : Begin
--------------------
*MCUTYPE* : STC32G12K128
*FILENAME* : E:\RoboContest\#CyberCartMCU\CyberCart\Out_File\SEEKFREE.hex
*FILETIME* : 2024年04月30日, 18:19:05
*FILESIZE* : 78906 (0x01343A)
*CODESIZE* : 92550 (0x016986)
*CHECKSUM* : 0x011DC94E
*ISPMODE* : 2
*ISPRESULT* : 1
--------------------
[2024-04-30 18:19:17] : End
--------------------------------------------------
[2024-04-30 18:19:20] : Begin
--------------------
*MCUTYPE* : STC32G12K128
*MCUID* : F7E3C923007DAD
*FILENAME* : E:\RoboContest\#CyberCartMCU\CyberCart\Out_File\SEEKFREE.hex
*FILETIME* : 2024年04月30日, 18:19:17
*FILESIZE* : 78914 (0x013442)
*CODESIZE* : 92550 (0x016986)
*CHECKSUM* : 0x011DC94E
*ISPMODE* : 2
*ISPRESULT* : 0
--------------------
[2024-04-30 18:19:34] : End
--------------------------------------------------
[2024-04-30 18:21:06] : Begin
--------------------
*MCUTYPE* : STC32G12K128
*MCUID* : F7E3C923007DAD
*FILENAME* : E:\RoboContest\#CyberCartMCU\CyberCart\Out_File\SEEKFREE.hex
*FILETIME* : 2024年04月30日, 18:20:59
*FILESIZE* : 94738 (0x017212)
*CODESIZE* : 92554 (0x01698A)
*CHECKSUM* : 0x011DCBBA
*ISPMODE* : 2
*ISPRESULT* : 0
--------------------
[2024-04-30 18:21:20] : End
--------------------------------------------------
[2024-04-30 18:26:50] : Begin
--------------------
*MCUTYPE* : STC32G12K128
*FILENAME* : E:\RoboContest\#CyberCartMCU\CyberCart\Out_File\SEEKFREE.hex
*FILETIME* : 2024年04月30日, 18:26:42
*FILESIZE* : 79266 (0x0135A2)
*CODESIZE* : 98180 (0x017F84)
*CHECKSUM* : 0x0125AE26
*ISPMODE* : 2
*ISPRESULT* : 1
--------------------
[2024-04-30 18:26:52] : End
--------------------------------------------------
[2024-04-30 18:26:56] : Begin
--------------------
*MCUTYPE* : STC32G12K128
*FILENAME* : E:\RoboContest\#CyberCartMCU\CyberCart\Out_File\SEEKFREE.hex
*FILETIME* : 2024年04月30日, 18:26:42
*FILESIZE* : 79266 (0x0135A2)
*CODESIZE* : 92678 (0x016A06)
*CHECKSUM* : 0x011DCC68
*ISPMODE* : 2
*ISPRESULT* : 1
--------------------
[2024-04-30 18:27:01] : End
--------------------------------------------------
[2024-04-30 18:27:06] : Begin
--------------------
*MCUTYPE* : STC32G12K128
*FILENAME* : E:\RoboContest\#CyberCartMCU\CyberCart\Out_File\SEEKFREE.hex
*FILETIME* : 2024年04月30日, 18:26:42
*FILESIZE* : 79266 (0x0135A2)
*CODESIZE* : 92678 (0x016A06)
*CHECKSUM* : 0x011DCC68
*ISPMODE* : 1
*ISPRESULT* : 1
--------------------
[2024-04-30 18:27:07] : End
--------------------------------------------------
[2024-04-30 18:27:07] : Begin
--------------------
*MCUTYPE* : STC32G12K128
*MCUID* : F7E3C923007DAD
*FILENAME* : E:\RoboContest\#CyberCartMCU\CyberCart\Out_File\SEEKFREE.hex
*FILETIME* : 2024年04月30日, 18:26:42
*FILESIZE* : 79266 (0x0135A2)
*CODESIZE* : 92678 (0x016A06)
*CHECKSUM* : 0x011DCC68
*ISPMODE* : 2
*ISPRESULT* : 0
--------------------
[2024-04-30 18:27:21] : End
--------------------------------------------------
[2024-04-30 18:28:40] : Begin
--------------------
*MCUTYPE* : STC32G12K128
*MCUID* : F7E3C923007DAD
*FILENAME* : E:\RoboContest\#CyberCartMCU\CyberCart\Out_File\SEEKFREE.hex
*FILETIME* : 2024年04月30日, 18:28:34
*FILESIZE* : 79270 (0x0135A6)
*CODESIZE* : 92678 (0x016A06)
*CHECKSUM* : 0x011DCC68
*ISPMODE* : 2
*ISPRESULT* : 0
--------------------
[2024-04-30 18:28:53] : End
--------------------------------------------------
[2024-04-30 18:36:58] : Begin
--------------------
*MCUTYPE* : STC32G12K128
*FILENAME* : E:\RoboContest\#CyberCartMCU\CyberCart\Out_File\SEEKFREE.hex
*FILETIME* : 2024年04月30日, 18:36:58
*FILESIZE* : 79853 (0x0137ED)
*CODESIZE* : 92889 (0x016AD9)
*CHECKSUM* : 0x011E2AC8
*ISPMODE* : 2
*ISPRESULT* : 3
--------------------
[2024-04-30 18:37:01] : End
--------------------------------------------------
[2024-04-30 18:37:05] : Begin
--------------------
*MCUTYPE* : STC32G12K128
*MCUID* : F7E3C923007DAD
*FILENAME* : E:\RoboContest\#CyberCartMCU\CyberCart\Out_File\SEEKFREE.hex
*FILETIME* : 2024年04月30日, 18:36:58
*FILESIZE* : 79853 (0x0137ED)
*CODESIZE* : 92889 (0x016AD9)
*CHECKSUM* : 0x011E2AC8
*ISPMODE* : 2
*ISPRESULT* : 0
--------------------
[2024-04-30 18:37:12] : End
--------------------------------------------------
[2024-04-30 18:40:03] : Begin
--------------------
*MCUTYPE* : STC32G12K128
*MCUID* : F7E3C923007DAD
*FILENAME* : E:\RoboContest\#CyberCartMCU\CyberCart\Out_File\SEEKFREE.hex
*FILETIME* : 2024年04月30日, 18:40:02
*FILESIZE* : 79890 (0x013812)
*CODESIZE* : 92901 (0x016AE5)
*CHECKSUM* : 0x011E35B7
*ISPMODE* : 2
*ISPRESULT* : 0
--------------------
[2024-04-30 18:40:13] : End
--------------------------------------------------
[2024-04-30 18:42:01] : Begin
--------------------
*MCUTYPE* : STC32G12K128
*MCUID* : F7E3C923007DAD
*FILENAME* : E:\RoboContest\#CyberCartMCU\CyberCart\Out_File\SEEKFREE.hex
*FILETIME* : 2024年04月30日, 18:42:00
*FILESIZE* : 79871 (0x0137FF)
*CODESIZE* : 92898 (0x016AE2)
*CHECKSUM* : 0x011E3338
*ISPMODE* : 2
*ISPRESULT* : 0
--------------------
[2024-04-30 18:42:10] : End
--------------------------------------------------
[2024-04-30 18:43:06] : Begin
--------------------
*MCUTYPE* : STC32G12K128
*MCUID* : F7E3C923007DAD
*FILENAME* : E:\RoboContest\#CyberCartMCU\CyberCart\Out_File\SEEKFREE.hex
*FILETIME* : 2024年04月30日, 18:42:00
*FILESIZE* : 79871 (0x0137FF)
*CODESIZE* : 92898 (0x016AE2)
*CHECKSUM* : 0x011E3338
*ISPMODE* : 8
*ISPRESULT* : 0
--------------------
[2024-04-30 18:43:14] : End
--------------------------------------------------
[2024-04-30 18:43:25] : Begin
--------------------
*MCUTYPE* : STC32G12K128
*MCUID* : F7E3C923007DAD
*FILENAME* : E:\RoboContest\#CyberCartMCU\CyberCart\Out_File\SEEKFREE.hex
*FILETIME* : 2024年04月30日, 18:42:00
*FILESIZE* : 79871 (0x0137FF)
*CODESIZE* : 92898 (0x016AE2)
*CHECKSUM* : 0x011E3338
*ISPMODE* : 2
*ISPRESULT* : 0
--------------------
[2024-04-30 18:43:33] : End
--------------------------------------------------
[2024-04-30 18:44:24] : Begin
--------------------
*MCUTYPE* : STC32G12K128
*MCUID* : F7E3C923007DAD
*FILENAME* : E:\RoboContest\#CyberCartMCU\CyberCart\Out_File\SEEKFREE.hex
*FILETIME* : 2024年04月30日, 18:44:24
*FILESIZE* : 79859 (0x0137F3)
*CODESIZE* : 92892 (0x016ADC)
*CHECKSUM* : 0x011E3065
*ISPMODE* : 2
*ISPRESULT* : 0
--------------------
[2024-04-30 18:44:34] : End
--------------------------------------------------
[2024-04-30 18:54:33] : Begin
--------------------
*MCUTYPE* : STC32G12K128
*FILENAME* : E:\RoboContest\#CyberCartMCU\CyberCart\Out_File\SEEKFREE.hex
*FILETIME* : 2024年04月30日, 18:54:32
*FILESIZE* : 97669 (0x017D85)
*CODESIZE* : 99223 (0x018397)
*CHECKSUM* : 0x0126DCC0
*ISPMODE* : 2
*ISPRESULT* : 3
--------------------
[2024-04-30 18:55:19] : End
--------------------------------------------------
[2024-04-30 18:55:20] : Begin
--------------------
*MCUTYPE* : STC32G12K128
*MCUID* : F7E3C923007DAD
*FILENAME* : E:\RoboContest\#CyberCartMCU\CyberCart\Out_File\SEEKFREE.hex
*FILETIME* : 2024年04月30日, 18:55:15
*FILESIZE* : 97675 (0x017D8B)
*CODESIZE* : 99226 (0x01839A)
*CHECKSUM* : 0x0126DEB5
*ISPMODE* : 2
*ISPRESULT* : 0
--------------------
[2024-04-30 18:55:29] : End
--------------------------------------------------
[2024-04-30 19:07:19] : Begin
--------------------
*MCUTYPE* : STC32G12K128
*MCUID* : F7E3C923007DAD
*FILENAME* : E:\RoboContest\#CyberCartMCU\CyberCart\Out_File\SEEKFREE.hex
*FILETIME* : 2024年04月30日, 19:07:18
*FILESIZE* : 97710 (0x017DAE)
*CODESIZE* : 99237 (0x0183A5)
*CHECKSUM* : 0x0126E5C8
*ISPMODE* : 2
*ISPRESULT* : 0
--------------------
[2024-04-30 19:07:31] : End
--------------------------------------------------
[2024-04-30 19:08:15] : Begin
--------------------
*MCUTYPE* : STC32G12K128
*MCUID* : F7E3C923007DAD
*FILENAME* : E:\RoboContest\#CyberCartMCU\CyberCart\Out_File\SEEKFREE.hex
*FILETIME* : 2024年04月30日, 19:08:14
*FILESIZE* : 97722 (0x017DBA)
*CODESIZE* : 99243 (0x0183AB)
*CHECKSUM* : 0x0126EC50
*ISPMODE* : 2
*ISPRESULT* : 0
--------------------
[2024-04-30 19:08:23] : End
--------------------------------------------------
[2024-04-30 19:09:28] : Begin
--------------------
*MCUTYPE* : STC32G12K128
*MCUID* : F7E3C923007DAD
*FILENAME* : E:\RoboContest\#CyberCartMCU\CyberCart\Out_File\SEEKFREE.hex
*FILETIME* : 2024年04月30日, 19:09:27
*FILESIZE* : 97685 (0x017D95)
*CODESIZE* : 99231 (0x01839F)
*CHECKSUM* : 0x0126E499
*ISPMODE* : 2
*ISPRESULT* : 0
--------------------
[2024-04-30 19:09:40] : End
--------------------------------------------------
[2024-04-30 19:13:05] : Begin
--------------------
*MCUTYPE* : STC32G12K128
*MCUID* : F7E3C923007DAD
*FILENAME* : E:\RoboContest\#CyberCartMCU\CyberCart\Out_File\SEEKFREE.hex
*FILETIME* : 2024年04月30日, 19:13:04
*FILESIZE* : 80035 (0x0138A3)
*CODESIZE* : 92954 (0x016B1A)
*CHECKSUM* : 0x011E738B
*ISPMODE* : 2
*ISPRESULT* : 0
--------------------
[2024-04-30 19:13:14] : End
--------------------------------------------------
[2024-04-30 19:21:16] : Begin
--------------------
*MCUTYPE* : STC32G12K128
*MCUID* : F7E3C923007DAD
*FILENAME* : E:\RoboContest\#CyberCartMCU\CyberCart\Out_File\SEEKFREE.hex
*FILETIME* : 2024年04月30日, 19:21:15
*FILESIZE* : 97941 (0x017E95)
*CODESIZE* : 99320 (0x0183F8)
*CHECKSUM* : 0x0126ECA6
*ISPMODE* : 2
*ISPRESULT* : 0
--------------------
[2024-04-30 19:21:26] : End
--------------------------------------------------
[2024-04-30 19:27:25] : Begin
--------------------
*MCUTYPE* : STC32G12K128
*MCUID* : F7E3C923007DAD
*FILENAME* : E:\RoboContest\#CyberCartMCU\CyberCart\Out_File\SEEKFREE.hex
*FILETIME* : 2024年04月30日, 19:27:24
*FILESIZE* : 97916 (0x017E7C)
*CODESIZE* : 99314 (0x0183F2)
*CHECKSUM* : 0x0126EB9A
*ISPMODE* : 2
*ISPRESULT* : 0
--------------------
[2024-04-30 19:27:34] : End
--------------------------------------------------
[2024-04-30 20:59:58] : Begin
--------------------
*MCUTYPE* : STC32G12K128
*MCUID* : F7E3C923007DAD
*FILENAME* : E:\RoboContest\#CyberCartMCU\CyberCart\Out_File\SEEKFREE.hex
*FILETIME* : 2024年04月30日, 20:59:57
*FILESIZE* : 97904 (0x017E70)
*CODESIZE* : 99308 (0x0183EC)
*CHECKSUM* : 0x0126F89C
*ISPMODE* : 2
*ISPRESULT* : 0
--------------------
[2024-04-30 21:00:13] : End
--------------------------------------------------
[2024-04-30 21:02:20] : Begin
--------------------
*MCUTYPE* : STC32G12K128
*MCUID* : F7E3C923007DAD
*FILENAME* : E:\RoboContest\#CyberCartMCU\CyberCart\Out_File\SEEKFREE.hex
*FILETIME* : 2024年04月30日, 21:02:19
*FILESIZE* : 97673 (0x017D89)
*CODESIZE* : 99225 (0x018399)
*CHECKSUM* : 0x0126DFB3
*ISPMODE* : 2
*ISPRESULT* : 0
--------------------
[2024-04-30 21:02:31] : End
--------------------------------------------------
[2024-04-30 21:03:42] : Begin
--------------------
*MCUTYPE* : STC32G12K128
*MCUID* : F7E3C923007DAD
*FILENAME* : E:\RoboContest\#CyberCartMCU\CyberCart\Out_File\SEEKFREE.hex
*FILETIME* : 2024年04月30日, 21:03:40
*FILESIZE* : 97679 (0x017D8F)
*CODESIZE* : 99228 (0x01839C)
*CHECKSUM* : 0x0126E567
*ISPMODE* : 2
*ISPRESULT* : 0
--------------------
[2024-04-30 21:03:52] : End
--------------------------------------------------
[2024-04-30 21:03:55] : Begin
--------------------
*MCUTYPE* : STC32G12K128
*MCUID* : F7E3C923007DAD
*FILENAME* : E:\RoboContest\#CyberCartMCU\CyberCart\Out_File\SEEKFREE.hex
*FILETIME* : 2024年04月30日, 21:03:54
*FILESIZE* : 97679 (0x017D8F)
*CODESIZE* : 99228 (0x01839C)
*CHECKSUM* : 0x0126E567
*ISPMODE* : 2
*ISPRESULT* : 0
--------------------
[2024-04-30 21:04:16] : End
--------------------------------------------------
