[2024-04-27 17:05:49] : Begin
--------------------
*MCUTYPE* : STC32G12K128
*MCUID* : F7E3C923007DAD
*FILENAME* : E:\RoboContest\#CyberCartMCU\CyberCart\Out_File\SEEKFREE.hex
*FILETIME* : 2024年04月27日, 17:05:28
*FILESIZE* : 122744 (0x01DF78)
*CODESIZE* : 108141 (0x01A66D)
*CHECKSUM* : 0x0132D93A
*ISPMODE* : 2
*ISPRESULT* : 0
--------------------
[2024-04-27 17:05:59] : End
--------------------------------------------------
[2024-04-27 17:43:53] : Begin
--------------------
*MCUTYPE* : STC32G12K128
*FILENAME* : E:\RoboContest\#CyberCartMCU\CyberCart\Out_File\SEEKFREE.hex
*FILETIME* : 2024年04月27日, 17:43:52
*FILESIZE* : 123088 (0x01E0D0)
*CODESIZE* : 108261 (0x01A6E5)
*CHECKSUM* : 0x0132C7E1
*ISPMODE* : 2
*ISPRESULT* : 3
--------------------
[2024-04-27 18:09:57] : End
--------------------------------------------------
[2024-04-27 18:09:58] : Begin
--------------------
*MCUTYPE* : STC32G12K128
*FILENAME* : E:\RoboContest\#CyberCartMCU\CyberCart\Out_File\SEEKFREE.hex
*FILETIME* : 2024年04月27日, 17:48:58
*FILESIZE* : 123088 (0x01E0D0)
*CODESIZE* : 108261 (0x01A6E5)
*CHECKSUM* : 0x0132C7E1
*ISPMODE* : 2
*ISPRESULT* : -1
--------------------
[2024-04-27 18:10:00] : End
--------------------------------------------------
[2024-04-27 18:10:01] : Begin
--------------------
*MCUTYPE* : STC32G12K128
*MCUID* : F7E3C923007DAD
*FILENAME* : E:\RoboContest\#CyberCartMCU\CyberCart\Out_File\SEEKFREE.hex
*FILETIME* : 2024年04月27日, 17:48:58
*FILESIZE* : 123088 (0x01E0D0)
*CODESIZE* : 108261 (0x01A6E5)
*CHECKSUM* : 0x0132C7E1
*ISPMODE* : 2
*ISPRESULT* : 0
--------------------
[2024-04-27 18:10:13] : End
--------------------------------------------------
[2024-04-27 18:11:01] : Begin
--------------------
*MCUTYPE* : STC32G12K128
*MCUID* : F7E3C923007DAD
*FILENAME* : E:\RoboContest\#CyberCartMCU\CyberCart\Out_File\SEEKFREE.hex
*FILETIME* : 2024年04月27日, 18:11:00
*FILESIZE* : 123088 (0x01E0D0)
*CODESIZE* : 108261 (0x01A6E5)
*CHECKSUM* : 0x0132C7E1
*ISPMODE* : 2
*ISPRESULT* : 0
--------------------
[2024-04-27 18:11:11] : End
--------------------------------------------------
[2024-04-27 18:12:10] : Begin
--------------------
*MCUTYPE* : STC32G12K128
*MCUID* : F7E3C923007DAD
*FILENAME* : E:\RoboContest\#CyberCartMCU\CyberCart\Out_File\SEEKFREE.hex
*FILETIME* : 2024年04月27日, 18:12:09
*FILESIZE* : 123327 (0x01E1BF)
*CODESIZE* : 108348 (0x01A73C)
*CHECKSUM* : 0x0133065C
*ISPMODE* : 2
*ISPRESULT* : 0
--------------------
[2024-04-27 18:12:20] : End
--------------------------------------------------
[2024-04-27 19:56:09] : Begin
--------------------
*MCUTYPE* : STC32G12K128
*FILENAME* : E:\RoboContest\#CyberCartMCU\CyberCart\Out_File\SEEKFREE.hex
*FILETIME* : 2024年04月27日, 19:56:08
*FILESIZE* : 122744 (0x01DF78)
*CODESIZE* : 108141 (0x01A66D)
*CHECKSUM* : 0x0132D93A
*ISPMODE* : 2
*ISPRESULT* : -1
--------------------
[2024-04-27 19:56:18] : End
--------------------------------------------------
[2024-04-27 19:56:22] : Begin
--------------------
*MCUTYPE* : STC32G12K128
*FILENAME* : E:\RoboContest\#CyberCartMCU\CyberCart\Out_File\SEEKFREE.hex
*FILETIME* : 2024年04月27日, 19:56:08
*FILESIZE* : 122744 (0x01DF78)
*CODESIZE* : 108141 (0x01A66D)
*CHECKSUM* : 0x0132D93A
*ISPMODE* : 2
*ISPRESULT* : -1
--------------------
[2024-04-27 19:56:23] : End
--------------------------------------------------
[2024-04-27 19:56:24] : Begin
--------------------
*MCUTYPE* : STC32G12K128
*FILENAME* : E:\RoboContest\#CyberCartMCU\CyberCart\Out_File\SEEKFREE.hex
*FILETIME* : 2024年04月27日, 19:56:08
*FILESIZE* : 122744 (0x01DF78)
*CODESIZE* : 108141 (0x01A66D)
*CHECKSUM* : 0x0132D93A
*ISPMODE* : 2
*ISPRESULT* : 3
--------------------
[2024-04-27 19:57:38] : End
--------------------------------------------------
[2024-04-27 19:57:41] : Begin
--------------------
*MCUTYPE* : STC32G12K128
*MCUID* : F7E3C923007DAD
*FILENAME* : E:\RoboContest\#CyberCartMCU\CyberCart\Out_File\SEEKFREE.hex
*FILETIME* : 2024年04月27日, 19:56:08
*FILESIZE* : 122744 (0x01DF78)
*CODESIZE* : 108141 (0x01A66D)
*CHECKSUM* : 0x0132D93A
*ISPMODE* : 2
*ISPRESULT* : 0
--------------------
[2024-04-27 19:57:52] : End
--------------------------------------------------
