[2024-05-01 13:34:24] : Begin
--------------------
*MCUTYPE* : STC32G12K128
*FILENAME* : E:\RoboContest\#CyberCartMCU\CyberCart\Out_File\SEEKFREE.hex
*FILETIME* : 2024年04月30日, 21:03:54
*FILESIZE* : 97679 (0x017D8F)
*CODESIZE* : 99228 (0x01839C)
*CHECKSUM* : 0x0126E567
*ISPMODE* : 2
*ISPRESULT* : 1
--------------------
[2024-05-01 13:34:54] : End
--------------------------------------------------
[2024-05-01 13:35:09] : Begin
--------------------
*MCUTYPE* : STC32G12K128
*MCUID* : F7E3CA7B002664
*FILENAME* : E:\RoboContest\#CyberCartMCU\CyberCart\Out_File\SEEKFREE.hex
*FILETIME* : 2024年04月30日, 21:03:54
*FILESIZE* : 97679 (0x017D8F)
*CODESIZE* : 99228 (0x01839C)
*CHECKSUM* : 0x0126E567
*ISPMODE* : 2
*ISPRESULT* : 0
--------------------
[2024-05-01 13:35:15] : End
--------------------------------------------------
[2024-05-01 13:37:44] : Begin
--------------------
*MCUTYPE* : STC32G12K128
*FILENAME* : E:\RoboContest\#CyberCartMCU\CyberCart\Out_File\SEEKFREE.hex
*FILETIME* : 2024年04月30日, 21:03:54
*FILESIZE* : 97679 (0x017D8F)
*CODESIZE* : 99228 (0x01839C)
*CHECKSUM* : 0x0126E567
*ISPMODE* : 2
*ISPRESULT* : 1
--------------------
[2024-05-01 13:37:51] : End
--------------------------------------------------
[2024-05-01 13:38:18] : Begin
--------------------
*MCUTYPE* : STC32G12K128
*FILENAME* : E:\RoboContest\#CyberCartMCU\CyberCart\Out_File\SEEKFREE.hex
*FILETIME* : 2024年04月30日, 21:03:54
*FILESIZE* : 97679 (0x017D8F)
*CODESIZE* : 99228 (0x01839C)
*CHECKSUM* : 0x0126E567
*ISPMODE* : 2
*ISPRESULT* : 1
--------------------
[2024-05-01 13:38:22] : End
--------------------------------------------------
[2024-05-01 13:38:26] : Begin
--------------------
*MCUTYPE* : STC32G12K128
*MCUID* : F7E3CA7B002664
*FILENAME* : E:\RoboContest\#CyberCartMCU\CyberCart\Out_File\SEEKFREE.hex
*FILETIME* : 2024年04月30日, 21:03:54
*FILESIZE* : 97679 (0x017D8F)
*CODESIZE* : 99228 (0x01839C)
*CHECKSUM* : 0x0126E567
*ISPMODE* : 2
*ISPRESULT* : 0
--------------------
[2024-05-01 13:38:42] : End
--------------------------------------------------
[2024-05-01 21:33:50] : Begin
--------------------
*MCUTYPE* : STC32G12K128
*FILENAME* : E:\RoboContest\#CyberCartMCU\CyberCart\Out_File\SEEKFREE.hex
*FILETIME* : 2024年05月01日, 21:33:18
*FILESIZE* : 97716 (0x017DB4)
*CODESIZE* : 99240 (0x0183A8)
*CHECKSUM* : 0x0126E753
*ISPMODE* : 2
*ISPRESULT* : -1
--------------------
[2024-05-01 21:33:56] : End
--------------------------------------------------
[2024-05-01 21:34:02] : Begin
--------------------
*MCUTYPE* : STC32G12K128
*MCUID* : F7E3C923007DAD
*FILENAME* : E:\RoboContest\#CyberCartMCU\CyberCart\Out_File\SEEKFREE.hex
*FILETIME* : 2024年05月01日, 21:33:18
*FILESIZE* : 97716 (0x017DB4)
*CODESIZE* : 99240 (0x0183A8)
*CHECKSUM* : 0x0126E753
*ISPMODE* : 2
*ISPRESULT* : 0
--------------------
[2024-05-01 21:34:11] : End
--------------------------------------------------
