[2024-04-24 12:24:17] : Begin
--------------------
*MCUTYPE* : STC32G12K128
*FILENAME* : E:\RoboContest\#CyberCartMCU\CyberCart\Out_File\SEEKFREE.hex
*FILETIME* : 2024年04月24日, 12:23:47
*FILESIZE* : 95310 (0x01744E)
*CODESIZE* : 98390 (0x018056)
*CHECKSUM* : 0x0125CFB4
*ISPMODE* : 2
*ISPRESULT* : 3
--------------------
[2024-04-24 12:24:42] : End
--------------------------------------------------
[2024-04-24 12:29:00] : Begin
--------------------
*MCUTYPE* : STC32G12K128
*FILENAME* : E:\RoboContest\#CyberCartMCU\CyberCart\Out_File\SEEKFREE.hex
*FILETIME* : 2024年04月24日, 12:23:47
*FILESIZE* : 95310 (0x01744E)
*CODESIZE* : 98390 (0x018056)
*CHECKSUM* : 0x0125CFB4
*ISPMODE* : 2
*ISPRESULT* : -1
--------------------
[2024-04-24 12:29:01] : End
--------------------------------------------------
[2024-04-24 12:29:03] : Begin
--------------------
*MCUTYPE* : STC32G12K128
*FILENAME* : E:\RoboContest\#CyberCartMCU\CyberCart\Out_File\SEEKFREE.hex
*FILETIME* : 2024年04月24日, 12:23:47
*FILESIZE* : 95310 (0x01744E)
*CODESIZE* : 98390 (0x018056)
*CHECKSUM* : 0x0125CFB4
*ISPMODE* : 2
*ISPRESULT* : -1
--------------------
[2024-04-24 12:29:03] : End
--------------------------------------------------
[2024-04-24 12:29:42] : Begin
--------------------
*MCUTYPE* : STC32G12K128
*FILENAME* : E:\RoboContest\#CyberCartMCU\CyberCart\Out_File\SEEKFREE.hex
*FILETIME* : 2024年04月24日, 12:29:41
*FILESIZE* : 95315 (0x017453)
*CODESIZE* : 98389 (0x018055)
*CHECKSUM* : 0x0125CDEF
*ISPMODE* : 2
*ISPRESULT* : 3
--------------------
[2024-04-24 12:31:03] : End
--------------------------------------------------
[2024-04-24 12:31:04] : Begin
--------------------
*MCUTYPE* : STC32G12K128
*FILENAME* : E:\RoboContest\#CyberCartMCU\CyberCart\Out_File\SEEKFREE.hex
*FILETIME* : 2024年04月24日, 12:31:03
*FILESIZE* : 95022 (0x01732E)
*CODESIZE* : 98288 (0x017FF0)
*CHECKSUM* : 0x0125DBED
*ISPMODE* : 2
*ISPRESULT* : 3
--------------------
[2024-04-24 12:31:07] : End
--------------------------------------------------
[2024-04-24 12:31:07] : Begin
--------------------
*MCUTYPE* : STC32G12K128
*MCUID* : F7E3C923007DAD
*FILENAME* : E:\RoboContest\#CyberCartMCU\CyberCart\Out_File\SEEKFREE.hex
*FILETIME* : 2024年04月24日, 12:31:03
*FILESIZE* : 95022 (0x01732E)
*CODESIZE* : 98288 (0x017FF0)
*CHECKSUM* : 0x0125DBED
*ISPMODE* : 2
*ISPRESULT* : 2
--------------------
[2024-04-24 12:31:16] : End
--------------------------------------------------
[2024-04-24 12:31:26] : Begin
--------------------
*MCUTYPE* : STC32G12K128
*MCUID* : F7E3C923007DAD
*FILENAME* : E:\RoboContest\#CyberCartMCU\CyberCart\Out_File\SEEKFREE.hex
*FILETIME* : 2024年04月24日, 12:31:03
*FILESIZE* : 95022 (0x01732E)
*CODESIZE* : 98288 (0x017FF0)
*CHECKSUM* : 0x0125DBED
*ISPMODE* : 2
*ISPRESULT* : 0
--------------------
[2024-04-24 12:31:38] : End
--------------------------------------------------
