[2024-04-26 13:42:54] : Begin
--------------------
*MCUTYPE* : STC32G12K128
*MCUID* : F7E3C91F00B7B6
*FILENAME* : E:\RoboContest\#CyberCartMCU\CyberCart\Out_File\SEEKFREE.hex
*FILETIME* : 2024年04月26日, 13:42:26
*FILESIZE* : 95765 (0x017615)
*CODESIZE* : 98548 (0x0180F4)
*CHECKSUM* : 0x0125A6CC
*ISPMODE* : 2
*ISPRESULT* : 0
--------------------
[2024-04-26 13:43:08] : End
--------------------------------------------------
[2024-04-26 13:57:05] : Begin
--------------------
*MCUTYPE* : STC32G12K128
*MCUID* : F7E3C91F00B7B6
*FILENAME* : E:\RoboContest\#CyberCartMCU\CyberCart\Out_File\SEEKFREE.hex
*FILETIME* : 2024年04月26日, 13:57:04
*FILESIZE* : 95900 (0x01769C)
*CODESIZE* : 98596 (0x018124)
*CHECKSUM* : 0x0125B219
*ISPMODE* : 2
*ISPRESULT* : 0
--------------------
[2024-04-26 13:57:19] : End
--------------------------------------------------
[2024-04-26 14:13:29] : Begin
--------------------
*MCUTYPE* : STC32G12K128
*FILENAME* : E:\RoboContest\#CyberCartMCU\CyberCart\Out_File\SEEKFREE.hex
*FILETIME* : 2024年04月26日, 14:13:28
*FILESIZE* : 96869 (0x017A65)
*CODESIZE* : 98944 (0x018280)
*CHECKSUM* : 0x012621C4
*ISPMODE* : 2
*ISPRESULT* : 3
--------------------
[2024-04-26 14:13:55] : End
--------------------------------------------------
[2024-04-26 14:14:01] : Begin
--------------------
*MCUTYPE* : STC32G12K128
*MCUID* : F7E3C923007DAD
*FILENAME* : E:\RoboContest\#CyberCartMCU\CyberCart\Out_File\SEEKFREE.hex
*FILETIME* : 2024年04月26日, 14:13:28
*FILESIZE* : 96869 (0x017A65)
*CODESIZE* : 98944 (0x018280)
*CHECKSUM* : 0x012621C4
*ISPMODE* : 2
*ISPRESULT* : 0
--------------------
[2024-04-26 14:14:10] : End
--------------------------------------------------
[2024-04-26 14:17:05] : Begin
--------------------
*MCUTYPE* : STC32G12K128
*MCUID* : F7E3C923007DAD
*FILENAME* : E:\RoboContest\#CyberCartMCU\CyberCart\Out_File\SEEKFREE.hex
*FILETIME* : 2024年04月26日, 14:17:04
*FILESIZE* : 96898 (0x017A82)
*CODESIZE* : 98952 (0x018288)
*CHECKSUM* : 0x01262C74
*ISPMODE* : 2
*ISPRESULT* : 0
--------------------
[2024-04-26 14:17:56] : End
--------------------------------------------------
[2024-04-26 14:20:21] : Begin
--------------------
*MCUTYPE* : STC32G12K128
*MCUID* : F7E3C923007DAD
*FILENAME* : E:\RoboContest\#CyberCartMCU\CyberCart\Out_File\SEEKFREE.hex
*FILETIME* : 2024年04月26日, 14:20:20
*FILESIZE* : 96996 (0x017AE4)
*CODESIZE* : 98988 (0x0182AC)
*CHECKSUM* : 0x01263D2E
*ISPMODE* : 2
*ISPRESULT* : 0
--------------------
[2024-04-26 14:20:31] : End
--------------------------------------------------
[2024-04-26 14:24:06] : Begin
--------------------
*MCUTYPE* : STC32G12K128
*MCUID* : F7E3C923007DAD
*FILENAME* : E:\RoboContest\#CyberCartMCU\CyberCart\Out_File\SEEKFREE.hex
*FILETIME* : 2024年04月26日, 14:24:04
*FILESIZE* : 96980 (0x017AD4)
*CODESIZE* : 98980 (0x0182A4)
*CHECKSUM* : 0x01262984
*ISPMODE* : 2
*ISPRESULT* : 0
--------------------
[2024-04-26 14:24:16] : End
--------------------------------------------------
[2024-04-26 14:29:29] : Begin
--------------------
*MCUTYPE* : STC32G12K128
*MCUID* : F7E3C923007DAD
*FILENAME* : E:\RoboContest\#CyberCartMCU\CyberCart\Out_File\SEEKFREE.hex
*FILETIME* : 2024年04月26日, 14:29:28
*FILESIZE* : 96980 (0x017AD4)
*CODESIZE* : 98980 (0x0182A4)
*CHECKSUM* : 0x01262984
*ISPMODE* : 2
*ISPRESULT* : 0
--------------------
[2024-04-26 14:29:49] : End
--------------------------------------------------
[2024-04-26 14:32:31] : Begin
--------------------
*MCUTYPE* : STC32G12K128
*MCUID* : F7E3C923007DAD
*FILENAME* : E:\RoboContest\#CyberCartMCU\CyberCart\Out_File\SEEKFREE.hex
*FILETIME* : 2024年04月26日, 14:32:30
*FILESIZE* : 97033 (0x017B09)
*CODESIZE* : 99000 (0x0182B8)
*CHECKSUM* : 0x012637EC
*ISPMODE* : 2
*ISPRESULT* : 0
--------------------
[2024-04-26 14:32:44] : End
--------------------------------------------------
[2024-04-26 14:34:29] : Begin
--------------------
*MCUTYPE* : STC32G12K128
*MCUID* : F7E3C923007DAD
*FILENAME* : E:\RoboContest\#CyberCartMCU\CyberCart\Out_File\SEEKFREE.hex
*FILETIME* : 2024年04月26日, 14:34:28
*FILESIZE* : 97186 (0x017BA2)
*CODESIZE* : 99057 (0x0182F1)
*CHECKSUM* : 0x01265318
*ISPMODE* : 2
*ISPRESULT* : 0
--------------------
[2024-04-26 14:34:39] : End
--------------------------------------------------
[2024-04-26 14:36:01] : Begin
--------------------
*MCUTYPE* : STC32G12K128
*MCUID* : F7E3C923007DAD
*FILENAME* : E:\RoboContest\#CyberCartMCU\CyberCart\Out_File\SEEKFREE.hex
*FILETIME* : 2024年04月26日, 14:36:00
*FILESIZE* : 97207 (0x017BB7)
*CODESIZE* : 99061 (0x0182F5)
*CHECKSUM* : 0x012651F4
*ISPMODE* : 2
*ISPRESULT* : 0
--------------------
[2024-04-26 14:36:12] : End
--------------------------------------------------
[2024-04-26 14:38:30] : Begin
--------------------
*MCUTYPE* : STC32G12K128
*MCUID* : F7E3C923007DAD
*FILENAME* : E:\RoboContest\#CyberCartMCU\CyberCart\Out_File\SEEKFREE.hex
*FILETIME* : 2024年04月26日, 14:38:29
*FILESIZE* : 97657 (0x017D79)
*CODESIZE* : 99221 (0x018395)
*CHECKSUM* : 0x01266687
*ISPMODE* : 2
*ISPRESULT* : 0
--------------------
[2024-04-26 14:38:47] : End
--------------------------------------------------
[2024-04-26 14:40:23] : Begin
--------------------
*MCUTYPE* : STC32G12K128
*MCUID* : F7E3C923007DAD
*FILENAME* : E:\RoboContest\#CyberCartMCU\CyberCart\Out_File\SEEKFREE.hex
*FILETIME* : 2024年04月26日, 14:40:21
*FILESIZE* : 97757 (0x017DDD)
*CODESIZE* : 99258 (0x0183BA)
*CHECKSUM* : 0x01267167
*ISPMODE* : 2
*ISPRESULT* : 0
--------------------
[2024-04-26 14:40:33] : End
--------------------------------------------------
[2024-04-26 14:43:25] : Begin
--------------------
*MCUTYPE* : STC32G12K128
*MCUID* : F7E3C923007DAD
*FILENAME* : E:\RoboContest\#CyberCartMCU\CyberCart\Out_File\SEEKFREE.hex
*FILETIME* : 2024年04月26日, 14:43:24
*FILESIZE* : 97141 (0x017B75)
*CODESIZE* : 99041 (0x0182E1)
*CHECKSUM* : 0x0126495E
*ISPMODE* : 2
*ISPRESULT* : 0
--------------------
[2024-04-26 14:43:36] : End
--------------------------------------------------
[2024-04-26 14:52:52] : Begin
--------------------
*MCUTYPE* : STC32G12K128
*MCUID* : F7E3C923007DAD
*FILENAME* : E:\RoboContest\#CyberCartMCU\CyberCart\Out_File\SEEKFREE.hex
*FILETIME* : 2024年04月26日, 14:52:51
*FILESIZE* : 97256 (0x017BE8)
*CODESIZE* : 99079 (0x018307)
*CHECKSUM* : 0x012676D7
*ISPMODE* : 2
*ISPRESULT* : 0
--------------------
[2024-04-26 14:53:02] : End
--------------------------------------------------
[2024-04-26 17:12:34] : Begin
--------------------
*MCUTYPE* : STC32G12K128
*MCUID* : F7E3C923007DAD
*FILENAME* : E:\RoboContest\#CyberCartMCU\CyberCart\Out_File\SEEKFREE.hex
*FILETIME* : 2024年04月26日, 17:12:33
*FILESIZE* : 97479 (0x017CC7)
*CODESIZE* : 99159 (0x018357)
*CHECKSUM* : 0x012697D6
*ISPMODE* : 2
*ISPRESULT* : 0
--------------------
[2024-04-26 17:12:47] : End
--------------------------------------------------
[2024-04-26 17:13:35] : Begin
--------------------
*MCUTYPE* : STC32G12K128
*MCUID* : F7E3C923007DAD
*FILENAME* : E:\RoboContest\#CyberCartMCU\CyberCart\Out_File\SEEKFREE.hex
*FILETIME* : 2024年04月26日, 17:13:34
*FILESIZE* : 97301 (0x017C15)
*CODESIZE* : 99096 (0x018318)
*CHECKSUM* : 0x0126798A
*ISPMODE* : 2
*ISPRESULT* : 0
--------------------
[2024-04-26 17:13:48] : End
--------------------------------------------------
[2024-04-26 17:20:23] : Begin
--------------------
*MCUTYPE* : STC32G12K128
*MCUID* : F7E3C923007DAD
*FILENAME* : E:\RoboContest\#CyberCartMCU\CyberCart\Out_File\SEEKFREE.hex
*FILETIME* : 2024年04月26日, 17:20:22
*FILESIZE* : 97078 (0x017B36)
*CODESIZE* : 99017 (0x0182C9)
*CHECKSUM* : 0x01264A93
*ISPMODE* : 2
*ISPRESULT* : 0
--------------------
[2024-04-26 17:20:34] : End
--------------------------------------------------
[2024-04-26 17:22:06] : Begin
--------------------
*MCUTYPE* : STC32G12K128
*MCUID* : F7E3C923007DAD
*FILENAME* : E:\RoboContest\#CyberCartMCU\CyberCart\Out_File\SEEKFREE.hex
*FILETIME* : 2024年04月26日, 17:22:05
*FILESIZE* : 97272 (0x017BF8)
*CODESIZE* : 99084 (0x01830C)
*CHECKSUM* : 0x012662E2
*ISPMODE* : 2
*ISPRESULT* : 0
--------------------
[2024-04-26 17:22:17] : End
--------------------------------------------------
[2024-04-26 17:22:57] : Begin
--------------------
*MCUTYPE* : STC32G12K128
*MCUID* : F7E3C923007DAD
*FILENAME* : E:\RoboContest\#CyberCartMCU\CyberCart\Out_File\SEEKFREE.hex
*FILETIME* : 2024年04月26日, 17:22:56
*FILESIZE* : 97309 (0x017C1D)
*CODESIZE* : 99096 (0x018318)
*CHECKSUM* : 0x0126626F
*ISPMODE* : 2
*ISPRESULT* : 0
--------------------
[2024-04-26 17:23:07] : End
--------------------------------------------------
[2024-04-26 17:23:20] : Begin
--------------------
*MCUTYPE* : STC32G12K128
*MCUID* : F7E3C923007DAD
*FILENAME* : E:\RoboContest\#CyberCartMCU\CyberCart\Out_File\SEEKFREE.hex
*FILETIME* : 2024年04月26日, 17:23:19
*FILESIZE* : 97315 (0x017C23)
*CODESIZE* : 99099 (0x01831B)
*CHECKSUM* : 0x01266485
*ISPMODE* : 2
*ISPRESULT* : 0
--------------------
[2024-04-26 17:23:30] : End
--------------------------------------------------
[2024-04-26 17:28:31] : Begin
--------------------
*MCUTYPE* : STC32G12K128
*FILENAME* : E:\RoboContest\#CyberCartMCU\CyberCart\Out_File\SEEKFREE.hex
*FILETIME* : 2024年04月26日, 17:23:19
*FILESIZE* : 97315 (0x017C23)
*CODESIZE* : 99099 (0x01831B)
*CHECKSUM* : 0x01266485
*ISPMODE* : 2
*ISPRESULT* : -1
--------------------
[2024-04-26 17:28:33] : End
--------------------------------------------------
[2024-04-26 17:28:38] : Begin
--------------------
*MCUTYPE* : STC32G12K128
*MCUID* : F7E3C92400B898
*FILENAME* : E:\RoboContest\#CyberCartMCU\CyberCart\Out_File\SEEKFREE.hex
*FILETIME* : 2024年04月26日, 17:23:19
*FILESIZE* : 97315 (0x017C23)
*CODESIZE* : 99099 (0x01831B)
*CHECKSUM* : 0x01266485
*ISPMODE* : 2
*ISPRESULT* : 0
--------------------
[2024-04-26 17:28:47] : End
--------------------------------------------------
[2024-04-26 18:43:54] : Begin
--------------------
*MCUTYPE* : STC32G12K128
*FILENAME* : E:\RoboContest\#CyberCartMCU\CyberCart\Out_File\SEEKFREE.hex
*FILETIME* : 2024年04月26日, 18:43:52
*FILESIZE* : 97896 (0x017E68)
*CODESIZE* : 99305 (0x0183E9)
*CHECKSUM* : 0x0126A5C1
*ISPMODE* : 2
*ISPRESULT* : 3
--------------------
[2024-04-26 18:44:05] : End
--------------------------------------------------
[2024-04-26 18:44:11] : Begin
--------------------
*MCUTYPE* : STC32G12K128
*MCUID* : F7E3C91F00B7B6
*FILENAME* : E:\RoboContest\#CyberCartMCU\CyberCart\Out_File\SEEKFREE.hex
*FILETIME* : 2024年04月26日, 18:43:52
*FILESIZE* : 97896 (0x017E68)
*CODESIZE* : 99305 (0x0183E9)
*CHECKSUM* : 0x0126A5C1
*ISPMODE* : 2
*ISPRESULT* : 0
--------------------
[2024-04-26 18:44:22] : End
--------------------------------------------------
[2024-04-26 18:45:05] : Begin
--------------------
*MCUTYPE* : STC32G12K128
*MCUID* : F7E3C91F00B7B6
*FILENAME* : E:\RoboContest\#CyberCartMCU\CyberCart\Out_File\SEEKFREE.hex
*FILETIME* : 2024年04月26日, 18:45:04
*FILESIZE* : 97896 (0x017E68)
*CODESIZE* : 99305 (0x0183E9)
*CHECKSUM* : 0x0126A5C1
*ISPMODE* : 2
*ISPRESULT* : 0
--------------------
[2024-04-26 18:45:17] : End
--------------------------------------------------
[2024-04-26 18:53:20] : Begin
--------------------
*MCUTYPE* : STC32G12K128
*MCUID* : F7E3C91F00B7B6
*FILENAME* : E:\RoboContest\#CyberCartMCU\CyberCart\Out_File\SEEKFREE.hex
*FILETIME* : 2024年04月26日, 18:53:18
*FILESIZE* : 97980 (0x017EBC)
*CODESIZE* : 99334 (0x018406)
*CHECKSUM* : 0x0126C5EB
*ISPMODE* : 2
*ISPRESULT* : 0
--------------------
[2024-04-26 18:53:30] : End
--------------------------------------------------
[2024-04-26 18:56:40] : Begin
--------------------
*MCUTYPE* : STC32G12K128
*FILENAME* : E:\RoboContest\#CyberCartMCU\CyberCart\Out_File\SEEKFREE.hex
*FILETIME* : 2024年04月26日, 18:56:39
*FILESIZE* : 98577 (0x018111)
*CODESIZE* : 99548 (0x0184DC)
*CHECKSUM* : 0x012708AA
*ISPMODE* : 2
*ISPRESULT* : 3
--------------------
[2024-04-26 18:56:54] : End
--------------------------------------------------
[2024-04-26 18:57:00] : Begin
--------------------
*MCUTYPE* : STC32G12K128
*FILENAME* : E:\RoboContest\#CyberCartMCU\CyberCart\Out_File\SEEKFREE.hex
*FILETIME* : 2024年04月26日, 18:56:58
*FILESIZE* : 98577 (0x018111)
*CODESIZE* : 99548 (0x0184DC)
*CHECKSUM* : 0x012708AA
*ISPMODE* : 2
*ISPRESULT* : 2
--------------------
[2024-04-26 18:57:05] : End
--------------------------------------------------
[2024-04-26 19:11:48] : Begin
--------------------
*MCUTYPE* : STC32G12K128
*FILENAME* : E:\RoboContest\#CyberCartMCU\CyberCart\Out_File\SEEKFREE.hex
*FILETIME* : 2024年04月26日, 19:11:46
*FILESIZE* : 98583 (0x018117)
*CODESIZE* : 99551 (0x0184DF)
*CHECKSUM* : 0x01270CEA
*ISPMODE* : 2
*ISPRESULT* : 2
--------------------
[2024-04-26 19:11:53] : End
--------------------------------------------------
[2024-04-26 19:22:31] : Begin
--------------------
*MCUTYPE* : STC32G12K128
*MCUID* : F7E3C91F00B7B6
*FILENAME* : E:\RoboContest\#CyberCartMCU\CyberCart\Out_File\SEEKFREE.hex
*FILETIME* : 2024年04月26日, 19:22:29
*FILESIZE* : 98583 (0x018117)
*CODESIZE* : 99551 (0x0184DF)
*CHECKSUM* : 0x01270CEA
*ISPMODE* : 2
*ISPRESULT* : 0
--------------------
[2024-04-26 19:22:43] : End
--------------------------------------------------
[2024-04-26 19:35:19] : Begin
--------------------
*MCUTYPE* : STC32G12K128
*MCUID* : F7E3C91F00B7B6
*FILENAME* : E:\RoboContest\#CyberCartMCU\CyberCart\Out_File\SEEKFREE.hex
*FILETIME* : 2024年04月26日, 19:35:17
*FILESIZE* : 98583 (0x018117)
*CODESIZE* : 99551 (0x0184DF)
*CHECKSUM* : 0x01275DDB
*ISPMODE* : 2
*ISPRESULT* : 0
--------------------
[2024-04-26 19:35:32] : End
--------------------------------------------------
