[2024-04-23 17:52:40] : Begin
--------------------
*MCUTYPE* : STC32G12K128
*MCUID* : F7E3C923007DAD
*FILENAME* : E:\RoboContest\#CyberCartMCU\CyberCart\Out_File\SEEKFREE.hex
*FILETIME* : 2024年04月23日, 17:52:30
*FILESIZE* : 91047 (0x0163A7)
*CODESIZE* : 96874 (0x017A6A)
*CHECKSUM* : 0x01232272
*ISPMODE* : 2
*ISPRESULT* : 0
--------------------
[2024-04-23 17:52:50] : End
--------------------------------------------------
[2024-04-23 17:53:54] : Begin
--------------------
*MCUTYPE* : STC32G12K128
*MCUID* : F7E3C923007DAD
*FILENAME* : E:\RoboContest\#CyberCartMCU\CyberCart\Out_File\SEEKFREE.hex
*FILETIME* : 2024年04月23日, 17:53:53
*FILESIZE* : 90912 (0x016320)
*CODESIZE* : 96826 (0x017A3A)
*CHECKSUM* : 0x0122FA30
*ISPMODE* : 2
*ISPRESULT* : 0
--------------------
[2024-04-23 17:54:58] : End
--------------------------------------------------
[2024-04-23 17:55:17] : Begin
--------------------
*MCUTYPE* : STC32G12K128
*MCUID* : F7E3C923007DAD
*FILENAME* : E:\RoboContest\#CyberCartMCU\CyberCart\Out_File\SEEKFREE.hex
*FILETIME* : 2024年04月23日, 17:55:16
*FILESIZE* : 90912 (0x016320)
*CODESIZE* : 96826 (0x017A3A)
*CHECKSUM* : 0x0122FA30
*ISPMODE* : 2
*ISPRESULT* : 0
--------------------
[2024-04-23 17:55:26] : End
--------------------------------------------------
[2024-04-23 17:55:39] : Begin
--------------------
*MCUTYPE* : STC32G12K128
*MCUID* : F7E3C923007DAD
*FILENAME* : E:\RoboContest\#CyberCartMCU\CyberCart\Out_File\SEEKFREE.hex
*FILETIME* : 2024年04月23日, 17:55:38
*FILESIZE* : 91510 (0x016576)
*CODESIZE* : 97039 (0x017B0F)
*CHECKSUM* : 0x012365F9
*ISPMODE* : 2
*ISPRESULT* : 0
--------------------
[2024-04-23 17:55:48] : End
--------------------------------------------------
[2024-04-23 17:57:28] : Begin
--------------------
*MCUTYPE* : STC32G12K128
*MCUID* : F7E3C923007DAD
*FILENAME* : E:\RoboContest\#CyberCartMCU\CyberCart\Out_File\SEEKFREE.hex
*FILETIME* : 2024年04月23日, 17:57:27
*FILESIZE* : 91502 (0x01656E)
*CODESIZE* : 97035 (0x017B0B)
*CHECKSUM* : 0x01237DA4
*ISPMODE* : 2
*ISPRESULT* : 0
--------------------
[2024-04-23 17:57:36] : End
--------------------------------------------------
[2024-04-23 17:58:51] : Begin
--------------------
*MCUTYPE* : STC32G12K128
*MCUID* : F7E3C923007DAD
*FILENAME* : E:\RoboContest\#CyberCartMCU\CyberCart\Out_File\SEEKFREE.hex
*FILETIME* : 2024年04月23日, 17:58:50
*FILESIZE* : 91502 (0x01656E)
*CODESIZE* : 97035 (0x017B0B)
*CHECKSUM* : 0x01237D95
*ISPMODE* : 2
*ISPRESULT* : 0
--------------------
[2024-04-23 17:58:59] : End
--------------------------------------------------
[2024-04-23 18:00:05] : Begin
--------------------
*MCUTYPE* : STC32G12K128
*MCUID* : F7E3C923007DAD
*FILENAME* : E:\RoboContest\#CyberCartMCU\CyberCart\Out_File\SEEKFREE.hex
*FILETIME* : 2024年04月23日, 18:00:05
*FILESIZE* : 91508 (0x016574)
*CODESIZE* : 97038 (0x017B0E)
*CHECKSUM* : 0x01238DCA
*ISPMODE* : 2
*ISPRESULT* : 0
--------------------
[2024-04-23 18:00:14] : End
--------------------------------------------------
[2024-04-23 18:00:31] : Begin
--------------------
*MCUTYPE* : STC32G12K128
*MCUID* : F7E3C923007DAD
*FILENAME* : E:\RoboContest\#CyberCartMCU\CyberCart\Out_File\SEEKFREE.hex
*FILETIME* : 2024年04月23日, 18:00:31
*FILESIZE* : 91479 (0x016557)
*CODESIZE* : 97025 (0x017B01)
*CHECKSUM* : 0x0123826D
*ISPMODE* : 2
*ISPRESULT* : 0
--------------------
[2024-04-23 18:00:39] : End
--------------------------------------------------
[2024-04-23 18:01:33] : Begin
--------------------
*MCUTYPE* : STC32G12K128
*MCUID* : F7E3C923007DAD
*FILENAME* : E:\RoboContest\#CyberCartMCU\CyberCart\Out_File\SEEKFREE.hex
*FILETIME* : 2024年04月23日, 18:01:32
*FILESIZE* : 91479 (0x016557)
*CODESIZE* : 97025 (0x017B01)
*CHECKSUM* : 0x012380AA
*ISPMODE* : 2
*ISPRESULT* : 0
--------------------
[2024-04-23 18:01:41] : End
--------------------------------------------------
[2024-04-23 18:02:30] : Begin
--------------------
*MCUTYPE* : STC32G12K128
*MCUID* : F7E3C923007DAD
*FILENAME* : E:\RoboContest\#CyberCartMCU\CyberCart\Out_File\SEEKFREE.hex
*FILETIME* : 2024年04月23日, 18:02:29
*FILESIZE* : 90929 (0x016331)
*CODESIZE* : 96828 (0x017A3C)
*CHECKSUM* : 0x01231435
*ISPMODE* : 2
*ISPRESULT* : 0
--------------------
[2024-04-23 18:02:37] : End
--------------------------------------------------
[2024-04-23 18:02:59] : Begin
--------------------
*MCUTYPE* : STC32G12K128
*MCUID* : F7E3C923007DAD
*FILENAME* : E:\RoboContest\#CyberCartMCU\CyberCart\Out_File\SEEKFREE.hex
*FILETIME* : 2024年04月23日, 18:02:58
*FILESIZE* : 91491 (0x016563)
*CODESIZE* : 97031 (0x017B07)
*CHECKSUM* : 0x012368DF
*ISPMODE* : 2
*ISPRESULT* : 0
--------------------
[2024-04-23 18:03:08] : End
--------------------------------------------------
[2024-04-23 18:03:22] : Begin
--------------------
*MCUTYPE* : STC32G12K128
*MCUID* : F7E3C923007DAD
*FILENAME* : E:\RoboContest\#CyberCartMCU\CyberCart\Out_File\SEEKFREE.hex
*FILETIME* : 2024年04月23日, 18:03:21
*FILESIZE* : 91549 (0x01659D)
*CODESIZE* : 97052 (0x017B1C)
*CHECKSUM* : 0x012363CE
*ISPMODE* : 2
*ISPRESULT* : 0
--------------------
[2024-04-23 18:03:31] : End
--------------------------------------------------
[2024-04-23 18:12:15] : Begin
--------------------
*MCUTYPE* : STC32G12K128
*MCUID* : F7E3C923007DAD
*FILENAME* : E:\RoboContest\#CyberCartMCU\CyberCart\Out_File\SEEKFREE.hex
*FILETIME* : 2024年04月23日, 18:12:14
*FILESIZE* : 91445 (0x016535)
*CODESIZE* : 97013 (0x017AF5)
*CHECKSUM* : 0x01237D41
*ISPMODE* : 2
*ISPRESULT* : 0
--------------------
[2024-04-23 18:12:23] : End
--------------------------------------------------
[2024-04-23 18:12:33] : Begin
--------------------
*MCUTYPE* : STC32G12K128
*MCUID* : F7E3C923007DAD
*FILENAME* : E:\RoboContest\#CyberCartMCU\CyberCart\Out_File\SEEKFREE.hex
*FILETIME* : 2024年04月23日, 18:12:31
*FILESIZE* : 91463 (0x016547)
*CODESIZE* : 97022 (0x017AFE)
*CHECKSUM* : 0x012376D8
*ISPMODE* : 2
*ISPRESULT* : 0
--------------------
[2024-04-23 18:12:44] : End
--------------------------------------------------
[2024-04-23 18:16:37] : Begin
--------------------
*MCUTYPE* : STC32G12K128
*MCUID* : F7E3C923007DAD
*FILENAME* : E:\RoboContest\#CyberCartMCU\CyberCart\Out_File\SEEKFREE.hex
*FILETIME* : 2024年04月23日, 18:16:36
*FILESIZE* : 91496 (0x016568)
*CODESIZE* : 97032 (0x017B08)
*CHECKSUM* : 0x0123865E
*ISPMODE* : 2
*ISPRESULT* : 0
--------------------
[2024-04-23 18:16:47] : End
--------------------------------------------------
[2024-04-23 18:22:52] : Begin
--------------------
*MCUTYPE* : STC32G12K128
*FILENAME* : E:\RoboContest\#CyberCartMCU\CyberCart\Out_File\SEEKFREE.hex
*FILETIME* : 2024年04月23日, 18:22:51
*FILESIZE* : 91633 (0x0165F1)
*CODESIZE* : 97077 (0x017B35)
*CHECKSUM* : 0x0123679E
*ISPMODE* : 2
*ISPRESULT* : 3
--------------------
[2024-04-23 18:22:55] : End
--------------------------------------------------
[2024-04-23 18:23:17] : Begin
--------------------
*MCUTYPE* : STC32G12K128
*MCUID* : F7E3C923007DAD
*FILENAME* : E:\RoboContest\#CyberCartMCU\CyberCart\Out_File\SEEKFREE.hex
*FILETIME* : 2024年04月23日, 18:23:16
*FILESIZE* : 91727 (0x01664F)
*CODESIZE* : 97111 (0x017B57)
*CHECKSUM* : 0x0123876E
*ISPMODE* : 2
*ISPRESULT* : 0
--------------------
[2024-04-23 18:23:34] : End
--------------------------------------------------
[2024-04-23 18:23:52] : Begin
--------------------
*MCUTYPE* : STC32G12K128
*FILENAME* : E:\RoboContest\#CyberCartMCU\CyberCart\Out_File\SEEKFREE.hex
*FILETIME* : 2024年04月23日, 18:23:51
*FILESIZE* : 91727 (0x01664F)
*CODESIZE* : 97111 (0x017B57)
*CHECKSUM* : 0x0123876E
*ISPMODE* : 2
*ISPRESULT* : 3
--------------------
[2024-04-23 18:24:06] : End
--------------------------------------------------
[2024-04-23 18:24:08] : Begin
--------------------
*MCUTYPE* : STC32G12K128
*MCUID* : F7E3C923007DAD
*FILENAME* : E:\RoboContest\#CyberCartMCU\CyberCart\Out_File\SEEKFREE.hex
*FILETIME* : 2024年04月23日, 18:24:07
*FILESIZE* : 91727 (0x01664F)
*CODESIZE* : 97111 (0x017B57)
*CHECKSUM* : 0x0123876E
*ISPMODE* : 2
*ISPRESULT* : 0
--------------------
[2024-04-23 18:24:17] : End
--------------------------------------------------
[2024-04-23 19:01:27] : Begin
--------------------
*MCUTYPE* : STC32G12K128
*MCUID* : F7E3C923007DAD
*FILENAME* : E:\RoboContest\#CyberCartMCU\CyberCart\Out_File\SEEKFREE.hex
*FILETIME* : 2024年04月23日, 19:01:18
*FILESIZE* : 91806 (0x01669E)
*CODESIZE* : 97143 (0x017B77)
*CHECKSUM* : 0x012408F7
*ISPMODE* : 2
*ISPRESULT* : 0
--------------------
[2024-04-23 19:01:43] : End
--------------------------------------------------
[2024-04-23 19:01:44] : Begin
--------------------
*MCUTYPE* : STC32G12K128
*MCUID* : F7E3C923007DAD
*FILENAME* : E:\RoboContest\#CyberCartMCU\CyberCart\Out_File\SEEKFREE.hex
*FILETIME* : 2024年04月23日, 19:01:33
*FILESIZE* : 91738 (0x01665A)
*CODESIZE* : 97119 (0x017B5F)
*CHECKSUM* : 0x0123F961
*ISPMODE* : 2
*ISPRESULT* : 0
--------------------
[2024-04-23 19:01:52] : End
--------------------------------------------------
[2024-04-23 19:05:05] : Begin
--------------------
*MCUTYPE* : STC32G12K128
*FILENAME* : E:\RoboContest\#CyberCartMCU\CyberCart\Out_File\SEEKFREE.hex
*FILETIME* : 2024年04月23日, 19:05:04
*FILESIZE* : 91831 (0x0166B7)
*CODESIZE* : 97149 (0x017B7D)
*CHECKSUM* : 0x012411A6
*ISPMODE* : 2
*ISPRESULT* : 3
--------------------
[2024-04-23 19:05:14] : End
--------------------------------------------------
[2024-04-23 19:05:21] : Begin
--------------------
*MCUTYPE* : STC32G12K128
*MCUID* : F7E3C923007DAD
*FILENAME* : E:\RoboContest\#CyberCartMCU\CyberCart\Out_File\SEEKFREE.hex
*FILETIME* : 2024年04月23日, 19:05:20
*FILESIZE* : 72233 (0x011A29)
*CODESIZE* : 90185 (0x016049)
*CHECKSUM* : 0x011A30E7
*ISPMODE* : 2
*ISPRESULT* : 0
--------------------
[2024-04-23 19:05:28] : End
--------------------------------------------------
[2024-04-23 19:07:28] : Begin
--------------------
*MCUTYPE* : STC32G12K128
*MCUID* : F7E3C923007DAD
*FILENAME* : E:\RoboContest\#CyberCartMCU\CyberCart\Out_File\SEEKFREE.hex
*FILETIME* : 2024年04月23日, 19:07:27
*FILESIZE* : 91762 (0x016672)
*CODESIZE* : 97125 (0x017B65)
*CHECKSUM* : 0x01240930
*ISPMODE* : 2
*ISPRESULT* : 0
--------------------
[2024-04-23 19:07:36] : End
--------------------------------------------------
[2024-04-23 19:21:10] : Begin
--------------------
*MCUTYPE* : STC32G12K128
*FILENAME* : E:\RoboContest\#CyberCartMCU\CyberCart\Out_File\SEEKFREE.hex
*FILETIME* : 2024年04月23日, 19:21:09
*FILESIZE* : 91784 (0x016688)
*CODESIZE* : 97132 (0x017B6C)
*CHECKSUM* : 0x012402DF
*ISPMODE* : 2
*ISPRESULT* : 3
--------------------
[2024-04-23 19:21:18] : End
--------------------------------------------------
[2024-04-23 19:21:19] : Begin
--------------------
*MCUTYPE* : STC32G12K128
*FILENAME* : E:\RoboContest\#CyberCartMCU\CyberCart\Out_File\SEEKFREE.hex
*FILETIME* : 2024年04月23日, 19:21:13
*FILESIZE* : 91784 (0x016688)
*CODESIZE* : 97132 (0x017B6C)
*CHECKSUM* : 0x012402DF
*ISPMODE* : 2
*ISPRESULT* : 3
--------------------
[2024-04-23 19:21:21] : End
--------------------------------------------------
[2024-04-23 19:21:21] : Begin
--------------------
*MCUTYPE* : STC32G12K128
*MCUID* : F7E3C923007DAD
*FILENAME* : E:\RoboContest\#CyberCartMCU\CyberCart\Out_File\SEEKFREE.hex
*FILETIME* : 2024年04月23日, 19:21:13
*FILESIZE* : 91784 (0x016688)
*CODESIZE* : 97132 (0x017B6C)
*CHECKSUM* : 0x012402DF
*ISPMODE* : 2
*ISPRESULT* : 0
--------------------
[2024-04-23 19:21:29] : End
--------------------------------------------------
[2024-04-23 19:36:38] : Begin
--------------------
*MCUTYPE* : STC32G12K128
*MCUID* : F7E3C923007DAD
*FILENAME* : E:\RoboContest\#CyberCartMCU\CyberCart\Out_File\SEEKFREE.hex
*FILETIME* : 2024年04月23日, 19:36:37
*FILESIZE* : 92710 (0x016A26)
*CODESIZE* : 97465 (0x017CB9)
*CHECKSUM* : 0x012422C5
*ISPMODE* : 2
*ISPRESULT* : 0
--------------------
[2024-04-23 19:36:48] : End
--------------------------------------------------
[2024-04-23 19:37:36] : Begin
--------------------
*MCUTYPE* : STC32G12K128
*MCUID* : F7E3C923007DAD
*FILENAME* : E:\RoboContest\#CyberCartMCU\CyberCart\Out_File\SEEKFREE.hex
*FILETIME* : 2024年04月23日, 19:37:36
*FILESIZE* : 93160 (0x016BE8)
*CODESIZE* : 97625 (0x017D59)
*CHECKSUM* : 0x0123EA65
*ISPMODE* : 2
*ISPRESULT* : 0
--------------------
[2024-04-23 19:37:46] : End
--------------------------------------------------
[2024-04-23 19:38:11] : Begin
--------------------
*MCUTYPE* : STC32G12K128
*MCUID* : F7E3C923007DAD
*FILENAME* : E:\RoboContest\#CyberCartMCU\CyberCart\Out_File\SEEKFREE.hex
*FILETIME* : 2024年04月23日, 19:38:10
*FILESIZE* : 94510 (0x01712E)
*CODESIZE* : 98105 (0x017F39)
*CHECKSUM* : 0x01242B81
*ISPMODE* : 2
*ISPRESULT* : 0
--------------------
[2024-04-23 19:38:22] : End
--------------------------------------------------
[2024-04-23 19:39:13] : Begin
--------------------
*MCUTYPE* : STC32G12K128
*MCUID* : F7E3C923007DAD
*FILENAME* : E:\RoboContest\#CyberCartMCU\CyberCart\Out_File\SEEKFREE.hex
*FILETIME* : 2024年04月23日, 19:39:12
*FILESIZE* : 94960 (0x0172F0)
*CODESIZE* : 98265 (0x017FD9)
*CHECKSUM* : 0x012407B4
*ISPMODE* : 2
*ISPRESULT* : 0
--------------------
[2024-04-23 19:39:22] : End
--------------------------------------------------
[2024-04-23 19:58:19] : Begin
--------------------
*MCUTYPE* : STC32G12K128
*MCUID* : F7E3C923007DAD
*FILENAME* : E:\RoboContest\#CyberCartMCU\CyberCart\Out_File\SEEKFREE.hex
*FILETIME* : 2024年04月23日, 19:58:18
*FILESIZE* : 94631 (0x0171A7)
*CODESIZE* : 98146 (0x017F62)
*CHECKSUM* : 0x0123C77E
*ISPMODE* : 2
*ISPRESULT* : 0
--------------------
[2024-04-23 19:59:22] : End
--------------------------------------------------
[2024-04-23 19:59:51] : Begin
--------------------
*MCUTYPE* : STC32G12K128
*MCUID* : F7E3C923007DAD
*FILENAME* : E:\RoboContest\#CyberCartMCU\CyberCart\Out_File\SEEKFREE.hex
*FILETIME* : 2024年04月23日, 19:59:50
*FILESIZE* : 94635 (0x0171AB)
*CODESIZE* : 98148 (0x017F64)
*CHECKSUM* : 0x0123C7E7
*ISPMODE* : 2
*ISPRESULT* : 0
--------------------
[2024-04-23 20:00:01] : End
--------------------------------------------------
[2024-04-23 20:00:30] : Begin
--------------------
*MCUTYPE* : STC32G12K128
*MCUID* : F7E3C923007DAD
*FILENAME* : E:\RoboContest\#CyberCartMCU\CyberCart\Out_File\SEEKFREE.hex
*FILETIME* : 2024年04月23日, 20:00:29
*FILESIZE* : 94637 (0x0171AD)
*CODESIZE* : 98149 (0x017F65)
*CHECKSUM* : 0x0123C7EF
*ISPMODE* : 2
*ISPRESULT* : 0
--------------------
[2024-04-23 20:00:40] : End
--------------------------------------------------
[2024-04-23 20:16:17] : Begin
--------------------
*MCUTYPE* : STC32G12K128
*MCUID* : F7E3C923007DAD
*FILENAME* : E:\RoboContest\#CyberCartMCU\CyberCart\Out_File\SEEKFREE.hex
*FILETIME* : 2024年04月23日, 20:16:16
*FILESIZE* : 94635 (0x0171AB)
*CODESIZE* : 98148 (0x017F64)
*CHECKSUM* : 0x0123C800
*ISPMODE* : 2
*ISPRESULT* : 0
--------------------
[2024-04-23 20:16:31] : End
--------------------------------------------------
[2024-04-23 20:16:48] : Begin
--------------------
*MCUTYPE* : STC32G12K128
*MCUID* : F7E3C923007DAD
*FILENAME* : E:\RoboContest\#CyberCartMCU\CyberCart\Out_File\SEEKFREE.hex
*FILETIME* : 2024年04月23日, 20:16:47
*FILESIZE* : 94635 (0x0171AB)
*CODESIZE* : 98148 (0x017F64)
*CHECKSUM* : 0x0123C802
*ISPMODE* : 2
*ISPRESULT* : 0
--------------------
[2024-04-23 20:16:56] : End
--------------------------------------------------
[2024-04-23 21:16:34] : Begin
--------------------
*MCUTYPE* : STC32G12K128
*MCUID* : F7E3C923007DAD
*FILENAME* : E:\RoboContest\#CyberCartMCU\CyberCart\Out_File\SEEKFREE.hex
*FILETIME* : 2024年04月23日, 21:16:33
*FILESIZE* : 92359 (0x0168C7)
*CODESIZE* : 97340 (0x017C3C)
*CHECKSUM* : 0x01244482
*ISPMODE* : 2
*ISPRESULT* : 0
--------------------
[2024-04-23 21:16:43] : End
--------------------------------------------------
[2024-04-23 21:21:36] : Begin
--------------------
*MCUTYPE* : STC32G12K128
*MCUID* : F7E3C923007DAD
*FILENAME* : E:\RoboContest\#CyberCartMCU\CyberCart\Out_File\SEEKFREE.hex
*FILETIME* : 2024年04月23日, 21:21:36
*FILESIZE* : 92320 (0x0168A0)
*CODESIZE* : 97327 (0x017C2F)
*CHECKSUM* : 0x012452E8
*ISPMODE* : 2
*ISPRESULT* : 2
--------------------
[2024-04-23 21:22:04] : End
--------------------------------------------------
[2024-04-23 21:23:42] : Begin
--------------------
*MCUTYPE* : STC32G12K128
*MCUID* : F7E3C923007DAD
*FILENAME* : E:\RoboContest\#CyberCartMCU\CyberCart\Out_File\SEEKFREE.hex
*FILETIME* : 2024年04月23日, 21:23:41
*FILESIZE* : 92052 (0x016794)
*CODESIZE* : 97232 (0x017BD0)
*CHECKSUM* : 0x01244DD1
*ISPMODE* : 2
*ISPRESULT* : 0
--------------------
[2024-04-23 21:23:52] : End
--------------------------------------------------
[2024-04-23 21:27:09] : Begin
--------------------
*MCUTYPE* : STC32G12K128
*FILENAME* : E:\RoboContest\#CyberCartMCU\CyberCart\Out_File\SEEKFREE.hex
*FILETIME* : 2024年04月23日, 21:27:08
*FILESIZE* : 91954 (0x016732)
*CODESIZE* : 97196 (0x017BAC)
*CHECKSUM* : 0x0124303C
*ISPMODE* : 2
*ISPRESULT* : 3
--------------------
[2024-04-23 21:29:45] : End
--------------------------------------------------
[2024-04-23 21:29:47] : Begin
--------------------
*MCUTYPE* : STC32G12K128
*FILENAME* : E:\RoboContest\#CyberCartMCU\CyberCart\Out_File\SEEKFREE.hex
*FILETIME* : 2024年04月23日, 21:29:20
*FILESIZE* : 91966 (0x01673E)
*CODESIZE* : 97202 (0x017BB2)
*CHECKSUM* : 0x0124309D
*ISPMODE* : 2
*ISPRESULT* : 3
--------------------
[2024-04-23 21:29:48] : End
--------------------------------------------------
[2024-04-23 21:29:49] : Begin
--------------------
*MCUTYPE* : STC32G12K128
*FILENAME* : E:\RoboContest\#CyberCartMCU\CyberCart\Out_File\SEEKFREE.hex
*FILETIME* : 2024年04月23日, 21:29:47
*FILESIZE* : 92496 (0x016950)
*CODESIZE* : 97389 (0x017C6D)
*CHECKSUM* : 0x0124646D
*ISPMODE* : 2
*ISPRESULT* : 3
--------------------
[2024-04-23 21:29:50] : End
--------------------------------------------------
[2024-04-23 21:29:51] : Begin
--------------------
*MCUTYPE* : STC32G12K128
*FILENAME* : E:\RoboContest\#CyberCartMCU\CyberCart\Out_File\SEEKFREE.hex
*FILETIME* : 2024年04月23日, 21:29:47
*FILESIZE* : 92496 (0x016950)
*CODESIZE* : 97389 (0x017C6D)
*CHECKSUM* : 0x0124646D
*ISPMODE* : 2
*ISPRESULT* : 3
--------------------
[2024-04-23 21:30:07] : End
--------------------------------------------------
[2024-04-23 21:30:10] : Begin
--------------------
*MCUTYPE* : STC32G12K128
*MCUID* : F7E3C923007DAD
*FILENAME* : E:\RoboContest\#CyberCartMCU\CyberCart\Out_File\SEEKFREE.hex
*FILETIME* : 2024年04月23日, 21:29:47
*FILESIZE* : 92496 (0x016950)
*CODESIZE* : 97389 (0x017C6D)
*CHECKSUM* : 0x0124646D
*ISPMODE* : 2
*ISPRESULT* : 0
--------------------
[2024-04-23 21:30:18] : End
--------------------------------------------------
[2024-04-23 21:32:31] : Begin
--------------------
*MCUTYPE* : STC32G12K128
*FILENAME* : E:\RoboContest\#CyberCartMCU\CyberCart\Out_File\SEEKFREE.hex
*FILETIME* : 2024年04月23日, 21:32:30
*FILESIZE* : 92527 (0x01696F)
*CODESIZE* : 97398 (0x017C76)
*CHECKSUM* : 0x01246D56
*ISPMODE* : 2
*ISPRESULT* : -1
--------------------
[2024-04-23 21:32:34] : End
--------------------------------------------------
[2024-04-23 21:32:40] : Begin
--------------------
*MCUTYPE* : STC32G12K128
*FILENAME* : E:\RoboContest\#CyberCartMCU\CyberCart\Out_File\SEEKFREE.hex
*FILETIME* : 2024年04月23日, 21:32:30
*FILESIZE* : 92527 (0x01696F)
*CODESIZE* : 97398 (0x017C76)
*CHECKSUM* : 0x01246D56
*ISPMODE* : 2
*ISPRESULT* : 3
--------------------
[2024-04-23 21:32:51] : End
--------------------------------------------------
[2024-04-23 21:32:59] : Begin
--------------------
*MCUTYPE* : STC32G12K128
*FILENAME* : E:\RoboContest\#CyberCartMCU\CyberCart\Out_File\SEEKFREE.hex
*FILETIME* : 2024年04月23日, 21:32:30
*FILESIZE* : 92527 (0x01696F)
*CODESIZE* : 97398 (0x017C76)
*CHECKSUM* : 0x01246D56
*ISPMODE* : 2
*ISPRESULT* : -1
--------------------
[2024-04-23 21:33:00] : End
--------------------------------------------------
[2024-04-23 21:33:01] : Begin
--------------------
*MCUTYPE* : STC32G12K128
*FILENAME* : E:\RoboContest\#CyberCartMCU\CyberCart\Out_File\SEEKFREE.hex
*FILETIME* : 2024年04月23日, 21:32:30
*FILESIZE* : 92527 (0x01696F)
*CODESIZE* : 97398 (0x017C76)
*CHECKSUM* : 0x01246D56
*ISPMODE* : 2
*ISPRESULT* : -1
--------------------
[2024-04-23 21:33:01] : End
--------------------------------------------------
[2024-04-23 21:33:02] : Begin
--------------------
*MCUTYPE* : STC32G12K128
*FILENAME* : E:\RoboContest\#CyberCartMCU\CyberCart\Out_File\SEEKFREE.hex
*FILETIME* : 2024年04月23日, 21:32:30
*FILESIZE* : 92527 (0x01696F)
*CODESIZE* : 97398 (0x017C76)
*CHECKSUM* : 0x01246D56
*ISPMODE* : 2
*ISPRESULT* : -1
--------------------
[2024-04-23 21:33:03] : End
--------------------------------------------------
[2024-04-23 21:33:35] : Begin
--------------------
*MCUTYPE* : STC32G12K128
*MCUID* : F7E3C923007DAD
*FILENAME* : E:\RoboContest\#CyberCartMCU\CyberCart\Out_File\SEEKFREE.hex
*FILETIME* : 2024年04月23日, 21:32:30
*FILESIZE* : 92527 (0x01696F)
*CODESIZE* : 97398 (0x017C76)
*CHECKSUM* : 0x01246D56
*ISPMODE* : 2
*ISPRESULT* : 0
--------------------
[2024-04-23 21:33:44] : End
--------------------------------------------------
[2024-04-23 21:38:08] : Begin
--------------------
*MCUTYPE* : STC32G12K128
*FILENAME* : E:\RoboContest\#CyberCartMCU\CyberCart\Out_File\SEEKFREE.hex
*FILETIME* : 2024年04月23日, 21:38:08
*FILESIZE* : 92662 (0x0169F6)
*CODESIZE* : 97446 (0x017CA6)
*CHECKSUM* : 0x0124967F
*ISPMODE* : 2
*ISPRESULT* : 3
--------------------
[2024-04-23 21:39:29] : End
--------------------------------------------------
[2024-04-23 21:39:30] : Begin
--------------------
*MCUTYPE* : STC32G12K128
*FILENAME* : E:\RoboContest\#CyberCartMCU\CyberCart\Out_File\SEEKFREE.hex
*FILETIME* : 2024年04月23日, 21:38:08
*FILESIZE* : 92662 (0x0169F6)
*CODESIZE* : 97446 (0x017CA6)
*CHECKSUM* : 0x0124967F
*ISPMODE* : 2
*ISPRESULT* : 3
--------------------
[2024-04-23 21:40:07] : End
--------------------------------------------------
[2024-04-23 21:40:18] : Begin
--------------------
*MCUTYPE* : STC32G12K128
*FILENAME* : E:\RoboContest\#CyberCartMCU\CyberCart\Out_File\SEEKFREE.hex
*FILETIME* : 2024年04月23日, 21:38:08
*FILESIZE* : 92662 (0x0169F6)
*CODESIZE* : 97446 (0x017CA6)
*CHECKSUM* : 0x0124967F
*ISPMODE* : 2
*ISPRESULT* : -1
--------------------
[2024-04-23 21:40:19] : End
--------------------------------------------------
[2024-04-23 21:40:20] : Begin
--------------------
*MCUTYPE* : STC32G12K128
*FILENAME* : E:\RoboContest\#CyberCartMCU\CyberCart\Out_File\SEEKFREE.hex
*FILETIME* : 2024年04月23日, 21:38:08
*FILESIZE* : 92662 (0x0169F6)
*CODESIZE* : 97446 (0x017CA6)
*CHECKSUM* : 0x0124967F
*ISPMODE* : 2
*ISPRESULT* : -1
--------------------
[2024-04-23 21:40:21] : End
--------------------------------------------------
[2024-04-23 21:40:26] : Begin
--------------------
*MCUTYPE* : STC32G12K128
*MCUID* : F7E3C923007DAD
*FILENAME* : E:\RoboContest\#CyberCartMCU\CyberCart\Out_File\SEEKFREE.hex
*FILETIME* : 2024年04月23日, 21:38:08
*FILESIZE* : 92662 (0x0169F6)
*CODESIZE* : 97446 (0x017CA6)
*CHECKSUM* : 0x0124967F
*ISPMODE* : 2
*ISPRESULT* : 0
--------------------
[2024-04-23 21:40:35] : End
--------------------------------------------------
