[2024-05-04 13:07:04] : Begin
--------------------
*MCUTYPE* : STC32G12K128
*FILENAME* : E:\RoboContest\#CyberCartMCU\CyberCart\Out_File\SEEKFREE.hex
*FILETIME* : 2024年05月04日, 13:07:04
*FILESIZE* : 96139 (0x01778B)
*CODESIZE* : 98680 (0x018178)
*CHECKSUM* : 0x0126191B
*ISPMODE* : 2
*ISPRESULT* : 1
--------------------
[2024-05-04 13:07:22] : End
--------------------------------------------------
[2024-05-04 13:07:27] : Begin
--------------------
*MCUTYPE* : STC32G12K128
*MCUID* : F7E3CA7B002664
*FILENAME* : E:\RoboContest\#CyberCartMCU\CyberCart\Out_File\SEEKFREE.hex
*FILETIME* : 2024年05月04日, 13:07:26
*FILESIZE* : 96139 (0x01778B)
*CODESIZE* : 98680 (0x018178)
*CHECKSUM* : 0x0126191B
*ISPMODE* : 2
*ISPRESULT* : 0
--------------------
[2024-05-04 13:07:46] : End
--------------------------------------------------
[2024-05-04 13:13:45] : Begin
--------------------
*MCUTYPE* : STC32G12K128
*MCUID* : F7E3CA7B002664
*FILENAME* : E:\RoboContest\#CyberCartMCU\CyberCart\Out_File\SEEKFREE.hex
*FILETIME* : 2024年05月04日, 13:13:45
*FILESIZE* : 96161 (0x0177A1)
*CODESIZE* : 98691 (0x018183)
*CHECKSUM* : 0x01262193
*ISPMODE* : 2
*ISPRESULT* : 0
--------------------
[2024-05-04 13:14:02] : End
--------------------------------------------------
