[2024-05-10 07:49:23] : Begin
--------------------
*MCUTYPE* : STC32G12K128
*MCUID* : F7E3C91F00B7B6
*FILENAME* : E:\RoboContest\#CyberCartMCU\CyberCart\Out_File\SEEKFREE.hex
*FILETIME* : 2024年05月10日, 07:49:22
*FILESIZE* : 37764 (0x009384)
*CODESIZE* : 77924 (0x013064)
*CHECKSUM* : 0x010A74CB
*ISPMODE* : 2
*ISPRESULT* : 0
--------------------
[2024-05-10 07:49:32] : End
--------------------------------------------------
[2024-05-10 07:51:30] : Begin
--------------------
*MCUTYPE* : STC32G12K128
*MCUID* : F7E3C91F00B7B6
*FILENAME* : E:\RoboContest\#CyberCartMCU\CyberCart\Out_File\SEEKFREE.hex
*FILETIME* : 2024年05月10日, 07:51:29
*FILESIZE* : 38019 (0x009483)
*CODESIZE* : 78019 (0x0130C3)
*CHECKSUM* : 0x010A9091
*ISPMODE* : 2
*ISPRESULT* : 0
--------------------
[2024-05-10 07:51:38] : End
--------------------------------------------------
[2024-05-10 07:54:04] : Begin
--------------------
*MCUTYPE* : STC32G12K128
*MCUID* : F7E3C91F00B7B6
*FILENAME* : E:\RoboContest\#CyberCartMCU\CyberCart\Out_File\SEEKFREE.hex
*FILETIME* : 2024年05月10日, 07:54:04
*FILESIZE* : 38046 (0x00949E)
*CODESIZE* : 78033 (0x0130D1)
*CHECKSUM* : 0x010A9D5B
*ISPMODE* : 2
*ISPRESULT* : 0
--------------------
[2024-05-10 07:54:14] : End
--------------------------------------------------
