C251 COMPILER V5.60.0,  main                                                               10/04/24  11:50:42  PAGE 1   


C251 COMPILER V5.60.0, COMPILATION OF MODULE main
OBJECT MODULE PLACED IN .\Out_File\main.obj
COMPILER INVOKED BY: C:\Keil_v5\C251\BIN\C251.EXE ..\USER\src\main.c XSMALL INTR2 WARNINGLEVEL(3) OPTIMIZE(0,SPEED) BROW
                    -SE INCDIR(..\..\Libraries\libraries;..\..\Libraries\seekfree_libraries;..\..\Libraries\seekfree_peripheral;..\CODE;..\US
                    -ER\inc;..\USER\src;..\..\Libraries\seekfree_components) DEBUG PRINT(.\Out_File\main.lst) TABS(2) OBJECT(.\Out_File\main.
                    -obj) 

stmt  level    source

    1          #include "headfile.h"
    2          /*
    3           * 系统频率，可查看board.h中的 FOSC 宏定义修改。
    4           * board.h文件中FOSC的值设置为0,则程序自动设置系统频率为33.1776MHZ
    5           * 在board_init中,已经将P54引脚设置为复位
    6           * 如果需要使用P54引脚,可以在board.c文件中的board_init()函数中删除SET_P54_RESRT即可
    7           */
    8          
    9          #include "motor_driver_boards.h"     // 电机驱动板头文件
   10          /* -----------------------------------电机驱动板连接----------------------------------------
   11           * 电机驱动板1（X方向轮）接线：
   12           * PA <--> P60     PB <--> P62
   13           * A1 <--> P40     A2 <--> P41
   14           * B1 <--> P43     B2 <--> P42
   15          
   16           * 电机驱动板2（Y方向轮）接线：
   17           * PA <--> P64     PB <--> P66
   18           * A1 <--> P44     A2 <--> P45
   19           * B1 <--> P47     B2 <--> P46
   20          */
   21          
   22          /* -----------------------------------SPI-OLED显示屏----------------------------------------
   23           *  - 连接屏幕默认使用端口为：
   24           *    D0 - P2.5(SCLK)
   25           *    D1 - P2.3(MOSI)
   26           *    CS - P2.2(CS)
   27           *    DC - P2.1(DC)
   28           *    RES - P2.0(RES)
   29          */
   30          
   31          // #include "lsm303_sw.h"
   32          /* -----------------------------------LSM303传感器------------------------------------------
   33           *  - 连接传感器默认使用端口为：
   34           *    SCL - P32(SCL)
   35           *    SDA - P33(SDA)
   36          */
   37          
   38          #include "laser_ranging.h"
   39          /* -----------------------------------激光雷达测距------------------------------------------
   40           *  - X方向激光雷达接线：
   41           *    TX - P4.3(RX)
   42           *    RX - P4.4(TX)
   43           *  - Y方向激光雷达接线：
   44           *    TX - P4.6(RX)
   45           *    RX - P4.7(TX)
   46          */
   47          
   48          
   49          void gpio_init()
   50          {
   51   1          gpio_mode(P4, GPO_PP);
   52   1          gpio_mode(P6, GPO_PP);
   53   1      }
   54          
   55          void motor_drivers_pwm_init()
   56          {
C251 COMPILER V5.60.0,  main                                                               10/04/24  11:50:42  PAGE 2   

   57   1          pwm_init(PWMA_CH1P_P60, 30000, 1000);
   58   1          pwm_init(PWMA_CH2P_P62, 30000, 1000);
   59   1          pwm_init(PWMA_CH3P_P64, 30000, 1000);
   60   1          pwm_init(PWMA_CH4P_P66, 30000, 1000);
   61   1      }
   62          
   63          void lsm303_iic_init(void)
   64          {
   65   1          iic_init(IIC_4, IIC4_SCL_P32, IIC4_SDA_P33, 19);
   66   1          // 需要注意SEEKFREE LIBRARY默认提供的项目文件没有导入iic相关c文件
   67   1          // 需要手动在Keil中添加
   68   1      }
   69          
   70          void laser_ranging_uart_init()
   71          {
   72   1          uart_init(UART_1, UART1_RX_P43, UART1_TX_P44, 9600, TIM_2);
   73   1          uart_init(UART_2, UART2_RX_P46, UART2_TX_P47, 9600, TIM_2);
   74   1      }
   75          
   76          void main()
   77          {   
   78   1          // float acc_x, acc_y, acc_z;
   79   1          // float mag_x, mag_y, mag_z;
   80   1      
   81   1        board_init();             // 初始化寄存器,勿删除此句代码。
   82   1          gpio_init();                    // 初始化GPIO，使得P4和P6正确输出
   83   1          oled_init_spi();                // 初始化OLED显示屏
   84   1          
   85   1          // lsm303_iic_init();              // 初始化LSM303_IIC接口
   86   1          // lsm303_init_all();              // 初始化LSM303传感器
   87   1          uart_port_init();               // 初始化UART端口
   88   1          uart_initialize(1);             // 初始化UART1
   89   1          uart_initialize(2);             // 初始化UART2
   90   1          motor_drivers_pwm_init();     // 初始化PWM
   91   1          while(1)
   92   1          {
   93   2              // oled_p6x8str_spi(0, 0, "LSM303 DATA READ TEST");
   94   2              // oled_p6x8str_spi(0, 1, "ACC X:");
   95   2              // oled_p6x8str_spi(0, 2, "ACC Y:");
   96   2              // oled_p6x8str_spi(0, 3, "ACC Z:");
   97   2              // acc_x = lsm303_read_acc('x');
   98   2              // acc_y = lsm303_read_acc('y');
   99   2              // acc_z = lsm303_read_acc('z');
  100   2              // oled_printf_float_spi(6*7, 1, acc_x, 4, 6);
  101   2              // oled_printf_float_spi(6*7, 2, acc_y, 4, 6);
  102   2              // oled_printf_float_spi(6*7, 3, acc_z, 4, 6);
  103   2              // mag_x = lsm303_read_mag('x');
  104   2              // mag_y = lsm303_read_mag('y');
  105   2              // mag_z = lsm303_read_mag('z');
  106   2              // oled_p6x8str_spi(0, 5, "MAG X:");
  107   2              // oled_p6x8str_spi(0, 6, "MAG Y:");
  108   2              // oled_p6x8str_spi(0, 7, "MAG Z:");
  109   2              // oled_printf_float_spi(6*7, 5, mag_x, 4, 6);
  110   2              // oled_printf_float_spi(6*7, 6, mag_y, 4, 6);
  111   2              // oled_printf_float_spi(6*7, 7, mag_z, 4, 6);
  112   2              // delay_ms(100);
  113   2              // wheels_x_forward();
  114   2              // wheels_y_forward();
  115   2              // delay_ms(255);
  116   2              // pwm_duty(PWMA_CH1P_P60, 2000);
  117   2              // pwm_duty(PWMA_CH2P_P62, 2000);
  118   2              // pwm_duty(PWMA_CH3P_P64, 2000);
  119   2              // pwm_duty(PWMA_CH4P_P66, 2000);
  120   2              // delay_ms(255);
  121   2              // wheels_x_backward();
  122   2              // wheels_y_backward();
C251 COMPILER V5.60.0,  main                                                               10/04/24  11:50:42  PAGE 3   

  123   2              // delay_ms(255);
  124   2              // pwm_duty(PWMA_CH1P_P60, 5000);
  125   2              // pwm_duty(PWMA_CH2P_P62, 5000);
  126   2              // pwm_duty(PWMA_CH3P_P64, 5000);
  127   2              // pwm_duty(PWMA_CH4P_P66, 5000);
  128   2              // delay_ms(255);
  129   2              // wheels_all_stop();
  130   2              // delay_ms(255);
  131   2          }
  132   1      }
  133          
  134          
  135          /********************************************************************************************************
             -*************
  136           * COPYRIGHT NOTICE
  137           * Copyright (c) 2020,逐飞科技
  138           * All rights reserved.
  139           * 技术讨论QQ群：一群：179029047(已满)  二群：244861897(已满)  三群：824575535
  140           *
  141           * 以下所有内容版权均属逐飞科技所有，未经允许不得用于商业用途，
  142           * 欢迎各位使用并传播本程序，修改内容时必须保留逐飞科技的版权声明。
  143           *
  144           * @file          main
  145           * @company       成都逐飞科技有限公司
  146           * @author        逐飞科技(QQ790875685)
  147           * @version       查看doc内version文件 版本说明
  148           * @Software    MDK FOR C251 V5.60
  149           * @Target core   STC32G12K128
  150           * @Taobao      https://seekfree.taobao.com/
  151           * @date          2020-12-18
  152           ********************************************************************************************************
             -************/


Module Information          Static   Overlayable
------------------------------------------------
  code size            =       205     ------
  ecode size           =    ------     ------
  data size            =    ------     ------
  idata size           =    ------     ------
  pdata size           =    ------     ------
  xdata size           =    ------     ------
  xdata-const size     =    ------     ------
  edata size           =    ------     ------
  bit size             =    ------     ------
  ebit size            =    ------     ------
  bitaddressable size  =    ------     ------
  ebitaddressable size =    ------     ------
  far data size        =    ------     ------
  huge data size       =    ------     ------
  const size           =    ------     ------
  hconst size          =    ------     ------
End of Module Information.


C251 COMPILATION COMPLETE.  0 WARNING(S),  0 ERROR(S)
