C251 COMPILER V5.60.0,  uart                                                               10/04/24  16:32:54  PAGE 1   


C251 COMPILER V5.60.0, COMPILATION OF MODULE uart
OBJECT MODULE PLACED IN .\Out_File\uart.obj
COMPILER INVOKED BY: C:\Keil_v5\C251\BIN\C251.EXE Project\USER\src\uart.c XSMALL INTR2 WARNINGLEVEL(3) OPTIMIZE(0,SPEED)
                    - BROWSE INCDIR(Libraries\libraries;Libraries\seekfree_libraries;Libraries\seekfree_peripheral;Project\CODE;Project\USER\
                    -inc;Project\USER\src;Libraries\seekfree_components) DEBUG PRINT(.\Out_File\uart.lst) TABS(2) OBJECT(.\Out_File\uart.obj)
                    - 

stmt  level    source

    1          #include <STC32G.h>
    2          #include <STDIO.H>
    3          #include <INTRINS.H>
    4          #include "uart.h"
    5          #include "laser_ranging.h"
    6          
    7          unsigned char uart1_tx_counter, uart2_tx_counter, uart3_tx_counter, uart4_tx_counter;   // å‘é€è®¡æ•°
    8          unsigned char uart1_rx_counter, uart2_rx_counter, uart3_rx_counter, uart4_rx_counter;   // æ¥æ”¶è®¡æ•°
    9          bit           uart1_tx_busy, uart2_tx_busy, uart3_tx_busy, uart4_tx_busy;               // å‘é€å¿™æ ‡å¿
             -—
   10          unsigned char uart1_rx_buffer[UART1_BUF_LENGTH];                                        // æ¥æ”¶ç¼“å†²
   11          unsigned char uart2_rx_buffer[UART2_BUF_LENGTH];                                        // æ¥æ”¶ç¼“å†²
   12          unsigned char uart3_rx_buffer[UART3_BUF_LENGTH];                                        // æ¥æ”¶ç¼“å†²
   13          unsigned char uart4_rx_buffer[UART4_BUF_LENGTH];                                        // æ¥æ”¶ç¼“å†²
   14          
   15          void uart_port_init(void)
   16          {
   17   1        P_SW1 |= 0xc0;            //UART1/USART1: RxD(P4.3), TxD(P4.4)
   18   1        P_SW2 |= 0x01;            //UART2/USART2: RxD2(P4.6), TxD2(P4.7)
   19   1      }
   20          
   21          }
*** ERROR C25 IN LINE 21 OF Project\USER\src\uart.c: syntax error near '}'
   22          
   23          void uart_initialize(unsigned char uart_num)
   24          {
   25   1          switch(uart_num)
   26   1          {
   27   2              case 1:
   28   2                SCON = 0x50;    // 8ä½æ•°æ®,å¯å˜æ³¢ç‰¹ç‡
   29   2                  AUXR |= 0x01;   // ä¸²å£1é€‰æ‹©å®šæ—¶å™¨2ä¸ºæ³¢ç‰¹ç‡å‘ç”Ÿå™¨
   30   2                  AUXR |= 0x04;   // å®šæ—¶å™¨æ—¶é’Ÿ1Tæ¨¡å¼
   31   2                  T2L = 0xA0;     // è®¾ç½®å®šæ—¶åˆå§‹å€¼
   32   2                  T2H = 0xFC;     // è®¾ç½®å®šæ—¶åˆå§‹å€¼
   33   2                  AUXR |= 0x10;   // å®šæ—¶å™¨2å¼€å§‹è®¡æ—¶
   34   2                  ES = 1;       // ä½¿èƒ½ä¸²å£1ä¸­æ–­
   35   2                  break;
   36   2      
   37   2              case 2:
   38   2                S2CON = 0x50;   // 8ä½æ•°æ®,å¯å˜æ³¢ç‰¹ç‡
   39   2                  AUXR |= 0x04;   // å®šæ—¶å™¨æ—¶é’Ÿ1Tæ¨¡å¼
   40   2                  T2L = 0xA0;     // è®¾ç½®å®šæ—¶åˆå§‹å€¼
   41   2                  T2H = 0xFC;     // è®¾ç½®å®šæ—¶åˆå§‹å€¼
   42   2                  AUXR |= 0x10;   // å®šæ—¶å™¨2å¼€å§‹è®¡æ—¶
   43   2                  IE2 |= 0x01;    // ä½¿èƒ½ä¸²å£2ä¸­æ–­
   44   2                  break;
   45   2      
   46   2              default:
   47   2                  break;
   48   2          }
   49   1      }
   50          
   51          void uart_sendstring(unsigned char uart_num, unsigned char *puts)
   52          {
   53   1          switch(uart_num)
   54   1          {
C251 COMPILER V5.60.0,  uart                                                               10/04/24  16:32:54  PAGE 2   

   55   2              case 1:
   56   2                  for (; *puts != 0;  puts++)                     // é‡åˆ°åœæ­¢ç¬¦0ç»“æŸ
   57   2                  {
   58   3                      SBUF = *puts;
   59   3                      uart1_tx_busy = 1;
   60   3                      while(uart1_tx_busy);
   61   3                  }
   62   2                  break;
   63   2              case 2:
   64   2                  for (; *puts != 0;  puts++)                     // é‡åˆ°åœæ­¢ç¬¦0ç»“æŸ
   65   2                  {
   66   3                      S2BUF = *puts;
   67   3                      uart2_tx_busy = 1;
   68   3                      while(uart2_tx_busy);
   69   3                  }
   70   2                  break;
   71   2              case 3:
   72   2                  for (; *puts != 0;  puts++)                     // é‡åˆ°åœæ­¢ç¬¦0ç»“æŸ
   73   2                  {
   74   3                      S3BUF = *puts;
   75   3                      uart3_tx_busy = 1;
   76   3                      while(uart3_tx_busy);
   77   3                  }
   78   2                  break;
   79   2              case 4:
   80   2                  for (; *puts != 0;  puts++)                     // é‡åˆ°åœæ­¢ç¬¦0ç»“æŸ
   81   2                  {
   82   3                      S4BUF = *puts;
   83   3                      uart4_tx_busy = 1;
   84   3                      while(uart4_tx_busy);
   85   3                  }
   86   2                  break;
   87   2              default:
   88   2                  break;
   89   2          }
   90   1      }
   91          
   92          void uart_sendcmd(unsigned char uart_num, unsigned char *bytes, unsigned char length)
   93          {
   94   1          unsigned char i;
   95   1          switch(uart_num)
   96   1          {
   97   2              case 1:
   98   2                  for (i = 0; i < length; i++)
   99   2                  {
  100   3                      SBUF = bytes[i];
  101   3                      uart1_tx_busy = 1;
  102   3                      while(uart1_tx_busy);
  103   3                  }
  104   2              case 2:
  105   2                  for (i = 0; i < length; i++)
  106   2                  {
  107   3                      S2BUF = bytes[i];
  108   3                      uart2_tx_busy = 1;
  109   3                      while(uart2_tx_busy);
  110   3                  }
  111   2              case 3:
  112   2                  for (i = 0; i < length; i++)
  113   2                  {
  114   3                      S3BUF = bytes[i];
  115   3                      uart3_tx_busy = 1;
  116   3                      while(uart3_tx_busy);
  117   3                  }
  118   2              case 4:
  119   2                  for (i = 0; i < length; i++)
  120   2                  {
C251 COMPILER V5.60.0,  uart                                                               10/04/24  16:32:54  PAGE 3   

  121   3                      S4BUF = bytes[i];
  122   3                      uart4_tx_busy = 1;
  123   3                      while(uart4_tx_busy);
  124   3                  }
  125   2              default:
  126   2                  break;
  127   2          }
  128   1      }
  129          
  130          void uart1_isr(void) interrupt 4
  131          {
  132   1        if (TI)
  133   1        {
  134   2          TI = 0;
  135   2              uart1_tx_busy = 0;
  136   2        }
  137   1        if (RI)
  138   1        {
  139   2          RI = 0;
  140   2              uart1_rx_buffer[uart1_rx_counter++] = SBUF;
  141   2              if(uart1_rx_counter >= UART1_BUF_LENGTH) uart1_rx_counter = 0;    // é˜²æ­¢è¶Šç•Œ
  142   2      
  143   2              // ä»¥ä¸Šä¸ºæ™®é€šä¸²å£ä¸­æ–­ä»£ç ï¼Œä»¥ä¸‹æ˜¯ä¸ºæ¿€å…‰æµ‹è·ä»ªè®¾è®¡çš„å¤„ç†ä»£ç 
  144   2              laser_ranging_irqhandler('x');
  145   2          }
  146   1      }
  147          
  148          
  149          void uart2_isr(void) interrupt 8                                            // ä¸²å£2çš„ä¸­æ–­å‡½æ•°
  150          {
  151   1        if (S2CON & 0x02)                                                     // æ£€æµ‹ä¸²å£2å‘é€ä¸­æ–­
  152   1        {
  153   2          S2CON &= ~0x02;                                                   // æ¸…é™¤ä¸²å£2å‘é€ä¸­æ–­è¯·æ±‚ä½
  154   2              uart2_tx_busy = 0;                                                  // å‘é€ç©ºé—²æ ‡å¿—ä½
  155   2        }
  156   1        if (S2CON & 0x01)                                                     // æ£€æµ‹ä¸²å£2æ¥æ”¶ä¸­æ–­
  157   1        {
  158   2          S2CON &= ~0x01;                                                     // æ¸…é™¤ä¸²å£2æ¥æ”¶ä¸­æ–­è¯·æ±‚ä
             -½
  159   2              uart2_rx_buffer[uart2_rx_counter] = S2BUF;                          // æ¥æ”¶æ•°æ®å­˜å…¥ç¼“å†²åŒ
             -º
  160   2              if(++uart2_rx_counter >= UART2_BUF_LENGTH) uart2_rx_counter = 0;    // ç¼“å†²åŒºæ»¡, å¾ªç¯
  161   2        }
  162   1      }
  163          
  164          void uart3_isr(void) interrupt 17                                           // ä¸²å£3çš„ä¸­æ–­å‡½æ•°
  165          {
  166   1        if (S3CON & 0x02)                                                     // æ£€æµ‹ä¸²å£3å‘é€ä¸­æ–­
  167   1        {
  168   2          S3CON &= ~0x02;                                                     // æ¸…é™¤ä¸²å£3å‘é€ä¸­æ–­è¯·æ±‚ä
             -½
  169   2              uart3_tx_busy = 0;                                                  // å‘é€ç©ºé—²æ ‡å¿—ä½
  170   2        }
  171   1        if (S3CON & 0x01)                                                     // æ£€æµ‹ä¸²å£3æ¥æ”¶ä¸­æ–­
  172   1        {
  173   2          S3CON &= ~0x01;                                                     // æ¸…é™¤ä¸²å£3æ¥æ”¶ä¸­æ–­è¯·æ±‚ä
             -½
  174   2              uart3_rx_buffer[uart3_rx_counter] = S3BUF;                          // æ¥æ”¶æ•°æ®å­˜å…¥ç¼“å†²åŒ
             -º
  175   2              if(++uart3_rx_counter >= UART3_BUF_LENGTH) uart3_rx_counter = 0;    // ç¼“å†²åŒºæ»¡, å¾ªç¯
  176   2        }
  177   1      }
  178          
  179          void uart4_isr(void) interrupt 18                                           // ä¸²å£4çš„ä¸­æ–­å‡½æ•°
  180          {
  181   1        if (S4CON & 0x02)                                                     // æ£€æµ‹ä¸²å£4å‘é€ä¸­æ–­
C251 COMPILER V5.60.0,  uart                                                               10/04/24  16:32:54  PAGE 4   

  182   1        {
  183   2          S4CON &= ~0x02;                                                     // æ¸…é™¤ä¸²å£4å‘é€ä¸­æ–­è¯·æ±‚ä
             -½
  184   2              uart4_tx_busy = 0;                                                  // å‘é€ç©ºé—²æ ‡å¿—ä½
  185   2        }
  186   1        if (S4CON & 0x01)                                                     // æ£€æµ‹ä¸²å£4æ¥æ”¶ä¸­æ–­
  187   1        {
  188   2          S4CON &= ~0x01;                                                     // æ¸…é™¤ä¸²å£4æ¥æ”¶ä¸­æ–­è¯·æ±‚ä
             -½
  189   2              uart4_rx_buffer[uart4_rx_counter] = S4BUF;                          // æ¥æ”¶æ•°æ®å­˜å…¥ç¼“å†²åŒ
             -º
  190   2              if(++uart4_rx_counter >= UART4_BUF_LENGTH) uart4_rx_counter = 0;    // ç¼“å†²åŒºæ»¡, å¾ªç¯
  191   2        }
  192   1      }
  193          
  194          void uart_running(unsigned char uart_num)
  195          {
  196   1          switch(uart_num)
  197   1          {
  198   2              case 1:
  199   2                  if((uart1_tx_counter != uart1_rx_counter) && (!uart1_tx_busy))          // æ”¶åˆ°æ•°æ®, å‘é
             -€ç©ºé—²
  200   2                  {
  201   3                      SBUF = uart1_rx_buffer[uart1_tx_counter];                           // å‘é€æ•°æ®
  202   3                      uart1_tx_busy = 1;                                                  // æ ‡è®°å¿™
  203   3                      if(++uart1_tx_counter >= UART1_BUF_LENGTH) uart1_tx_counter = 0;    // å¾ªç¯
  204   3                  }
  205   2                  break;
  206   2              case 2:
  207   2                  if((uart2_tx_counter != uart2_rx_counter) && (!uart2_tx_busy))          // æ”¶åˆ°æ•°æ®, å‘é
             -€ç©ºé—²
  208   2                  {
  209   3                      S2BUF = uart2_rx_buffer[uart2_tx_counter];                          // å‘é€æ•°æ®
  210   3                      uart2_tx_busy = 1;                                                  // æ ‡è®°å¿™
  211   3                      if(++uart2_tx_counter >= UART2_BUF_LENGTH) uart2_tx_counter = 0;    // å¾ªç¯
  212   3                  }
  213   2                  break;
  214   2              case 3:
  215   2                  if((uart3_tx_counter != uart3_rx_counter) && (!uart3_tx_busy))          // æ”¶åˆ°æ•°æ®, å‘é
             -€ç©ºé—²
  216   2                  {
  217   3                      S3BUF = uart3_rx_buffer[uart3_tx_counter];                          // å‘é€æ•°æ®
  218   3                      uart3_tx_busy = 1;                                                  // æ ‡è®°å¿™
  219   3                      if(++uart3_tx_counter >= UART3_BUF_LENGTH) uart3_tx_counter = 0;    // å¾ªç¯
  220   3                  }
  221   2                  break;
  222   2              case 4:
  223   2                  if((uart4_tx_counter != uart4_rx_counter) && (!uart4_tx_busy))          // æ”¶åˆ°æ•°æ®, å‘é
             -€ç©ºé—²
  224   2                  {
  225   3                      S4BUF = uart4_rx_buffer[uart4_tx_counter];                          // å‘é€æ•°æ®
  226   3                      uart4_tx_busy = 1;                                                  // æ ‡è®°å¿™
  227   3                      if(++uart4_tx_counter >= UART4_BUF_LENGTH) uart4_tx_counter = 0;    // å¾ªç¯
  228   3                  }
  229   2                  break;
  230   2              default:
  231   2                  break;
  232   2          }
  233   1      }

C251 COMPILATION COMPLETE.  0 WARNING(S),  1 ERROR(S)
