C251 COMPILER V5.60.0,  uart                                                               15/04/24  21:17:01  PAGE 1   


C251 COMPILER V5.60.0, COMPILATION OF MODULE uart
OBJECT MODULE PLACED IN .\Out_File\uart.obj
COMPILER INVOKED BY: C:\Keil_v5\C251\BIN\C251.EXE Project\CODE\uart.c XSMALL INTR2 WARNINGLEVEL(3) OPTIMIZE(0,SPEED) BRO
                    -WSE INCDIR(Libraries\libraries;Libraries\seekfree_libraries;Libraries\seekfree_peripheral;Project\CODE;Project\USER\inc;
                    -Project\USER\src;Libraries\seekfree_components) DEBUG PRINT(.\Out_File\uart.lst) TABS(2) OBJECT(.\Out_File\uart.obj) 

stmt  level    source

    1          #include "headfile.h"
    2          #include "uart.h"
    3          #include "laser_ranging.h"
    4          #include "qmc5883.h"
    5          
    6          unsigned char uart1_tx_counter, uart2_tx_counter, uart3_tx_counter, uart4_tx_counter;   // å‘é€è®¡æ•°
    7          unsigned char uart1_rx_counter, uart2_rx_counter, uart3_rx_counter, uart4_rx_counter;   // æ¥æ”¶è®¡æ•°
    8          bit           uart1_tx_busy, uart2_tx_busy, uart3_tx_busy, uart4_tx_busy;               // å‘é€å¿™æ ‡å¿
             -—
    9          unsigned char uart1_rx_buffer[UART1_BUF_LENGTH];                                        // æ¥æ”¶ç¼“å†²
   10          unsigned char uart2_rx_buffer[UART2_BUF_LENGTH];                                        // æ¥æ”¶ç¼“å†²
   11          unsigned char uart3_rx_buffer[UART3_BUF_LENGTH];                                        // æ¥æ”¶ç¼“å†²
   12          unsigned char uart4_rx_buffer[UART4_BUF_LENGTH];                                        // æ¥æ”¶ç¼“å†²
   13          bit           uart1_cr, uart2_cr, uart3_cr, uart4_cr;                                   // å›è½¦æ ‡å¿—
   14          bit           uart1_lf, uart2_lf, uart3_lf, uart4_lf;                                   // æ¢è¡Œæ ‡å¿—
   15          
   16          void uart_port_init(void)
   17          {
   18   1        P_SW1 |= 0xc0;            //UART1/USART1: RxD(P4.3), TxD(P4.4)
   19   1        P_SW2 |= 0x01;            //UART2/USART2: RxD2(P4.6), TxD2(P4.7)
   20   1      }
   21          
   22          void uart_initialize(unsigned char uart_num)
   23          {
   24   1          switch(uart_num)
   25   1          {
   26   2              case 1:
   27   2                SCON = 0x50;    // 8ä½æ•°æ®,å¯å˜æ³¢ç‰¹ç‡
   28   2                  AUXR |= 0x01;   // ä¸²å£1é€‰æ‹©å®šæ—¶å™¨2ä¸ºæ³¢ç‰¹ç‡å‘ç”Ÿå™¨
   29   2                  AUXR |= 0x04;   // å®šæ—¶å™¨æ—¶é’Ÿ1Tæ¨¡å¼
   30   2                  T2L = 0xA0;     // è®¾ç½®å®šæ—¶åˆå§‹å€¼
   31   2                  T2H = 0xFC;     // è®¾ç½®å®šæ—¶åˆå§‹å€¼
   32   2                  AUXR |= 0x10;   // å®šæ—¶å™¨2å¼€å§‹è®¡æ—¶
   33   2                  ES = 1;       // ä½¿èƒ½ä¸²å£1ä¸­æ–­
   34   2                  break;
   35   2      
   36   2              case 2:
   37   2                S2CON = 0x50;   // 8ä½æ•°æ®,å¯å˜æ³¢ç‰¹ç‡
   38   2                  AUXR |= 0x04;   // å®šæ—¶å™¨æ—¶é’Ÿ1Tæ¨¡å¼
   39   2                  T2L = 0xA0;     // è®¾ç½®å®šæ—¶åˆå§‹å€¼
   40   2                  T2H = 0xFC;     // è®¾ç½®å®šæ—¶åˆå§‹å€¼
   41   2                  AUXR |= 0x10;   // å®šæ—¶å™¨2å¼€å§‹è®¡æ—¶
   42   2                  IE2 |= 0x01;    // ä½¿èƒ½ä¸²å£2ä¸­æ–­
   43   2                  break;
   44   2      
   45   2              default:
   46   2                  break;
   47   2          }
   48   1      }
   49          
   50          void uart_sendstring(unsigned char uart_num, unsigned char *puts)
   51          {
   52   1          switch(uart_num)
   53   1          {
   54   2              case 1:
   55   2                  for (; *puts != 0;  puts++)                     // é‡åˆ°åœæ­¢ç¬¦0ç»“æŸ
   56   2                  {
C251 COMPILER V5.60.0,  uart                                                               15/04/24  21:17:01  PAGE 2   

   57   3                      SBUF = *puts;
   58   3                      uart1_tx_busy = 1;
   59   3                      while(uart1_tx_busy);
   60   3                  }
   61   2                  break;
   62   2              case 2:
   63   2                  for (; *puts != 0;  puts++)                     // é‡åˆ°åœæ­¢ç¬¦0ç»“æŸ
   64   2                  {
   65   3                      S2BUF = *puts;
   66   3                      uart2_tx_busy = 1;
   67   3                      while(uart2_tx_busy);
   68   3                  }
   69   2                  break;
   70   2              case 3:
   71   2                  for (; *puts != 0;  puts++)                     // é‡åˆ°åœæ­¢ç¬¦0ç»“æŸ
   72   2                  {
   73   3                      S3BUF = *puts;
   74   3                      uart3_tx_busy = 1;
   75   3                      while(uart3_tx_busy);
   76   3                  }
   77   2                  break;
   78   2              case 4:
   79   2                  for (; *puts != 0;  puts++)                     // é‡åˆ°åœæ­¢ç¬¦0ç»“æŸ
   80   2                  {
   81   3                      S4BUF = *puts;
   82   3                      uart4_tx_busy = 1;
   83   3                      while(uart4_tx_busy);
   84   3                  }
   85   2                  break;
   86   2              default:
   87   2                  break;
   88   2          }
   89   1      }
   90          
   91          void uart_sendcmd(unsigned char uart_num, unsigned char *bytes, unsigned char length)
   92          {
   93   1          unsigned char i;
   94   1          switch(uart_num)
   95   1          {
   96   2              case 1:
   97   2                  for (i = 0; i < length; i++)
   98   2                  {
   99   3                      SBUF = bytes[i];
  100   3                      uart1_tx_busy = 1;
  101   3                      while(uart1_tx_busy);
  102   3                  }
  103   2                  break;
  104   2              case 2:
  105   2                  for (i = 0; i < length; i++)
  106   2                  {
  107   3                      S2BUF = bytes[i];
  108   3                      uart2_tx_busy = 1;
  109   3                      while(uart2_tx_busy);
  110   3                  }
  111   2                  break;
  112   2              case 3:
  113   2                  for (i = 0; i < length; i++)
  114   2                  {
  115   3                      S3BUF = bytes[i];
  116   3                      uart3_tx_busy = 1;
  117   3                      while(uart3_tx_busy);
  118   3                  }
  119   2                  break;
  120   2              case 4:
  121   2                  for (i = 0; i < length; i++)
  122   2                  {
C251 COMPILER V5.60.0,  uart                                                               15/04/24  21:17:01  PAGE 3   

  123   3                      S4BUF = bytes[i];
  124   3                      uart4_tx_busy = 1;
  125   3                      while(uart4_tx_busy);
  126   3                  }
  127   2                  break;
  128   2              default:
  129   2                  break;
  130   2          }
  131   1      }
  132          
  133          void uart1_isr(void) interrupt 4
  134          {
  135   1        if (TI)
  136   1        {
  137   2          TI = 0;
  138   2              uart1_tx_busy = 0;
  139   2        }
  140   1        if (RI)
  141   1        {
  142   2          RI = 0;
  143   2              uart1_rx_buffer[uart1_rx_counter++] = SBUF;
  144   2              if(uart1_rx_counter >= UART1_BUF_LENGTH) uart1_rx_counter = 0;    // é˜²æ­¢è¶Šç•Œ
  145   2      
  146   2              // ä»¥ä¸Šä¸ºæ™®é€šä¸²å£ä¸­æ–­ä»£ç ï¼Œä»¥ä¸‹æ˜¯ä¸ºæ¿€å…‰æµ‹è·ä»ªè®¾è®¡çš„å¤„ç†ä»£ç 
  147   2              laser_ranging_irqhandler('x');
  148   2          }
  149   1      }
  150          
  151          
  152          void uart2_isr(void) interrupt 8                                            // ä¸²å£2çš„ä¸­æ–­å‡½æ•°
  153          {
  154   1        if (S2CON & 0x02)                                                     // æ£€æµ‹ä¸²å£2å‘é€ä¸­æ–­
  155   1        {
  156   2          S2CON &= ~0x02;                                                   // æ¸…é™¤ä¸²å£2å‘é€ä¸­æ–­è¯·æ±‚ä½
  157   2              uart2_tx_busy = 0;                                                  // å‘é€ç©ºé—²æ ‡å¿—ä½
  158   2        }
  159   1        if (S2CON & 0x01)                                                     // æ£€æµ‹ä¸²å£2æ¥æ”¶ä¸­æ–­
  160   1        {
  161   2          S2CON &= ~0x01;                                                     // æ¸…é™¤ä¸²å£2æ¥æ”¶ä¸­æ–­è¯·æ±‚ä
             -½
  162   2              uart2_rx_buffer[uart2_rx_counter] = S2BUF;                          // æ¥æ”¶æ•°æ®å­˜å…¥ç¼“å†²åŒ
             -º
  163   2              if(++uart2_rx_counter >= UART2_BUF_LENGTH) uart2_rx_counter = 0;    // ç¼“å†²åŒºæ»¡, å¾ªç¯
  164   2      
  165   2              // ä»¥ä¸Šä¸ºæ™®é€šä¸²å£ä¸­æ–­ä»£ç ï¼Œä»¥ä¸‹æ˜¯ä¸ºæ¿€å…‰æµ‹è·ä»ªè®¾è®¡çš„å¤„ç†ä»£ç 
  166   2              laser_ranging_irqhandler('y');
  167   2        }
  168   1      }
  169          
  170          void uart3_isr(void) interrupt 17                                           // ä¸²å£3çš„ä¸­æ–­å‡½æ•°
  171          {
  172   1        if (S3CON & 0x02)                                                     // æ£€æµ‹ä¸²å£3å‘é€ä¸­æ–­
  173   1        {
  174   2          S3CON &= ~0x02;                                                     // æ¸…é™¤ä¸²å£3å‘é€ä¸­æ–­è¯·æ±‚ä
             -½
  175   2              uart3_tx_busy = 0;                                                  // å‘é€ç©ºé—²æ ‡å¿—ä½
  176   2        }
  177   1        if (S3CON & 0x01)                                                     // æ£€æµ‹ä¸²å£3æ¥æ”¶ä¸­æ–­
  178   1        {
  179   2          S3CON &= ~0x01;                                                     // æ¸…é™¤ä¸²å£3æ¥æ”¶ä¸­æ–­è¯·æ±‚ä
             -½
  180   2              uart3_rx_buffer[uart3_rx_counter] = S3BUF;                          // æ¥æ”¶æ•°æ®å­˜å…¥ç¼“å†²åŒ
             -º
  181   2      
  182   2              // å…¶ä»–ä¸ºæ™®é€šä¸²å£ä¸­æ–­ä»£ç ï¼Œä»¥ä¸‹æ˜¯ä¸ºQMC5883ç£åŠ›ä¼ æ„Ÿå™¨è®¾è®¡çš„å¤„ç†ä»£ç 
  183   2              if((uart3_rx_buffer[uart3_rx_counter - 1] == 0x0D) && (uart3_rx_buffer[uart3_rx_counter] == 0x0A)
C251 COMPILER V5.60.0,  uart                                                               15/04/24  21:17:01  PAGE 4   

             -)
  184   2              {
  185   3                  // å¦‚æœæ¥æ”¶åˆ°'\r\n'å­—ç¬¦ä»£è¡¨ä¸€è¡Œæ•°æ®æ¥æ”¶å®Œæˆï¼Œåˆ™å°†ç¼“å­˜å…¨éƒ¨ä¿å­˜å¹¶æ¸…
             -ç©ºç¼“å­˜åŒº
  186   3                  memcpy(qmc5883_data, uart3_rx_buffer, sizeof(uart3_rx_buffer));     // ä¿å­˜æ•°æ®
  187   3                  uart3_rx_counter = 0;                                               // æ¸…ç©ºç¼“å­˜åŒº
  188   3                  qmc5883_data_parse(qmc5883_data);                                   // è§£ææ•°æ®
  189   3                  // oled_p6x8str_spi(5*6, 2, qmc5883_char_magx);
  190   3                  // oled_p6x8str_spi(5*6, 3, qmc5883_char_magy);
  191   3                  // oled_p6x8str_spi(5*6, 4, qmc5883_char_magz);
  192   3                  // oled_p6x8str_spi(4*6, 5, qmc5883_char_yaw);
  193   3                  oled_printf_int32_spi(5*6, 2, qmc5883_magx, 10);
  194   3                  oled_printf_int32_spi(5*6, 3, qmc5883_magy, 10);
  195   3                  oled_printf_int32_spi(5*6, 4, qmc5883_magz, 10);
  196   3                  oled_printf_float_spi(4*6, 5, qmc5883_yaw, 4, 2);
  197   3              }
  198   2              // ä¸“ç”¨ä»£ç ç»“æŸ
  199   2      
  200   2              if(++uart3_rx_counter >= UART3_BUF_LENGTH) uart3_rx_counter = 0;    // ç¼“å†²åŒºæ»¡, å¾ªç¯
  201   2      
  202   2      
  203   2        }
  204   1      }
  205          
  206          void uart4_isr(void) interrupt 18                                           // ä¸²å£4çš„ä¸­æ–­å‡½æ•°
  207          {
  208   1        if (S4CON & 0x02)                                                     // æ£€æµ‹ä¸²å£4å‘é€ä¸­æ–­
  209   1        {
  210   2          S4CON &= ~0x02;                                                     // æ¸…é™¤ä¸²å£4å‘é€ä¸­æ–­è¯·æ±‚ä
             -½
  211   2              uart4_tx_busy = 0;                                                  // å‘é€ç©ºé—²æ ‡å¿—ä½
  212   2        }
  213   1        if (S4CON & 0x01)                                                     // æ£€æµ‹ä¸²å£4æ¥æ”¶ä¸­æ–­
  214   1        {
  215   2          S4CON &= ~0x01;                                                     // æ¸…é™¤ä¸²å£4æ¥æ”¶ä¸­æ–­è¯·æ±‚ä
             -½
  216   2              uart4_rx_buffer[uart4_rx_counter] = S4BUF;                          // æ¥æ”¶æ•°æ®å­˜å…¥ç¼“å†²åŒ
             -º
  217   2              if(++uart4_rx_counter >= UART4_BUF_LENGTH) uart4_rx_counter = 0;    // ç¼“å†²åŒºæ»¡, å¾ªç¯
  218   2        }
  219   1      }
  220          
  221          void uart_running(unsigned char uart_num)
  222          {
  223   1          switch(uart_num)
  224   1          {
  225   2              case 1:
  226   2                  if((uart1_tx_counter != uart1_rx_counter) && (!uart1_tx_busy))          // æ”¶åˆ°æ•°æ®, å‘é
             -€ç©ºé—²
  227   2                  {
  228   3                      SBUF = uart1_rx_buffer[uart1_tx_counter];                           // å‘é€æ•°æ®
  229   3                      uart1_tx_busy = 1;                                                  // æ ‡è®°å¿™
  230   3                      if(++uart1_tx_counter >= UART1_BUF_LENGTH) uart1_tx_counter = 0;    // å¾ªç¯
  231   3                  }
  232   2                  break;
  233   2              case 2:
  234   2                  if((uart2_tx_counter != uart2_rx_counter) && (!uart2_tx_busy))          // æ”¶åˆ°æ•°æ®, å‘é
             -€ç©ºé—²
  235   2                  {
  236   3                      S2BUF = uart2_rx_buffer[uart2_tx_counter];                          // å‘é€æ•°æ®
  237   3                      uart2_tx_busy = 1;                                                  // æ ‡è®°å¿™
  238   3                      if(++uart2_tx_counter >= UART2_BUF_LENGTH) uart2_tx_counter = 0;    // å¾ªç¯
  239   3                  }
  240   2                  break;
  241   2              case 3:
  242   2                  if((uart3_tx_counter != uart3_rx_counter) && (!uart3_tx_busy))          // æ”¶åˆ°æ•°æ®, å‘é
C251 COMPILER V5.60.0,  uart                                                               15/04/24  21:17:01  PAGE 5   

             -€ç©ºé—²
  243   2                  {
  244   3                      S3BUF = uart3_rx_buffer[uart3_tx_counter];                          // å‘é€æ•°æ®
  245   3                      uart3_tx_busy = 1;                                                  // æ ‡è®°å¿™
  246   3                      if(++uart3_tx_counter >= UART3_BUF_LENGTH) uart3_tx_counter = 0;    // å¾ªç¯
  247   3                  }
  248   2                  break;
  249   2              case 4:
  250   2                  if((uart4_tx_counter != uart4_rx_counter) && (!uart4_tx_busy))          // æ”¶åˆ°æ•°æ®, å‘é
             -€ç©ºé—²
  251   2                  {
  252   3                      S4BUF = uart4_rx_buffer[uart4_tx_counter];                          // å‘é€æ•°æ®
  253   3                      uart4_tx_busy = 1;                                                  // æ ‡è®°å¿™
  254   3                      if(++uart4_tx_counter >= UART4_BUF_LENGTH) uart4_tx_counter = 0;    // å¾ªç¯
  255   3                  }
  256   2                  break;
  257   2              default:
  258   2                  break;
  259   2          }
  260   1      }


Module Information          Static   Overlayable
------------------------------------------------
  code size            =      1379     ------
  ecode size           =    ------     ------
  data size            =    ------     ------
  idata size           =    ------     ------
  pdata size           =    ------     ------
  xdata size           =    ------     ------
  xdata-const size     =    ------     ------
  edata size           =       134     ------
  bit size             =        12     ------
  ebit size            =    ------     ------
  bitaddressable size  =    ------     ------
  ebitaddressable size =    ------     ------
  far data size        =    ------     ------
  huge data size       =    ------     ------
  const size           =    ------     ------
  hconst size          =    ------     ------
End of Module Information.


C251 COMPILATION COMPLETE.  0 WARNING(S),  0 ERROR(S)
